#
# There is insufficient memory for the Java Runtime Environment to continue.
# Native memory allocation (malloc) failed to allocate 340816 bytes for Chunk::new
# Possible reasons:
#   The system is out of physical RAM or swap space
#   The process is running with CompressedOops enabled, and the Java Heap may be blocking the growth of the native heap
# Possible solutions:
#   Reduce memory load on the system
#   Increase physical memory or swap space
#   Check if swap backing store is full
#   Decrease Java heap size (-Xmx/-Xms)
#   Decrease number of Java threads
#   Decrease Java thread stack sizes (-Xss)
#   Set larger code cache with -XX:ReservedCodeCacheSize=
#   JVM is running with Unscaled Compressed Oops mode in which the Java heap is
#     placed in the first 4GB address space. The Java Heap base address is the
#     maximum limit for the native heap growth. Please use -XX:HeapBaseMinAddress
#     to set the Java Heap base and to place the Java Heap above 4GB virtual address.
# This output file may be truncated or incomplete.
#
#  Out of Memory Error (allocation.cpp:389), pid=16356, tid=0x0000000000002bf0
#
# JRE version: OpenJDK Runtime Environment (8.0_242-b01) (build 1.8.0_242-release-1644-b01)
# Java VM: OpenJDK 64-Bit Server VM (25.242-b01 mixed mode windows-amd64 compressed oops)
# Failed to write core dump. Minidumps are not enabled by default on client versions of Windows
#

---------------  T H R E A D  ---------------

Current thread (0x0000000014dd1000):  JavaThread "C2 CompilerThread0" daemon [_thread_in_native, id=11248, stack(0x0000000016440000,0x0000000016540000)]

Stack: [0x0000000016440000,0x0000000016540000]
[error occurred during error reporting (printing stack bounds), id 0xc0000005]

Native frames: (J=compiled Java code, j=interpreted, Vv=VM code, C=native code)


Current CompileTask:
C2:   4171 1526   !   4       java.net.URLClassLoader$1::run (63 bytes)


---------------  P R O C E S S  ---------------

Java Threads: ( => current thread )
  0x0000000014ded000 JavaThread "Cache worker for journal cache (C:\Users\Admin\.gradle\caches\journal-1)" [_thread_blocked, id=11648, stack(0x000000001ab60000,0x000000001ac60000)]
  0x0000000014dec000 JavaThread "File lock request listener" [_thread_in_native, id=4464, stack(0x000000001aa60000,0x000000001ab60000)]
  0x0000000016ec5000 JavaThread "Cache worker for file hash cache (C:\Users\Admin\.gradle\caches\5.6.4\fileHashes)" [_thread_blocked, id=13776, stack(0x000000001a960000,0x000000001aa60000)]
  0x000000001881b800 JavaThread "Thread-9" [_thread_blocked, id=10892, stack(0x000000001a660000,0x000000001a760000)]
  0x0000000018818000 JavaThread "Stdin handler" [_thread_blocked, id=4436, stack(0x000000001a560000,0x000000001a660000)]
  0x0000000018815800 JavaThread "Asynchronous log dispatcher for DefaultDaemonConnection: socket connection from /127.0.0.1:51753 to /127.0.0.1:51754" [_thread_blocked, id=6852, stack(0x000000001a460000,0x000000001a560000)]
  0x0000000018812000 JavaThread "Daemon worker" [_thread_in_native, id=16892, stack(0x000000001a360000,0x000000001a460000)]
  0x0000000018809000 JavaThread "Cancel handler" [_thread_blocked, id=11664, stack(0x000000001a260000,0x000000001a360000)]
  0x00000000187df000 JavaThread "Handler for socket connection from /127.0.0.1:51753 to /127.0.0.1:51754" [_thread_in_native, id=10548, stack(0x0000000019f60000,0x000000001a060000)]
  0x00000000187db000 JavaThread "Daemon" [_thread_blocked, id=10104, stack(0x0000000019e60000,0x0000000019f60000)]
  0x00000000187cb800 JavaThread "Daemon periodic checks" [_thread_blocked, id=1272, stack(0x0000000019d60000,0x0000000019e60000)]
  0x0000000018766000 JavaThread "Incoming local TCP Connector on port 51753" [_thread_in_native, id=12312, stack(0x0000000019b20000,0x0000000019c20000)]
  0x00000000169c3800 JavaThread "Daemon health stats" [_thread_blocked, id=13580, stack(0x00000000194e0000,0x00000000195e0000)]
  0x0000000016778800 JavaThread "Service Thread" daemon [_thread_blocked, id=10204, stack(0x0000000016b40000,0x0000000016c40000)]
  0x0000000014deb800 JavaThread "C1 CompilerThread2" daemon [_thread_blocked, id=13568, stack(0x0000000016640000,0x0000000016740000)]
  0x0000000014de2000 JavaThread "C2 CompilerThread1" daemon [_thread_in_native, id=7120, stack(0x0000000016540000,0x0000000016640000)]
=>0x0000000014dd1000 JavaThread "C2 CompilerThread0" daemon [_thread_in_native, id=11248, stack(0x0000000016440000,0x0000000016540000)]
  0x0000000014dd6000 JavaThread "Attach Listener" daemon [_thread_blocked, id=10360, stack(0x0000000016340000,0x0000000016440000)]
  0x0000000014dd4800 JavaThread "Signal Dispatcher" daemon [_thread_blocked, id=4536, stack(0x0000000016240000,0x0000000016340000)]
  0x00000000026fb000 JavaThread "Finalizer" daemon [_thread_blocked, id=7332, stack(0x0000000016040000,0x0000000016140000)]
  0x0000000014db9000 JavaThread "Reference Handler" daemon [_thread_blocked, id=12408, stack(0x0000000015f40000,0x0000000016040000)]
  0x000000000258d800 JavaThread "main" [_thread_blocked, id=14220, stack(0x0000000002420000,0x0000000002520000)]

Other Threads:
  0x0000000014d96000 VMThread [stack: 0x0000000015e40000,0x0000000015f40000] [id=13876]
  0x0000000016779000 WatcherThread [stack: 0x0000000016c40000,0x0000000016d40000] [id=15548]

VM state:not at safepoint (normal execution)

VM Mutex/Monitor currently owned by a thread: None

heap address: 0x00000000c0000000, size: 1024 MB, Compressed Oops mode: 32-bit
Narrow klass base: 0x0000000000000000, Narrow klass shift: 3
Compressed class space size: 1073741824 Address: 0x0000000100000000

Heap:
 PSYoungGen      total 38400K, used 23641K [0x00000000eab00000, 0x00000000ed580000, 0x0000000100000000)
  eden space 33280K, 55% used [0x00000000eab00000,0x00000000ebd1e580,0x00000000ecb80000)
  from space 5120K, 99% used [0x00000000ed080000,0x00000000ed578040,0x00000000ed580000)
  to   space 5120K, 0% used [0x00000000ecb80000,0x00000000ecb80000,0x00000000ed080000)
 ParOldGen       total 87552K, used 3750K [0x00000000c0000000, 0x00000000c5580000, 0x00000000eab00000)
  object space 87552K, 4% used [0x00000000c0000000,0x00000000c03a9b00,0x00000000c5580000)
 Metaspace       used 16185K, capacity 16560K, committed 16896K, reserved 1062912K
  class space    used 2295K, capacity 2436K, committed 2560K, reserved 1048576K

Card table byte_map: [0x0000000011ac0000,0x0000000011cd0000] byte_map_base: 0x00000000114c0000

Marking Bits: (ParMarkBitMap*) 0x000000005388f030
 Begin Bits: [0x0000000012230000, 0x0000000013230000)
 End Bits:   [0x0000000013230000, 0x0000000014230000)

Polling page: 0x0000000000810000

CodeCache: size=245760Kb used=5529Kb max_used=5529Kb free=240230Kb
 bounds [0x0000000002700000, 0x0000000002c70000, 0x0000000011700000]
 total_blobs=2002 nmethods=1610 adapters=305
 compilation: enabled

Compilation events (10 events):
Event: 4.017 Thread 0x0000000014deb800 1614       3       org.gradle.internal.service.DefaultServiceRegistry$ManagedObjectServiceProvider::requiredBy (20 bytes)
Event: 4.018 Thread 0x0000000014deb800 nmethod 1614 0x0000000002c668d0 code [0x0000000002c66a60, 0x0000000002c66f88]
Event: 4.018 Thread 0x0000000014deb800 1615       3       org.gradle.internal.service.DefaultServiceRegistry$ManagedObjectServiceProvider::fromSameRegistry (27 bytes)
Event: 4.018 Thread 0x0000000014deb800 nmethod 1615 0x0000000002c670d0 code [0x0000000002c67240, 0x0000000002c67610]
Event: 4.145 Thread 0x0000000014deb800 1616       3       java.lang.String::lastIndexOf (151 bytes)
Event: 4.146 Thread 0x0000000014deb800 nmethod 1616 0x0000000002c676d0 code [0x0000000002c67880, 0x0000000002c67dd0]
Event: 4.155 Thread 0x0000000014deb800 1617       3       java.util.concurrent.locks.AbstractQueuedSynchronizer::release (33 bytes)
Event: 4.155 Thread 0x0000000014deb800 nmethod 1617 0x0000000002c68250 code [0x0000000002c683c0, 0x0000000002c686d8]
Event: 4.156 Thread 0x0000000014deb800 1618       1       com.google.common.collect.RegularImmutableList::size (5 bytes)
Event: 4.157 Thread 0x0000000014deb800 nmethod 1618 0x0000000002c687d0 code [0x0000000002c68920, 0x0000000002c68a30]

GC Heap History (8 events):
Event: 1.186 GC heap before
{Heap before GC invocations=1 (full 0):
 PSYoungGen      total 38400K, used 33280K [0x00000000eab00000, 0x00000000ed580000, 0x0000000100000000)
  eden space 33280K, 100% used [0x00000000eab00000,0x00000000ecb80000,0x00000000ecb80000)
  from space 5120K, 0% used [0x00000000ed080000,0x00000000ed080000,0x00000000ed580000)
  to   space 5120K, 0% used [0x00000000ecb80000,0x00000000ecb80000,0x00000000ed080000)
 ParOldGen       total 87552K, used 0K [0x00000000c0000000, 0x00000000c5580000, 0x00000000eab00000)
  object space 87552K, 0% used [0x00000000c0000000,0x00000000c0000000,0x00000000c5580000)
 Metaspace       used 6827K, capacity 7056K, committed 7424K, reserved 1056768K
  class space    used 828K, capacity 908K, committed 1024K, reserved 1048576K
Event: 1.192 GC heap after
Heap after GC invocations=1 (full 0):
 PSYoungGen      total 38400K, used 4166K [0x00000000eab00000, 0x00000000ed580000, 0x0000000100000000)
  eden space 33280K, 0% used [0x00000000eab00000,0x00000000eab00000,0x00000000ecb80000)
  from space 5120K, 81% used [0x00000000ecb80000,0x00000000ecf91a00,0x00000000ed080000)
  to   space 5120K, 0% used [0x00000000ed080000,0x00000000ed080000,0x00000000ed580000)
 ParOldGen       total 87552K, used 16K [0x00000000c0000000, 0x00000000c5580000, 0x00000000eab00000)
  object space 87552K, 0% used [0x00000000c0000000,0x00000000c0004000,0x00000000c5580000)
 Metaspace       used 6827K, capacity 7056K, committed 7424K, reserved 1056768K
  class space    used 828K, capacity 908K, committed 1024K, reserved 1048576K
}
Event: 1.581 GC heap before
{Heap before GC invocations=2 (full 0):
 PSYoungGen      total 38400K, used 37446K [0x00000000eab00000, 0x00000000ed580000, 0x0000000100000000)
  eden space 33280K, 100% used [0x00000000eab00000,0x00000000ecb80000,0x00000000ecb80000)
  from space 5120K, 81% used [0x00000000ecb80000,0x00000000ecf91a00,0x00000000ed080000)
  to   space 5120K, 0% used [0x00000000ed080000,0x00000000ed080000,0x00000000ed580000)
 ParOldGen       total 87552K, used 16K [0x00000000c0000000, 0x00000000c5580000, 0x00000000eab00000)
  object space 87552K, 0% used [0x00000000c0000000,0x00000000c0004000,0x00000000c5580000)
 Metaspace       used 7071K, capacity 7368K, committed 7680K, reserved 1056768K
  class space    used 861K, capacity 948K, committed 1024K, reserved 1048576K
Event: 1.585 GC heap after
Heap after GC invocations=2 (full 0):
 PSYoungGen      total 38400K, used 3149K [0x00000000eab00000, 0x00000000ed580000, 0x0000000100000000)
  eden space 33280K, 0% used [0x00000000eab00000,0x00000000eab00000,0x00000000ecb80000)
  from space 5120K, 61% used [0x00000000ed080000,0x00000000ed3936d0,0x00000000ed580000)
  to   space 5120K, 0% used [0x00000000ecb80000,0x00000000ecb80000,0x00000000ed080000)
 ParOldGen       total 87552K, used 24K [0x00000000c0000000, 0x00000000c5580000, 0x00000000eab00000)
  object space 87552K, 0% used [0x00000000c0000000,0x00000000c0006000,0x00000000c5580000)
 Metaspace       used 7071K, capacity 7368K, committed 7680K, reserved 1056768K
  class space    used 861K, capacity 948K, committed 1024K, reserved 1048576K
}
Event: 3.347 GC heap before
{Heap before GC invocations=3 (full 0):
 PSYoungGen      total 38400K, used 36429K [0x00000000eab00000, 0x00000000ed580000, 0x0000000100000000)
  eden space 33280K, 100% used [0x00000000eab00000,0x00000000ecb80000,0x00000000ecb80000)
  from space 5120K, 61% used [0x00000000ed080000,0x00000000ed3936d0,0x00000000ed580000)
  to   space 5120K, 0% used [0x00000000ecb80000,0x00000000ecb80000,0x00000000ed080000)
 ParOldGen       total 87552K, used 24K [0x00000000c0000000, 0x00000000c5580000, 0x00000000eab00000)
  object space 87552K, 0% used [0x00000000c0000000,0x00000000c0006000,0x00000000c5580000)
 Metaspace       used 12314K, capacity 12732K, committed 12800K, reserved 1060864K
  class space    used 1640K, capacity 1772K, committed 1792K, reserved 1048576K
Event: 3.358 GC heap after
Heap after GC invocations=3 (full 0):
 PSYoungGen      total 38400K, used 5104K [0x00000000eab00000, 0x00000000ed580000, 0x0000000100000000)
  eden space 33280K, 0% used [0x00000000eab00000,0x00000000eab00000,0x00000000ecb80000)
  from space 5120K, 99% used [0x00000000ecb80000,0x00000000ed07c010,0x00000000ed080000)
  to   space 5120K, 0% used [0x00000000ed080000,0x00000000ed080000,0x00000000ed580000)
 ParOldGen       total 87552K, used 1308K [0x00000000c0000000, 0x00000000c5580000, 0x00000000eab00000)
  object space 87552K, 1% used [0x00000000c0000000,0x00000000c0147370,0x00000000c5580000)
 Metaspace       used 12314K, capacity 12732K, committed 12800K, reserved 1060864K
  class space    used 1640K, capacity 1772K, committed 1792K, reserved 1048576K
}
Event: 3.726 GC heap before
{Heap before GC invocations=4 (full 0):
 PSYoungGen      total 38400K, used 38384K [0x00000000eab00000, 0x00000000ed580000, 0x0000000100000000)
  eden space 33280K, 100% used [0x00000000eab00000,0x00000000ecb80000,0x00000000ecb80000)
  from space 5120K, 99% used [0x00000000ecb80000,0x00000000ed07c010,0x00000000ed080000)
  to   space 5120K, 0% used [0x00000000ed080000,0x00000000ed080000,0x00000000ed580000)
 ParOldGen       total 87552K, used 1308K [0x00000000c0000000, 0x00000000c5580000, 0x00000000eab00000)
  object space 87552K, 1% used [0x00000000c0000000,0x00000000c0147370,0x00000000c5580000)
 Metaspace       used 14674K, capacity 15044K, committed 15232K, reserved 1062912K
  class space    used 2043K, capacity 2160K, committed 2176K, reserved 1048576K
Event: 3.738 GC heap after
Heap after GC invocations=4 (full 0):
 PSYoungGen      total 38400K, used 5088K [0x00000000eab00000, 0x00000000ed580000, 0x0000000100000000)
  eden space 33280K, 0% used [0x00000000eab00000,0x00000000eab00000,0x00000000ecb80000)
  from space 5120K, 99% used [0x00000000ed080000,0x00000000ed578040,0x00000000ed580000)
  to   space 5120K, 0% used [0x00000000ecb80000,0x00000000ecb80000,0x00000000ed080000)
 ParOldGen       total 87552K, used 3750K [0x00000000c0000000, 0x00000000c5580000, 0x00000000eab00000)
  object space 87552K, 4% used [0x00000000c0000000,0x00000000c03a9b00,0x00000000c5580000)
 Metaspace       used 14674K, capacity 15044K, committed 15232K, reserved 1062912K
  class space    used 2043K, capacity 2160K, committed 2176K, reserved 1048576K
}

Deoptimization events (10 events):
Event: 2.428 Thread 0x000000000258d800 Uncommon trap: reason=unstable_if action=reinterpret pc=0x00000000029d0c0c method=java.io.WinNTFileSystem.normalize(Ljava/lang/String;)Ljava/lang/String; @ 128
Event: 3.216 Thread 0x00000000187df000 Uncommon trap: reason=unstable_if action=reinterpret pc=0x0000000002afb870 method=java.util.concurrent.ConcurrentHashMap.putVal(Ljava/lang/Object;Ljava/lang/Object;Z)Ljava/lang/Object; @ 206
Event: 3.289 Thread 0x0000000018812000 Uncommon trap: reason=bimorphic action=maybe_recompile pc=0x000000000298cbe0 method=java.util.HashMap.putVal(ILjava/lang/Object;Ljava/lang/Object;ZZ)Ljava/lang/Object; @ 253
Event: 3.290 Thread 0x0000000018812000 Uncommon trap: reason=bimorphic action=maybe_recompile pc=0x000000000298cbe0 method=java.util.HashMap.putVal(ILjava/lang/Object;Ljava/lang/Object;ZZ)Ljava/lang/Object; @ 253
Event: 3.290 Thread 0x0000000018812000 Uncommon trap: reason=bimorphic action=maybe_recompile pc=0x000000000298cbe0 method=java.util.HashMap.putVal(ILjava/lang/Object;Ljava/lang/Object;ZZ)Ljava/lang/Object; @ 253
Event: 3.542 Thread 0x0000000018812000 Uncommon trap: reason=class_check action=maybe_recompile pc=0x00000000029e3758 method=java.util.regex.Matcher.match(II)Z @ 86
Event: 3.556 Thread 0x0000000018812000 Uncommon trap: reason=class_check action=maybe_recompile pc=0x00000000029e3758 method=java.util.regex.Matcher.match(II)Z @ 86
Event: 3.557 Thread 0x0000000018812000 Uncommon trap: reason=class_check action=maybe_recompile pc=0x00000000029e3758 method=java.util.regex.Matcher.match(II)Z @ 86
Event: 3.557 Thread 0x0000000018812000 Uncommon trap: reason=class_check action=maybe_recompile pc=0x0000000002875a5c method=java.util.regex.Matcher.match(II)Z @ 86
Event: 3.915 Thread 0x0000000018812000 Uncommon trap: reason=unstable_if action=reinterpret pc=0x0000000002baf434 method=java.lang.String.lastIndexOf([CII[CIII)I @ 66

Classes redefined (0 events):
No events

Internal exceptions (10 events):
Event: 3.230 Thread 0x00000000187df000 Exception <a 'java/lang/NoSuchMethodError': <clinit>> (0x00000000ec632360) thrown at [C:\src\AOSP-openjdk-git\hotspot\src\share\vm\prims\jni.cpp, line 1615]
Event: 3.231 Thread 0x00000000187df000 Exception <a 'java/lang/NoSuchMethodError': <clinit>> (0x00000000ec63af00) thrown at [C:\src\AOSP-openjdk-git\hotspot\src\share\vm\prims\jni.cpp, line 1615]
Event: 3.233 Thread 0x00000000187df000 Exception <a 'java/lang/NoSuchMethodError': <clinit>> (0x00000000ec651150) thrown at [C:\src\AOSP-openjdk-git\hotspot\src\share\vm\prims\jni.cpp, line 1615]
Event: 3.244 Thread 0x00000000187df000 Exception <a 'java/lang/NoSuchMethodError': <clinit>> (0x00000000ec6ab4c0) thrown at [C:\src\AOSP-openjdk-git\hotspot\src\share\vm\prims\jni.cpp, line 1615]
Event: 3.250 Thread 0x00000000187df000 Exception <a 'java/lang/NoSuchMethodError': <clinit>> (0x00000000ec6d7870) thrown at [C:\src\AOSP-openjdk-git\hotspot\src\share\vm\prims\jni.cpp, line 1615]
Event: 3.260 Thread 0x00000000187df000 Exception <a 'java/lang/NoSuchMethodError': <clinit>> (0x00000000ec704798) thrown at [C:\src\AOSP-openjdk-git\hotspot\src\share\vm\prims\jni.cpp, line 1615]
Event: 3.261 Thread 0x00000000187df000 Exception <a 'java/lang/NoSuchMethodError': <clinit>> (0x00000000ec70f820) thrown at [C:\src\AOSP-openjdk-git\hotspot\src\share\vm\prims\jni.cpp, line 1615]
Event: 3.869 Thread 0x0000000018812000 Exception <a 'java/lang/NoSuchMethodError': java.lang.Object.lambda$and$0(Ljava/util/function/Predicate;Ljava/lang/Object;)Z> (0x00000000eb45a400) thrown at [C:\src\AOSP-openjdk-git\hotspot\src\share\vm\interpreter\linkResolver.cpp, line 620]
Event: 3.877 Thread 0x0000000018812000 Exception <a 'java/lang/IncompatibleClassChangeError': Found class java.lang.Object, but interface was expected> (0x00000000eb4706f0) thrown at [C:\src\AOSP-openjdk-git\hotspot\src\share\vm\interpreter\linkResolver.cpp, line 653]
Event: 3.879 Thread 0x0000000018812000 Exception <a 'java/lang/NoSuchMethodError': java.lang.Object.lambda$or$2(Ljava/util/function/Predicate;Ljava/lang/Object;)Z> (0x00000000eb475610) thrown at [C:\src\AOSP-openjdk-git\hotspot\src\share\vm\interpreter\linkResolver.cpp, line 620]

Events (10 events):
Event: 4.166 loading class org/gradle/internal/reflect/PropertyAccessorType
Event: 4.166 loading class org/gradle/internal/reflect/PropertyAccessorType done
Event: 4.167 loading class org/gradle/internal/reflect/PropertyAccessorType$1
Event: 4.167 loading class org/gradle/internal/reflect/PropertyAccessorType$1 done
Event: 4.167 loading class org/gradle/internal/reflect/PropertyAccessorType$2
Event: 4.167 loading class org/gradle/internal/reflect/PropertyAccessorType$2 done
Event: 4.167 loading class org/gradle/internal/reflect/PropertyAccessorType$3
Event: 4.167 loading class org/gradle/internal/reflect/PropertyAccessorType$3 done
Event: 4.168 loading class org/gradle/internal/reflect/MethodSet$MethodKey
Event: 4.168 loading class org/gradle/internal/reflect/MethodSet$MethodKey done


Dynamic libraries:
0x00007ff6580b0000 - 0x00007ff6580e1000 	C:\Program Files\Android\Android Studio\jre\bin\java.exe
0x00007ffd4f490000 - 0x00007ffd4f685000 	C:\WINDOWS\SYSTEM32\ntdll.dll
0x00007ffd4d4f0000 - 0x00007ffd4d5ad000 	C:\WINDOWS\System32\KERNEL32.DLL
0x00007ffd4cf10000 - 0x00007ffd4d1d9000 	C:\WINDOWS\System32\KERNELBASE.dll
0x00007ffd4e760000 - 0x00007ffd4e80c000 	C:\WINDOWS\System32\ADVAPI32.dll
0x00007ffd4d750000 - 0x00007ffd4d7ee000 	C:\WINDOWS\System32\msvcrt.dll
0x00007ffd4ed80000 - 0x00007ffd4ee1c000 	C:\WINDOWS\System32\sechost.dll
0x00007ffd4d9d0000 - 0x00007ffd4dafb000 	C:\WINDOWS\System32\RPCRT4.dll
0x00007ffd4db00000 - 0x00007ffd4dca0000 	C:\WINDOWS\System32\USER32.dll
0x00007ffd4ccd0000 - 0x00007ffd4ccf2000 	C:\WINDOWS\System32\win32u.dll
0x00007ffd4eca0000 - 0x00007ffd4ecca000 	C:\WINDOWS\System32\GDI32.dll
0x00007ffd4cd80000 - 0x00007ffd4ce8b000 	C:\WINDOWS\System32\gdi32full.dll
0x00007ffd4d3a0000 - 0x00007ffd4d43d000 	C:\WINDOWS\System32\msvcp_win.dll
0x00007ffd4cbd0000 - 0x00007ffd4ccd0000 	C:\WINDOWS\System32\ucrtbase.dll
0x00007ffd40cf0000 - 0x00007ffd40f8a000 	C:\WINDOWS\WinSxS\amd64_microsoft.windows.common-controls_6595b64144ccf1df_6.0.19041.844_none_ca00b6081b84eb1d\COMCTL32.dll
0x00007ffd4eb40000 - 0x00007ffd4eb70000 	C:\WINDOWS\System32\IMM32.DLL
0x0000000053fb0000 - 0x0000000054082000 	C:\Program Files\Android\Android Studio\jre\jre\bin\msvcr100.dll
0x00000000530c0000 - 0x000000005390b000 	C:\Program Files\Android\Android Studio\jre\jre\bin\server\jvm.dll
0x00007ffd4f440000 - 0x00007ffd4f448000 	C:\WINDOWS\System32\PSAPI.DLL
0x00007ffd43430000 - 0x00007ffd4343a000 	C:\WINDOWS\SYSTEM32\VERSION.dll
0x00007ffd45070000 - 0x00007ffd45097000 	C:\WINDOWS\SYSTEM32\WINMM.dll
0x00007ffd49a80000 - 0x00007ffd49a89000 	C:\WINDOWS\SYSTEM32\WSOCK32.dll
0x00007ffd4ee20000 - 0x00007ffd4ee8b000 	C:\WINDOWS\System32\WS2_32.dll
0x00007ffd49420000 - 0x00007ffd4942f000 	C:\Program Files\Android\Android Studio\jre\jre\bin\verify.dll
0x00007ffd46ec0000 - 0x00007ffd46ee9000 	C:\Program Files\Android\Android Studio\jre\jre\bin\java.dll
0x00007ffd446f0000 - 0x00007ffd44706000 	C:\Program Files\Android\Android Studio\jre\jre\bin\zip.dll
0x00007ffd4e010000 - 0x00007ffd4e752000 	C:\WINDOWS\System32\SHELL32.dll
0x00007ffd4aae0000 - 0x00007ffd4b270000 	C:\WINDOWS\SYSTEM32\windows.storage.dll
0x00007ffd4dca0000 - 0x00007ffd4dff5000 	C:\WINDOWS\System32\combase.dll
0x00007ffd4c570000 - 0x00007ffd4c59c000 	C:\WINDOWS\SYSTEM32\Wldp.dll
0x00007ffd4e9d0000 - 0x00007ffd4ea7e000 	C:\WINDOWS\System32\SHCORE.dll
0x00007ffd4ef70000 - 0x00007ffd4efc5000 	C:\WINDOWS\System32\shlwapi.dll
0x00007ffd4cb10000 - 0x00007ffd4cb2f000 	C:\WINDOWS\SYSTEM32\profapi.dll
0x00007ffd410e0000 - 0x00007ffd410fa000 	C:\Program Files\Android\Android Studio\jre\jre\bin\net.dll
0x00007ffd4c2f0000 - 0x00007ffd4c35a000 	C:\WINDOWS\system32\mswsock.dll
0x00007ffd410a0000 - 0x00007ffd410b3000 	C:\Program Files\Android\Android Studio\jre\jre\bin\nio.dll
0x00007ffd45c40000 - 0x00007ffd45c66000 	C:\Users\Admin\.gradle\native\30\windows-amd64\native-platform.dll
0x00007ffd49410000 - 0x00007ffd4941d000 	C:\Program Files\Android\Android Studio\jre\jre\bin\management.dll
0x00007ffd4c4c0000 - 0x00007ffd4c4d8000 	C:\WINDOWS\SYSTEM32\CRYPTSP.dll
0x00007ffd4bc90000 - 0x00007ffd4bcc4000 	C:\WINDOWS\system32\rsaenh.dll
0x00007ffd4cd00000 - 0x00007ffd4cd27000 	C:\WINDOWS\System32\bcrypt.dll
0x00007ffd4cad0000 - 0x00007ffd4cafe000 	C:\WINDOWS\SYSTEM32\USERENV.dll
0x00007ffd4ce90000 - 0x00007ffd4cf10000 	C:\WINDOWS\System32\bcryptprimitives.dll
0x00007ffd4c4e0000 - 0x00007ffd4c4ec000 	C:\WINDOWS\SYSTEM32\CRYPTBASE.dll
0x00007ffd4bfe0000 - 0x00007ffd4c01b000 	C:\WINDOWS\SYSTEM32\IPHLPAPI.DLL
0x00007ffd4e810000 - 0x00007ffd4e818000 	C:\WINDOWS\System32\NSI.dll
0x00007ffd45d70000 - 0x00007ffd45d87000 	C:\WINDOWS\SYSTEM32\dhcpcsvc6.DLL
0x00007ffd46400000 - 0x00007ffd4641d000 	C:\WINDOWS\SYSTEM32\dhcpcsvc.DLL
0x00007ffd4c020000 - 0x00007ffd4c0eb000 	C:\WINDOWS\SYSTEM32\DNSAPI.dll

VM Arguments:
jvm_args: -Xmx1024m -Dfile.encoding=windows-1252 -Duser.country=US -Duser.language=en -Duser.variant 
java_command: org.gradle.launcher.daemon.bootstrap.GradleDaemon 5.6.4
java_class_path (initial): C:\Users\Admin\.gradle\wrapper\dists\gradle-5.6.4-all\ankdp27end7byghfw1q2sw75f\gradle-5.6.4\lib\gradle-launcher-5.6.4.jar
Launcher Type: SUN_STANDARD

Environment Variables:
PATH=C:\Program Files (x86)\Common Files\Oracle\Java\javapath;C:\WINDOWS\system32;C:\WINDOWS;C:\WINDOWS\System32\Wbem;C:\WINDOWS\System32\WindowsPowerShell\v1.0\;C:\WINDOWS\System32\OpenSSH\;C:\Program Files\Git\cmd;C:\Users\Admin\AppData\Local\Microsoft\WindowsApps;
USERNAME=Admin
OS=Windows_NT
PROCESSOR_IDENTIFIER=Intel64 Family 6 Model 61 Stepping 4, GenuineIntel



---------------  S Y S T E M  ---------------

OS: Windows 10.0 , 64 bit Build 19041 (10.0.19041.804)

CPU:total 4 (initial active 4) (2 cores per cpu, 2 threads per core) family 6 model 61 stepping 4, cmov, cx8, fxsr, mmx, sse, sse2, sse3, ssse3, sse4.1, sse4.2, popcnt, avx, avx2, aes, clmul, erms, 3dnowpref, lzcnt, ht, tsc, tscinvbit, bmi1, bmi2, adx

Memory: 4k page, physical 8307376k(806388k free), swap 18731436k(4180k free)

vm_info: OpenJDK 64-Bit Server VM (25.242-b01) for windows-amd64 JRE (1.8.0_242-release-1644-b01), built by "builder" with MS VC++ 10.0 (VS2010)

time: Thu May 06 10:50:45 2021
timezone: India Standard Time
elapsed time: 4 seconds (0d 0h 0m 4s)

