#
# There is insufficient memory for the Java Runtime Environment to continue.
# Native memory allocation (malloc) failed to allocate 32744 bytes for ChunkPool::allocate
# Possible reasons:
#   The system is out of physical RAM or swap space
#   The process is running with CompressedOops enabled, and the Java Heap may be blocking the growth of the native heap
# Possible solutions:
#   Reduce memory load on the system
#   Increase physical memory or swap space
#   Check if swap backing store is full
#   Decrease Java heap size (-Xmx/-Xms)
#   Decrease number of Java threads
#   Decrease Java thread stack sizes (-Xss)
#   Set larger code cache with -XX:ReservedCodeCacheSize=
#   JVM is running with Unscaled Compressed Oops mode in which the Java heap is
#     placed in the first 4GB address space. The Java Heap base address is the
#     maximum limit for the native heap growth. Please use -XX:HeapBaseMinAddress
#     to set the Java Heap base and to place the Java Heap above 4GB virtual address.
# This output file may be truncated or incomplete.
#
#  Out of Memory Error (allocation.cpp:272), pid=1000, tid=0x0000000000001c2c
#
# JRE version: OpenJDK Runtime Environment (8.0_242-b01) (build 1.8.0_242-release-1644-b01)
# Java VM: OpenJDK 64-Bit Server VM (25.242-b01 mixed mode windows-amd64 compressed oops)
# Failed to write core dump. Minidumps are not enabled by default on client versions of Windows
#

---------------  T H R E A D  ---------------

Current thread (0x0000000015d38000):  JavaThread "C2 CompilerThread1" daemon [_thread_in_native, id=7212, stack(0x00000000174a0000,0x00000000175a0000)]

Stack: [0x00000000174a0000,0x00000000175a0000]
[error occurred during error reporting (printing stack bounds), id 0xc0000005]

Native frames: (J=compiled Java code, j=interpreted, Vv=VM code, C=native code)


Current CompileTask:
C2:   4638 1458       4       java.net.URLClassLoader$1::run (5 bytes)


---------------  P R O C E S S  ---------------

Java Threads: ( => current thread )
  0x00000000185d6000 JavaThread "Cache worker for file hash cache (E:\BinplusProjects\NSGames\.gradle\5.6.4\fileHashes)" [_thread_blocked, id=920, stack(0x000000001e140000,0x000000001e240000)]
  0x00000000185d3000 JavaThread "Cache worker for journal cache (C:\Users\Admin\.gradle\caches\journal-1)" [_thread_blocked, id=3844, stack(0x000000001bac0000,0x000000001bbc0000)]
  0x00000000185d5800 JavaThread "File lock request listener" [_thread_in_native, id=15092, stack(0x000000001b9c0000,0x000000001bac0000)]
  0x00000000185da000 JavaThread "Cache worker for file hash cache (C:\Users\Admin\.gradle\caches\5.6.4\fileHashes)" [_thread_blocked, id=11028, stack(0x000000001b8c0000,0x000000001b9c0000)]
  0x0000000019891800 JavaThread "Thread-9" [_thread_blocked, id=13648, stack(0x000000001b5c0000,0x000000001b6c0000)]
  0x0000000019879800 JavaThread "Stdin handler" [_thread_blocked, id=11956, stack(0x000000001b4c0000,0x000000001b5c0000)]
  0x0000000019875800 JavaThread "Asynchronous log dispatcher for DefaultDaemonConnection: socket connection from /127.0.0.1:60818 to /127.0.0.1:60819" [_thread_blocked, id=2540, stack(0x000000001b3c0000,0x000000001b4c0000)]
  0x0000000019893000 JavaThread "Daemon worker" [_thread_in_vm, id=11756, stack(0x000000001b2c0000,0x000000001b3c0000)]
  0x0000000019926000 JavaThread "Cancel handler" [_thread_blocked, id=696, stack(0x000000001b1c0000,0x000000001b2c0000)]
  0x0000000019845800 JavaThread "Handler for socket connection from /127.0.0.1:60818 to /127.0.0.1:60819" [_thread_in_native, id=16088, stack(0x000000001aec0000,0x000000001afc0000)]
  0x0000000019844800 JavaThread "Daemon" [_thread_blocked, id=10820, stack(0x000000001adc0000,0x000000001aec0000)]
  0x0000000019840800 JavaThread "Daemon periodic checks" [_thread_blocked, id=7556, stack(0x000000001acc0000,0x000000001adc0000)]
  0x00000000197f5000 JavaThread "Incoming local TCP Connector on port 60818" [_thread_in_native, id=1728, stack(0x000000001aa80000,0x000000001ab80000)]
  0x000000001974e800 JavaThread "Daemon health stats" [_thread_blocked, id=6400, stack(0x000000001a440000,0x000000001a540000)]
  0x0000000015d8e800 JavaThread "Service Thread" daemon [_thread_blocked, id=6720, stack(0x0000000017aa0000,0x0000000017ba0000)]
  0x0000000015d4b800 JavaThread "C1 CompilerThread2" daemon [_thread_blocked, id=11904, stack(0x00000000175a0000,0x00000000176a0000)]
=>0x0000000015d38000 JavaThread "C2 CompilerThread1" daemon [_thread_in_native, id=7212, stack(0x00000000174a0000,0x00000000175a0000)]
  0x0000000015d31000 JavaThread "C2 CompilerThread0" daemon [_thread_in_native, id=3820, stack(0x00000000173a0000,0x00000000174a0000)]
  0x0000000015d36000 JavaThread "Attach Listener" daemon [_thread_blocked, id=2464, stack(0x00000000172a0000,0x00000000173a0000)]
  0x0000000015d34800 JavaThread "Signal Dispatcher" daemon [_thread_blocked, id=4388, stack(0x00000000171a0000,0x00000000172a0000)]
  0x0000000002dfb000 JavaThread "Finalizer" daemon [_thread_blocked, id=5188, stack(0x0000000016fa0000,0x00000000170a0000)]
  0x0000000015d19000 JavaThread "Reference Handler" daemon [_thread_blocked, id=9896, stack(0x0000000016ea0000,0x0000000016fa0000)]
  0x0000000002cfd800 JavaThread "main" [_thread_blocked, id=4052, stack(0x0000000002bc0000,0x0000000002cc0000)]

Other Threads:
  0x0000000015cf6000 VMThread [stack: 0x0000000016da0000,0x0000000016ea0000] [id=13444]
  0x00000000176ca800 WatcherThread [stack: 0x0000000017ba0000,0x0000000017ca0000] [id=12176]

VM state:not at safepoint (normal execution)

VM Mutex/Monitor currently owned by a thread: None

heap address: 0x00000000b1c00000, size: 1252 MB, Compressed Oops mode: 32-bit
Narrow klass base: 0x0000000000000000, Narrow klass shift: 3
Compressed class space size: 1073741824 Address: 0x0000000100000000

Heap:
 PSYoungGen      total 38400K, used 35861K [0x00000000e5f00000, 0x00000000eaa00000, 0x0000000100000000)
  eden space 33280K, 92% used [0x00000000e5f00000,0x00000000e7d055c8,0x00000000e7f80000)
  from space 5120K, 100% used [0x00000000e8480000,0x00000000e8980000,0x00000000e8980000)
  to   space 5120K, 0% used [0x00000000e7f80000,0x00000000e7f80000,0x00000000e8480000)
 ParOldGen       total 87552K, used 3793K [0x00000000b1c00000, 0x00000000b7180000, 0x00000000e5f00000)
  object space 87552K, 4% used [0x00000000b1c00000,0x00000000b1fb4468,0x00000000b7180000)
 Metaspace       used 17181K, capacity 17648K, committed 17792K, reserved 1064960K
  class space    used 2462K, capacity 2628K, committed 2688K, reserved 1048576K

Card table byte_map: [0x00000000121c0000,0x0000000012440000] byte_map_base: 0x0000000011c32000

Marking Bits: (ParMarkBitMap*) 0x000000005388f030
 Begin Bits: [0x00000000129f0000, 0x0000000013d80000)
 End Bits:   [0x0000000013d80000, 0x0000000015110000)

Polling page: 0x0000000000e60000

CodeCache: size=245760Kb used=5466Kb max_used=5466Kb free=240293Kb
 bounds [0x0000000002e00000, 0x0000000003360000, 0x0000000011e00000]
 total_blobs=2006 nmethods=1605 adapters=314
 compilation: enabled

Compilation events (10 events):
Event: 4.460 Thread 0x0000000015d4b800 1606       3       java.util.concurrent.locks.ReentrantLock$Sync::tryRelease (45 bytes)
Event: 4.460 Thread 0x0000000015d4b800 nmethod 1606 0x0000000003355a10 code [0x0000000003355ba0, 0x0000000003356148]
Event: 4.504 Thread 0x0000000015d4b800 1607       3       org.objectweb.asm.SymbolTable::get (13 bytes)
Event: 4.504 Thread 0x0000000015d4b800 nmethod 1607 0x0000000003356f50 code [0x00000000033570a0, 0x0000000003357230]
Event: 4.565 Thread 0x0000000015d4b800 1608  s    3       java.io.ExpiringCache::get (39 bytes)
Event: 4.565 Thread 0x0000000015d4b800 nmethod 1608 0x0000000003357510 code [0x00000000033576a0, 0x0000000003357ad8]
Event: 4.594 Thread 0x0000000015d4b800 1609       3       org.gradle.internal.service.DefaultServiceRegistry$ParentServices::getService (11 bytes)
Event: 4.595 Thread 0x0000000015d4b800 nmethod 1609 0x0000000003357c10 code [0x0000000003357d80, 0x0000000003357fa8]
Event: 4.600 Thread 0x0000000015d4b800 1610       3       java.io.File::<init> (20 bytes)
Event: 4.600 Thread 0x0000000015d4b800 nmethod 1610 0x0000000003358090 code [0x00000000033581e0, 0x00000000033583d0]

GC Heap History (8 events):
Event: 1.253 GC heap before
{Heap before GC invocations=1 (full 0):
 PSYoungGen      total 38400K, used 33280K [0x00000000e5f00000, 0x00000000e8980000, 0x0000000100000000)
  eden space 33280K, 100% used [0x00000000e5f00000,0x00000000e7f80000,0x00000000e7f80000)
  from space 5120K, 0% used [0x00000000e8480000,0x00000000e8480000,0x00000000e8980000)
  to   space 5120K, 0% used [0x00000000e7f80000,0x00000000e7f80000,0x00000000e8480000)
 ParOldGen       total 87552K, used 0K [0x00000000b1c00000, 0x00000000b7180000, 0x00000000e5f00000)
  object space 87552K, 0% used [0x00000000b1c00000,0x00000000b1c00000,0x00000000b7180000)
 Metaspace       used 6817K, capacity 7056K, committed 7424K, reserved 1056768K
  class space    used 828K, capacity 908K, committed 1024K, reserved 1048576K
Event: 1.260 GC heap after
Heap after GC invocations=1 (full 0):
 PSYoungGen      total 38400K, used 4204K [0x00000000e5f00000, 0x00000000e8980000, 0x0000000100000000)
  eden space 33280K, 0% used [0x00000000e5f00000,0x00000000e5f00000,0x00000000e7f80000)
  from space 5120K, 82% used [0x00000000e7f80000,0x00000000e839b398,0x00000000e8480000)
  to   space 5120K, 0% used [0x00000000e8480000,0x00000000e8480000,0x00000000e8980000)
 ParOldGen       total 87552K, used 8K [0x00000000b1c00000, 0x00000000b7180000, 0x00000000e5f00000)
  object space 87552K, 0% used [0x00000000b1c00000,0x00000000b1c02000,0x00000000b7180000)
 Metaspace       used 6817K, capacity 7056K, committed 7424K, reserved 1056768K
  class space    used 828K, capacity 908K, committed 1024K, reserved 1048576K
}
Event: 1.639 GC heap before
{Heap before GC invocations=2 (full 0):
 PSYoungGen      total 38400K, used 37484K [0x00000000e5f00000, 0x00000000e8980000, 0x0000000100000000)
  eden space 33280K, 100% used [0x00000000e5f00000,0x00000000e7f80000,0x00000000e7f80000)
  from space 5120K, 82% used [0x00000000e7f80000,0x00000000e839b398,0x00000000e8480000)
  to   space 5120K, 0% used [0x00000000e8480000,0x00000000e8480000,0x00000000e8980000)
 ParOldGen       total 87552K, used 8K [0x00000000b1c00000, 0x00000000b7180000, 0x00000000e5f00000)
  object space 87552K, 0% used [0x00000000b1c00000,0x00000000b1c02000,0x00000000b7180000)
 Metaspace       used 7050K, capacity 7368K, committed 7680K, reserved 1056768K
  class space    used 861K, capacity 948K, committed 1024K, reserved 1048576K
Event: 1.644 GC heap after
Heap after GC invocations=2 (full 0):
 PSYoungGen      total 38400K, used 3153K [0x00000000e5f00000, 0x00000000e8980000, 0x0000000100000000)
  eden space 33280K, 0% used [0x00000000e5f00000,0x00000000e5f00000,0x00000000e7f80000)
  from space 5120K, 61% used [0x00000000e8480000,0x00000000e87944e0,0x00000000e8980000)
  to   space 5120K, 0% used [0x00000000e7f80000,0x00000000e7f80000,0x00000000e8480000)
 ParOldGen       total 87552K, used 16K [0x00000000b1c00000, 0x00000000b7180000, 0x00000000e5f00000)
  object space 87552K, 0% used [0x00000000b1c00000,0x00000000b1c04000,0x00000000b7180000)
 Metaspace       used 7050K, capacity 7368K, committed 7680K, reserved 1056768K
  class space    used 861K, capacity 948K, committed 1024K, reserved 1048576K
}
Event: 3.580 GC heap before
{Heap before GC invocations=3 (full 0):
 PSYoungGen      total 38400K, used 36433K [0x00000000e5f00000, 0x00000000e8980000, 0x0000000100000000)
  eden space 33280K, 100% used [0x00000000e5f00000,0x00000000e7f80000,0x00000000e7f80000)
  from space 5120K, 61% used [0x00000000e8480000,0x00000000e87944e0,0x00000000e8980000)
  to   space 5120K, 0% used [0x00000000e7f80000,0x00000000e7f80000,0x00000000e8480000)
 ParOldGen       total 87552K, used 16K [0x00000000b1c00000, 0x00000000b7180000, 0x00000000e5f00000)
  object space 87552K, 0% used [0x00000000b1c00000,0x00000000b1c04000,0x00000000b7180000)
 Metaspace       used 12289K, capacity 12732K, committed 12800K, reserved 1060864K
  class space    used 1642K, capacity 1772K, committed 1792K, reserved 1048576K
Event: 3.590 GC heap after
Heap after GC invocations=3 (full 0):
 PSYoungGen      total 38400K, used 5088K [0x00000000e5f00000, 0x00000000e8980000, 0x0000000100000000)
  eden space 33280K, 0% used [0x00000000e5f00000,0x00000000e5f00000,0x00000000e7f80000)
  from space 5120K, 99% used [0x00000000e7f80000,0x00000000e8478020,0x00000000e8480000)
  to   space 5120K, 0% used [0x00000000e8480000,0x00000000e8480000,0x00000000e8980000)
 ParOldGen       total 87552K, used 1335K [0x00000000b1c00000, 0x00000000b7180000, 0x00000000e5f00000)
  object space 87552K, 1% used [0x00000000b1c00000,0x00000000b1d4dfa0,0x00000000b7180000)
 Metaspace       used 12289K, capacity 12732K, committed 12800K, reserved 1060864K
  class space    used 1642K, capacity 1772K, committed 1792K, reserved 1048576K
}
Event: 4.037 GC heap before
{Heap before GC invocations=4 (full 0):
 PSYoungGen      total 38400K, used 38368K [0x00000000e5f00000, 0x00000000e8980000, 0x0000000100000000)
  eden space 33280K, 100% used [0x00000000e5f00000,0x00000000e7f80000,0x00000000e7f80000)
  from space 5120K, 99% used [0x00000000e7f80000,0x00000000e8478020,0x00000000e8480000)
  to   space 5120K, 0% used [0x00000000e8480000,0x00000000e8480000,0x00000000e8980000)
 ParOldGen       total 87552K, used 1335K [0x00000000b1c00000, 0x00000000b7180000, 0x00000000e5f00000)
  object space 87552K, 1% used [0x00000000b1c00000,0x00000000b1d4dfa0,0x00000000b7180000)
 Metaspace       used 14631K, capacity 14980K, committed 15232K, reserved 1062912K
  class space    used 2043K, capacity 2160K, committed 2176K, reserved 1048576K
Event: 4.048 GC heap after
Heap after GC invocations=4 (full 0):
 PSYoungGen      total 38400K, used 5120K [0x00000000e5f00000, 0x00000000eaa00000, 0x0000000100000000)
  eden space 33280K, 0% used [0x00000000e5f00000,0x00000000e5f00000,0x00000000e7f80000)
  from space 5120K, 100% used [0x00000000e8480000,0x00000000e8980000,0x00000000e8980000)
  to   space 5120K, 0% used [0x00000000e7f80000,0x00000000e7f80000,0x00000000e8480000)
 ParOldGen       total 87552K, used 3793K [0x00000000b1c00000, 0x00000000b7180000, 0x00000000e5f00000)
  object space 87552K, 4% used [0x00000000b1c00000,0x00000000b1fb4468,0x00000000b7180000)
 Metaspace       used 14631K, capacity 14980K, committed 15232K, reserved 1062912K
  class space    used 2043K, capacity 2160K, committed 2176K, reserved 1048576K
}

Deoptimization events (10 events):
Event: 3.419 Thread 0x0000000019845800 Uncommon trap: reason=unstable_if action=reinterpret pc=0x00000000031d5670 method=java.util.concurrent.ConcurrentHashMap.putVal(Ljava/lang/Object;Ljava/lang/Object;Z)Ljava/lang/Object; @ 206
Event: 3.507 Thread 0x0000000019893000 Uncommon trap: reason=bimorphic action=maybe_recompile pc=0x00000000030aa050 method=java.util.HashMap.putVal(ILjava/lang/Object;Ljava/lang/Object;ZZ)Ljava/lang/Object; @ 253
Event: 3.507 Thread 0x0000000019893000 Uncommon trap: reason=bimorphic action=maybe_recompile pc=0x00000000030aa050 method=java.util.HashMap.putVal(ILjava/lang/Object;Ljava/lang/Object;ZZ)Ljava/lang/Object; @ 253
Event: 3.507 Thread 0x0000000019893000 Uncommon trap: reason=bimorphic action=maybe_recompile pc=0x00000000030aa050 method=java.util.HashMap.putVal(ILjava/lang/Object;Ljava/lang/Object;ZZ)Ljava/lang/Object; @ 253
Event: 3.824 Thread 0x0000000019893000 Uncommon trap: reason=class_check action=maybe_recompile pc=0x00000000030dc6d8 method=java.util.regex.Matcher.match(II)Z @ 86
Event: 3.848 Thread 0x0000000019893000 Uncommon trap: reason=class_check action=maybe_recompile pc=0x00000000030dc6d8 method=java.util.regex.Matcher.match(II)Z @ 86
Event: 3.849 Thread 0x0000000019893000 Uncommon trap: reason=class_check action=maybe_recompile pc=0x00000000030dc6d8 method=java.util.regex.Matcher.match(II)Z @ 86
Event: 3.849 Thread 0x0000000019893000 Uncommon trap: reason=class_check action=maybe_recompile pc=0x00000000030903dc method=java.util.regex.Matcher.match(II)Z @ 86
Event: 4.258 Thread 0x0000000019893000 Uncommon trap: reason=unstable_if action=reinterpret pc=0x0000000003290d74 method=java.lang.String.lastIndexOf([CII[CIII)I @ 66
Event: 4.411 Thread 0x0000000019893000 Uncommon trap: reason=unstable_if action=reinterpret pc=0x0000000003295a18 method=java.util.HashMap.putVal(ILjava/lang/Object;Ljava/lang/Object;ZZ)Ljava/lang/Object; @ 236

Classes redefined (0 events):
No events

Internal exceptions (10 events):
Event: 3.437 Thread 0x0000000019845800 Exception <a 'java/lang/NoSuchMethodError': <clinit>> (0x00000000e7a0a3e8) thrown at [C:\src\AOSP-openjdk-git\hotspot\src\share\vm\prims\jni.cpp, line 1615]
Event: 3.439 Thread 0x0000000019845800 Exception <a 'java/lang/NoSuchMethodError': <clinit>> (0x00000000e7a12f88) thrown at [C:\src\AOSP-openjdk-git\hotspot\src\share\vm\prims\jni.cpp, line 1615]
Event: 3.442 Thread 0x0000000019845800 Exception <a 'java/lang/NoSuchMethodError': <clinit>> (0x00000000e7a29178) thrown at [C:\src\AOSP-openjdk-git\hotspot\src\share\vm\prims\jni.cpp, line 1615]
Event: 3.454 Thread 0x0000000019845800 Exception <a 'java/lang/NoSuchMethodError': <clinit>> (0x00000000e7a834f0) thrown at [C:\src\AOSP-openjdk-git\hotspot\src\share\vm\prims\jni.cpp, line 1615]
Event: 3.460 Thread 0x0000000019845800 Exception <a 'java/lang/NoSuchMethodError': <clinit>> (0x00000000e7aaf820) thrown at [C:\src\AOSP-openjdk-git\hotspot\src\share\vm\prims\jni.cpp, line 1615]
Event: 3.468 Thread 0x0000000019845800 Exception <a 'java/lang/NoSuchMethodError': <clinit>> (0x00000000e7adc9e8) thrown at [C:\src\AOSP-openjdk-git\hotspot\src\share\vm\prims\jni.cpp, line 1615]
Event: 3.470 Thread 0x0000000019845800 Exception <a 'java/lang/NoSuchMethodError': <clinit>> (0x00000000e7ae7a70) thrown at [C:\src\AOSP-openjdk-git\hotspot\src\share\vm\prims\jni.cpp, line 1615]
Event: 4.210 Thread 0x0000000019893000 Exception <a 'java/lang/NoSuchMethodError': java.lang.Object.lambda$and$0(Ljava/util/function/Predicate;Ljava/lang/Object;)Z> (0x00000000e6832518) thrown at [C:\src\AOSP-openjdk-git\hotspot\src\share\vm\interpreter\linkResolver.cpp, line 620]
Event: 4.220 Thread 0x0000000019893000 Exception <a 'java/lang/IncompatibleClassChangeError': Found class java.lang.Object, but interface was expected> (0x00000000e6848800) thrown at [C:\src\AOSP-openjdk-git\hotspot\src\share\vm\interpreter\linkResolver.cpp, line 653]
Event: 4.223 Thread 0x0000000019893000 Exception <a 'java/lang/NoSuchMethodError': java.lang.Object.lambda$or$2(Ljava/util/function/Predicate;Ljava/lang/Object;)Z> (0x00000000e684d720) thrown at [C:\src\AOSP-openjdk-git\hotspot\src\share\vm\interpreter\linkResolver.cpp, line 620]

Events (10 events):
Event: 4.629 loading class org/gradle/configuration/project/PluginsProjectConfigureActions
Event: 4.629 loading class org/gradle/configuration/project/PluginsProjectConfigureActions done
Event: 4.630 loading class org/gradle/configuration/project/ProjectConfigureAction
Event: 4.630 loading class org/gradle/configuration/project/ProjectConfigureAction done
Event: 4.630 loading class org/gradle/api/internal/InternalAction
Event: 4.630 loading class org/gradle/api/internal/InternalAction done
Event: 4.633 loading class org/gradle/initialization/buildsrc/GroovyBuildSrcProjectConfigurationAction
Event: 4.633 loading class org/gradle/initialization/buildsrc/GroovyBuildSrcProjectConfigurationAction done
Event: 4.636 loading class org/gradle/kotlin/dsl/tooling/builders/BuildSrcClassPathModeConfigurationAction
Event: 4.636 loading class org/gradle/kotlin/dsl/tooling/builders/BuildSrcClassPathModeConfigurationAction done


Dynamic libraries:
0x00007ff6580b0000 - 0x00007ff6580e1000 	C:\Program Files\Android\Android Studio\jre\bin\java.exe
0x00007ffd4f490000 - 0x00007ffd4f685000 	C:\WINDOWS\SYSTEM32\ntdll.dll
0x00007ffd4d4f0000 - 0x00007ffd4d5ad000 	C:\WINDOWS\System32\KERNEL32.DLL
0x00007ffd4cf10000 - 0x00007ffd4d1d9000 	C:\WINDOWS\System32\KERNELBASE.dll
0x00007ffd4e760000 - 0x00007ffd4e80c000 	C:\WINDOWS\System32\ADVAPI32.dll
0x00007ffd4d750000 - 0x00007ffd4d7ee000 	C:\WINDOWS\System32\msvcrt.dll
0x00007ffd4ed80000 - 0x00007ffd4ee1c000 	C:\WINDOWS\System32\sechost.dll
0x00007ffd4d9d0000 - 0x00007ffd4dafb000 	C:\WINDOWS\System32\RPCRT4.dll
0x00007ffd4db00000 - 0x00007ffd4dca0000 	C:\WINDOWS\System32\USER32.dll
0x00007ffd4ccd0000 - 0x00007ffd4ccf2000 	C:\WINDOWS\System32\win32u.dll
0x00007ffd4eca0000 - 0x00007ffd4ecca000 	C:\WINDOWS\System32\GDI32.dll
0x00007ffd4cd80000 - 0x00007ffd4ce8b000 	C:\WINDOWS\System32\gdi32full.dll
0x00007ffd4d3a0000 - 0x00007ffd4d43d000 	C:\WINDOWS\System32\msvcp_win.dll
0x00007ffd4cbd0000 - 0x00007ffd4ccd0000 	C:\WINDOWS\System32\ucrtbase.dll
0x00007ffd40cf0000 - 0x00007ffd40f8a000 	C:\WINDOWS\WinSxS\amd64_microsoft.windows.common-controls_6595b64144ccf1df_6.0.19041.844_none_ca00b6081b84eb1d\COMCTL32.dll
0x00007ffd4eb40000 - 0x00007ffd4eb70000 	C:\WINDOWS\System32\IMM32.DLL
0x0000000053fb0000 - 0x0000000054082000 	C:\Program Files\Android\Android Studio\jre\jre\bin\msvcr100.dll
0x00000000530c0000 - 0x000000005390b000 	C:\Program Files\Android\Android Studio\jre\jre\bin\server\jvm.dll
0x00007ffd4f440000 - 0x00007ffd4f448000 	C:\WINDOWS\System32\PSAPI.DLL
0x00007ffd49a80000 - 0x00007ffd49a89000 	C:\WINDOWS\SYSTEM32\WSOCK32.dll
0x00007ffd45070000 - 0x00007ffd45097000 	C:\WINDOWS\SYSTEM32\WINMM.dll
0x00007ffd4ee20000 - 0x00007ffd4ee8b000 	C:\WINDOWS\System32\WS2_32.dll
0x00007ffd43430000 - 0x00007ffd4343a000 	C:\WINDOWS\SYSTEM32\VERSION.dll
0x00007ffd49420000 - 0x00007ffd4942f000 	C:\Program Files\Android\Android Studio\jre\jre\bin\verify.dll
0x00007ffd46ec0000 - 0x00007ffd46ee9000 	C:\Program Files\Android\Android Studio\jre\jre\bin\java.dll
0x00007ffd446f0000 - 0x00007ffd44706000 	C:\Program Files\Android\Android Studio\jre\jre\bin\zip.dll
0x00007ffd4e010000 - 0x00007ffd4e752000 	C:\WINDOWS\System32\SHELL32.dll
0x00007ffd4aae0000 - 0x00007ffd4b270000 	C:\WINDOWS\SYSTEM32\windows.storage.dll
0x00007ffd4dca0000 - 0x00007ffd4dff5000 	C:\WINDOWS\System32\combase.dll
0x00007ffd4c570000 - 0x00007ffd4c59c000 	C:\WINDOWS\SYSTEM32\Wldp.dll
0x00007ffd4e9d0000 - 0x00007ffd4ea7e000 	C:\WINDOWS\System32\SHCORE.dll
0x00007ffd4ef70000 - 0x00007ffd4efc5000 	C:\WINDOWS\System32\shlwapi.dll
0x00007ffd4cb10000 - 0x00007ffd4cb2f000 	C:\WINDOWS\SYSTEM32\profapi.dll
0x00007ffd410e0000 - 0x00007ffd410fa000 	C:\Program Files\Android\Android Studio\jre\jre\bin\net.dll
0x00007ffd4c2f0000 - 0x00007ffd4c35a000 	C:\WINDOWS\system32\mswsock.dll
0x00007ffd410a0000 - 0x00007ffd410b3000 	C:\Program Files\Android\Android Studio\jre\jre\bin\nio.dll
0x00007ffd45c40000 - 0x00007ffd45c66000 	C:\Users\Admin\.gradle\native\30\windows-amd64\native-platform.dll
0x00007ffd49410000 - 0x00007ffd4941d000 	C:\Program Files\Android\Android Studio\jre\jre\bin\management.dll
0x00007ffd4c4c0000 - 0x00007ffd4c4d8000 	C:\WINDOWS\SYSTEM32\CRYPTSP.dll
0x00007ffd4bc90000 - 0x00007ffd4bcc4000 	C:\WINDOWS\system32\rsaenh.dll
0x00007ffd4cd00000 - 0x00007ffd4cd27000 	C:\WINDOWS\System32\bcrypt.dll
0x00007ffd4cad0000 - 0x00007ffd4cafe000 	C:\WINDOWS\SYSTEM32\USERENV.dll
0x00007ffd4ce90000 - 0x00007ffd4cf10000 	C:\WINDOWS\System32\bcryptprimitives.dll
0x00007ffd4c4e0000 - 0x00007ffd4c4ec000 	C:\WINDOWS\SYSTEM32\CRYPTBASE.dll
0x00007ffd4bfe0000 - 0x00007ffd4c01b000 	C:\WINDOWS\SYSTEM32\IPHLPAPI.DLL
0x00007ffd4e810000 - 0x00007ffd4e818000 	C:\WINDOWS\System32\NSI.dll
0x00007ffd45d70000 - 0x00007ffd45d87000 	C:\WINDOWS\SYSTEM32\dhcpcsvc6.DLL
0x00007ffd46400000 - 0x00007ffd4641d000 	C:\WINDOWS\SYSTEM32\dhcpcsvc.DLL
0x00007ffd4c020000 - 0x00007ffd4c0eb000 	C:\WINDOWS\SYSTEM32\DNSAPI.dll

VM Arguments:
jvm_args: -Xmx1252m -Dfile.encoding=windows-1252 -Duser.country=US -Duser.language=en -Duser.variant 
java_command: org.gradle.launcher.daemon.bootstrap.GradleDaemon 5.6.4
java_class_path (initial): C:\Users\Admin\.gradle\wrapper\dists\gradle-5.6.4-all\ankdp27end7byghfw1q2sw75f\gradle-5.6.4\lib\gradle-launcher-5.6.4.jar
Launcher Type: SUN_STANDARD

Environment Variables:
PATH=C:\Program Files (x86)\Common Files\Oracle\Java\javapath;C:\WINDOWS\system32;C:\WINDOWS;C:\WINDOWS\System32\Wbem;C:\WINDOWS\System32\WindowsPowerShell\v1.0\;C:\WINDOWS\System32\OpenSSH\;C:\Program Files\Git\cmd;C:\Users\Admin\AppData\Local\Microsoft\WindowsApps;
USERNAME=Admin
OS=Windows_NT
PROCESSOR_IDENTIFIER=Intel64 Family 6 Model 61 Stepping 4, GenuineIntel



---------------  S Y S T E M  ---------------

OS: Windows 10.0 , 64 bit Build 19041 (10.0.19041.804)

CPU:total 4 (initial active 4) (2 cores per cpu, 2 threads per core) family 6 model 61 stepping 4, cmov, cx8, fxsr, mmx, sse, sse2, sse3, ssse3, sse4.1, sse4.2, popcnt, avx, avx2, aes, clmul, erms, 3dnowpref, lzcnt, ht, tsc, tscinvbit, bmi1, bmi2, adx

Memory: 4k page, physical 8307376k(1235544k free), swap 18731436k(5132k free)

vm_info: OpenJDK 64-Bit Server VM (25.242-b01) for windows-amd64 JRE (1.8.0_242-release-1644-b01), built by "builder" with MS VC++ 10.0 (VS2010)

time: Thu May 06 11:22:54 2021
timezone: India Standard Time
elapsed time: 4 seconds (0d 0h 0m 4s)

