#
# There is insufficient memory for the Java Runtime Environment to continue.
# Native memory allocation (malloc) failed to allocate 1082256 bytes for Chunk::new
# Possible reasons:
#   The system is out of physical RAM or swap space
#   The process is running with CompressedOops enabled, and the Java Heap may be blocking the growth of the native heap
# Possible solutions:
#   Reduce memory load on the system
#   Increase physical memory or swap space
#   Check if swap backing store is full
#   Decrease Java heap size (-Xmx/-Xms)
#   Decrease number of Java threads
#   Decrease Java thread stack sizes (-Xss)
#   Set larger code cache with -XX:ReservedCodeCacheSize=
#   JVM is running with Unscaled Compressed Oops mode in which the Java heap is
#     placed in the first 4GB address space. The Java Heap base address is the
#     maximum limit for the native heap growth. Please use -XX:HeapBaseMinAddress
#     to set the Java Heap base and to place the Java Heap above 4GB virtual address.
# This output file may be truncated or incomplete.
#
#  Out of Memory Error (allocation.cpp:389), pid=6912, tid=0x0000000000002b84
#
# JRE version: OpenJDK Runtime Environment (8.0_242-b01) (build 1.8.0_242-release-1644-b01)
# Java VM: OpenJDK 64-Bit Server VM (25.242-b01 mixed mode windows-amd64 compressed oops)
# Failed to write core dump. Minidumps are not enabled by default on client versions of Windows
#

---------------  T H R E A D  ---------------

Current thread (0x0000000016861000):  JavaThread "C2 CompilerThread0" daemon [_thread_in_native, id=11140, stack(0x0000000017eb0000,0x0000000017fb0000)]

Stack: [0x0000000017eb0000,0x0000000017fb0000]
[error occurred during error reporting (printing stack bounds), id 0xc0000005]

Native frames: (J=compiled Java code, j=interpreted, Vv=VM code, C=native code)


Current CompileTask:
C2:   3772 1516   !   4       java.net.URLClassLoader$1::run (63 bytes)


---------------  P R O C E S S  ---------------

Java Threads: ( => current thread )
  0x000000001687d000 JavaThread "Cache worker for journal cache (C:\Users\Admin\.gradle\caches\journal-1)" [_thread_blocked, id=1564, stack(0x000000001c5d0000,0x000000001c6d0000)]
  0x000000001687e000 JavaThread "File lock request listener" [_thread_in_native, id=8844, stack(0x000000001c4d0000,0x000000001c5d0000)]
  0x00000000192a8000 JavaThread "Cache worker for file hash cache (C:\Users\Admin\.gradle\caches\5.6.4\fileHashes)" [_thread_blocked, id=12924, stack(0x000000001c3d0000,0x000000001c4d0000)]
  0x000000001a2a6800 JavaThread "Thread-9" [_thread_blocked, id=11496, stack(0x000000001c0d0000,0x000000001c1d0000)]
  0x000000001a2ac000 JavaThread "Stdin handler" [_thread_blocked, id=6992, stack(0x000000001bfd0000,0x000000001c0d0000)]
  0x000000001a29a800 JavaThread "Asynchronous log dispatcher for DefaultDaemonConnection: socket connection from /127.0.0.1:51800 to /127.0.0.1:51801" [_thread_blocked, id=3260, stack(0x000000001bed0000,0x000000001bfd0000)]
  0x000000001a296000 JavaThread "Daemon worker" [_thread_in_Java, id=12688, stack(0x000000001bdd0000,0x000000001bed0000)]
  0x000000001a295000 JavaThread "Cancel handler" [_thread_blocked, id=16624, stack(0x000000001bcd0000,0x000000001bdd0000)]
  0x000000001a21b000 JavaThread "Handler for socket connection from /127.0.0.1:51800 to /127.0.0.1:51801" [_thread_in_native, id=15288, stack(0x000000001b9d0000,0x000000001bad0000)]
  0x000000001a237000 JavaThread "Daemon" [_thread_blocked, id=9832, stack(0x000000001b8d0000,0x000000001b9d0000)]
  0x0000000019335000 JavaThread "Daemon periodic checks" [_thread_blocked, id=6476, stack(0x000000001b7d0000,0x000000001b8d0000)]
  0x000000001a205800 JavaThread "Incoming local TCP Connector on port 51800" [_thread_in_native, id=12372, stack(0x000000001b590000,0x000000001b690000)]
  0x000000001a1ed800 JavaThread "Daemon health stats" [_thread_blocked, id=13280, stack(0x000000001af50000,0x000000001b050000)]
  0x00000000181e0800 JavaThread "Service Thread" daemon [_thread_blocked, id=3372, stack(0x00000000185b0000,0x00000000186b0000)]
  0x0000000016881800 JavaThread "C1 CompilerThread2" daemon [_thread_blocked, id=8996, stack(0x00000000180b0000,0x00000000181b0000)]
  0x0000000016869800 JavaThread "C2 CompilerThread1" daemon [_thread_in_native, id=2664, stack(0x0000000017fb0000,0x00000000180b0000)]
=>0x0000000016861000 JavaThread "C2 CompilerThread0" daemon [_thread_in_native, id=11140, stack(0x0000000017eb0000,0x0000000017fb0000)]
  0x0000000016866000 JavaThread "Attach Listener" daemon [_thread_blocked, id=6700, stack(0x0000000017db0000,0x0000000017eb0000)]
  0x0000000016864800 JavaThread "Signal Dispatcher" daemon [_thread_blocked, id=5680, stack(0x0000000017cb0000,0x0000000017db0000)]
  0x0000000002eeb000 JavaThread "Finalizer" daemon [_thread_blocked, id=5996, stack(0x0000000017ab0000,0x0000000017bb0000)]
  0x0000000016849000 JavaThread "Reference Handler" daemon [_thread_blocked, id=10768, stack(0x00000000179b0000,0x0000000017ab0000)]
  0x000000000144d800 JavaThread "main" [_thread_blocked, id=13608, stack(0x0000000002c80000,0x0000000002d80000)]

Other Threads:
  0x0000000016826000 VMThread [stack: 0x00000000178b0000,0x00000000179b0000] [id=8324]
  0x00000000168bc800 WatcherThread [stack: 0x00000000186b0000,0x00000000187b0000] [id=6140]

VM state:not at safepoint (normal execution)

VM Mutex/Monitor currently owned by a thread: None

heap address: 0x00000000a0000000, size: 1536 MB, Compressed Oops mode: 32-bit
Narrow klass base: 0x0000000000000000, Narrow klass shift: 3
Compressed class space size: 1073741824 Address: 0x0000000100000000

Heap:
 PSYoungGen      total 38400K, used 22860K [0x00000000e0000000, 0x00000000e2a80000, 0x0000000100000000)
  eden space 33280K, 53% used [0x00000000e0000000,0x00000000e115b030,0x00000000e2080000)
  from space 5120K, 99% used [0x00000000e2580000,0x00000000e2a78020,0x00000000e2a80000)
  to   space 5120K, 0% used [0x00000000e2080000,0x00000000e2080000,0x00000000e2580000)
 ParOldGen       total 87552K, used 3744K [0x00000000a0000000, 0x00000000a5580000, 0x00000000e0000000)
  object space 87552K, 4% used [0x00000000a0000000,0x00000000a03a83f0,0x00000000a5580000)
 Metaspace       used 16111K, capacity 16560K, committed 16896K, reserved 1062912K
  class space    used 2285K, capacity 2436K, committed 2560K, reserved 1048576K

Card table byte_map: [0x00000000122b0000,0x00000000125c0000] byte_map_base: 0x0000000011db0000

Marking Bits: (ParMarkBitMap*) 0x000000005388f030
 Begin Bits: [0x0000000012bc0000, 0x00000000143c0000)
 End Bits:   [0x00000000143c0000, 0x0000000015bc0000)

Polling page: 0x0000000001430000

CodeCache: size=245760Kb used=5478Kb max_used=5478Kb free=240281Kb
 bounds [0x0000000002ef0000, 0x0000000003450000, 0x0000000011ef0000]
 total_blobs=1998 nmethods=1606 adapters=305
 compilation: enabled

Compilation events (10 events):
Event: 3.724 Thread 0x0000000016881800 1610       3       sun.misc.ProxyGenerator::dotToSlash (9 bytes)
Event: 3.724 Thread 0x0000000016881800 nmethod 1610 0x0000000003448950 code [0x0000000003448ac0, 0x0000000003448cc8]
Event: 3.724 Thread 0x0000000016881800 1611       3       sun.misc.ProxyGenerator$ConstantPool$IndirectEntry::write (61 bytes)
Event: 3.725 Thread 0x0000000016881800 nmethod 1611 0x0000000003448d90 code [0x0000000003448f80, 0x0000000003449a88]
Event: 3.741 Thread 0x0000000016881800 1612       3       org.gradle.internal.service.DefaultServiceRegistry$ManagedObjectServiceProvider::requiredBy (20 bytes)
Event: 3.742 Thread 0x0000000016881800 nmethod 1612 0x0000000003449e50 code [0x0000000003449fe0, 0x000000000344a508]
Event: 3.742 Thread 0x0000000016881800 1613       3       org.gradle.internal.service.DefaultServiceRegistry$ManagedObjectServiceProvider::fromSameRegistry (27 bytes)
Event: 3.742 Thread 0x0000000016881800 nmethod 1613 0x000000000344a650 code [0x000000000344a7c0, 0x000000000344ab90]
Event: 3.747 Thread 0x0000000016881800 1614       3       java.lang.Thread::interrupted (8 bytes)
Event: 3.747 Thread 0x0000000016881800 nmethod 1614 0x000000000344ac50 code [0x000000000344adc0, 0x000000000344af48]

GC Heap History (8 events):
Event: 1.114 GC heap before
{Heap before GC invocations=1 (full 0):
 PSYoungGen      total 38400K, used 33280K [0x00000000e0000000, 0x00000000e2a80000, 0x0000000100000000)
  eden space 33280K, 100% used [0x00000000e0000000,0x00000000e2080000,0x00000000e2080000)
  from space 5120K, 0% used [0x00000000e2580000,0x00000000e2580000,0x00000000e2a80000)
  to   space 5120K, 0% used [0x00000000e2080000,0x00000000e2080000,0x00000000e2580000)
 ParOldGen       total 87552K, used 0K [0x00000000a0000000, 0x00000000a5580000, 0x00000000e0000000)
  object space 87552K, 0% used [0x00000000a0000000,0x00000000a0000000,0x00000000a5580000)
 Metaspace       used 6822K, capacity 7056K, committed 7424K, reserved 1056768K
  class space    used 828K, capacity 908K, committed 1024K, reserved 1048576K
Event: 1.120 GC heap after
Heap after GC invocations=1 (full 0):
 PSYoungGen      total 38400K, used 4182K [0x00000000e0000000, 0x00000000e2a80000, 0x0000000100000000)
  eden space 33280K, 0% used [0x00000000e0000000,0x00000000e0000000,0x00000000e2080000)
  from space 5120K, 81% used [0x00000000e2080000,0x00000000e24959f0,0x00000000e2580000)
  to   space 5120K, 0% used [0x00000000e2580000,0x00000000e2580000,0x00000000e2a80000)
 ParOldGen       total 87552K, used 8K [0x00000000a0000000, 0x00000000a5580000, 0x00000000e0000000)
  object space 87552K, 0% used [0x00000000a0000000,0x00000000a0002000,0x00000000a5580000)
 Metaspace       used 6822K, capacity 7056K, committed 7424K, reserved 1056768K
  class space    used 828K, capacity 908K, committed 1024K, reserved 1048576K
}
Event: 1.480 GC heap before
{Heap before GC invocations=2 (full 0):
 PSYoungGen      total 38400K, used 37462K [0x00000000e0000000, 0x00000000e2a80000, 0x0000000100000000)
  eden space 33280K, 100% used [0x00000000e0000000,0x00000000e2080000,0x00000000e2080000)
  from space 5120K, 81% used [0x00000000e2080000,0x00000000e24959f0,0x00000000e2580000)
  to   space 5120K, 0% used [0x00000000e2580000,0x00000000e2580000,0x00000000e2a80000)
 ParOldGen       total 87552K, used 8K [0x00000000a0000000, 0x00000000a5580000, 0x00000000e0000000)
  object space 87552K, 0% used [0x00000000a0000000,0x00000000a0002000,0x00000000a5580000)
 Metaspace       used 7064K, capacity 7368K, committed 7680K, reserved 1056768K
  class space    used 861K, capacity 948K, committed 1024K, reserved 1048576K
Event: 1.486 GC heap after
Heap after GC invocations=2 (full 0):
 PSYoungGen      total 38400K, used 3165K [0x00000000e0000000, 0x00000000e2a80000, 0x0000000100000000)
  eden space 33280K, 0% used [0x00000000e0000000,0x00000000e0000000,0x00000000e2080000)
  from space 5120K, 61% used [0x00000000e2580000,0x00000000e28976e0,0x00000000e2a80000)
  to   space 5120K, 0% used [0x00000000e2080000,0x00000000e2080000,0x00000000e2580000)
 ParOldGen       total 87552K, used 16K [0x00000000a0000000, 0x00000000a5580000, 0x00000000e0000000)
  object space 87552K, 0% used [0x00000000a0000000,0x00000000a0004000,0x00000000a5580000)
 Metaspace       used 7064K, capacity 7368K, committed 7680K, reserved 1056768K
  class space    used 861K, capacity 948K, committed 1024K, reserved 1048576K
}
Event: 3.101 GC heap before
{Heap before GC invocations=3 (full 0):
 PSYoungGen      total 38400K, used 36445K [0x00000000e0000000, 0x00000000e2a80000, 0x0000000100000000)
  eden space 33280K, 100% used [0x00000000e0000000,0x00000000e2080000,0x00000000e2080000)
  from space 5120K, 61% used [0x00000000e2580000,0x00000000e28976e0,0x00000000e2a80000)
  to   space 5120K, 0% used [0x00000000e2080000,0x00000000e2080000,0x00000000e2580000)
 ParOldGen       total 87552K, used 16K [0x00000000a0000000, 0x00000000a5580000, 0x00000000e0000000)
  object space 87552K, 0% used [0x00000000a0000000,0x00000000a0004000,0x00000000a5580000)
 Metaspace       used 12308K, capacity 12732K, committed 12800K, reserved 1060864K
  class space    used 1640K, capacity 1772K, committed 1792K, reserved 1048576K
Event: 3.112 GC heap after
Heap after GC invocations=3 (full 0):
 PSYoungGen      total 38400K, used 5104K [0x00000000e0000000, 0x00000000e2a80000, 0x0000000100000000)
  eden space 33280K, 0% used [0x00000000e0000000,0x00000000e0000000,0x00000000e2080000)
  from space 5120K, 99% used [0x00000000e2080000,0x00000000e257c010,0x00000000e2580000)
  to   space 5120K, 0% used [0x00000000e2580000,0x00000000e2580000,0x00000000e2a80000)
 ParOldGen       total 87552K, used 1270K [0x00000000a0000000, 0x00000000a5580000, 0x00000000e0000000)
  object space 87552K, 1% used [0x00000000a0000000,0x00000000a013d890,0x00000000a5580000)
 Metaspace       used 12308K, capacity 12732K, committed 12800K, reserved 1060864K
  class space    used 1640K, capacity 1772K, committed 1792K, reserved 1048576K
}
Event: 3.467 GC heap before
{Heap before GC invocations=4 (full 0):
 PSYoungGen      total 38400K, used 38384K [0x00000000e0000000, 0x00000000e2a80000, 0x0000000100000000)
  eden space 33280K, 100% used [0x00000000e0000000,0x00000000e2080000,0x00000000e2080000)
  from space 5120K, 99% used [0x00000000e2080000,0x00000000e257c010,0x00000000e2580000)
  to   space 5120K, 0% used [0x00000000e2580000,0x00000000e2580000,0x00000000e2a80000)
 ParOldGen       total 87552K, used 1270K [0x00000000a0000000, 0x00000000a5580000, 0x00000000e0000000)
  object space 87552K, 1% used [0x00000000a0000000,0x00000000a013d890,0x00000000a5580000)
 Metaspace       used 14669K, capacity 15044K, committed 15232K, reserved 1062912K
  class space    used 2043K, capacity 2160K, committed 2176K, reserved 1048576K
Event: 3.476 GC heap after
Heap after GC invocations=4 (full 0):
 PSYoungGen      total 38400K, used 5088K [0x00000000e0000000, 0x00000000e2a80000, 0x0000000100000000)
  eden space 33280K, 0% used [0x00000000e0000000,0x00000000e0000000,0x00000000e2080000)
  from space 5120K, 99% used [0x00000000e2580000,0x00000000e2a78020,0x00000000e2a80000)
  to   space 5120K, 0% used [0x00000000e2080000,0x00000000e2080000,0x00000000e2580000)
 ParOldGen       total 87552K, used 3744K [0x00000000a0000000, 0x00000000a5580000, 0x00000000e0000000)
  object space 87552K, 4% used [0x00000000a0000000,0x00000000a03a83f0,0x00000000a5580000)
 Metaspace       used 14669K, capacity 15044K, committed 15232K, reserved 1062912K
  class space    used 2043K, capacity 2160K, committed 2176K, reserved 1048576K
}

Deoptimization events (10 events):
Event: 2.217 Thread 0x000000000144d800 Uncommon trap: reason=unstable_if action=reinterpret pc=0x00000000031c2b48 method=java.io.WinNTFileSystem.normalize(Ljava/lang/String;)Ljava/lang/String; @ 128
Event: 2.977 Thread 0x000000001a21b000 Uncommon trap: reason=unstable_if action=reinterpret pc=0x00000000032dc570 method=java.util.concurrent.ConcurrentHashMap.putVal(Ljava/lang/Object;Ljava/lang/Object;Z)Ljava/lang/Object; @ 206
Event: 3.047 Thread 0x000000001a296000 Uncommon trap: reason=bimorphic action=maybe_recompile pc=0x00000000031791e0 method=java.util.HashMap.putVal(ILjava/lang/Object;Ljava/lang/Object;ZZ)Ljava/lang/Object; @ 253
Event: 3.047 Thread 0x000000001a296000 Uncommon trap: reason=bimorphic action=maybe_recompile pc=0x00000000031791e0 method=java.util.HashMap.putVal(ILjava/lang/Object;Ljava/lang/Object;ZZ)Ljava/lang/Object; @ 253
Event: 3.047 Thread 0x000000001a296000 Uncommon trap: reason=bimorphic action=maybe_recompile pc=0x00000000031791e0 method=java.util.HashMap.putVal(ILjava/lang/Object;Ljava/lang/Object;ZZ)Ljava/lang/Object; @ 253
Event: 3.293 Thread 0x000000001a296000 Uncommon trap: reason=class_check action=maybe_recompile pc=0x00000000031d3658 method=java.util.regex.Matcher.match(II)Z @ 86
Event: 3.308 Thread 0x000000001a296000 Uncommon trap: reason=class_check action=maybe_recompile pc=0x00000000031d3658 method=java.util.regex.Matcher.match(II)Z @ 86
Event: 3.308 Thread 0x000000001a296000 Uncommon trap: reason=class_check action=maybe_recompile pc=0x00000000031d3658 method=java.util.regex.Matcher.match(II)Z @ 86
Event: 3.308 Thread 0x000000001a296000 Uncommon trap: reason=class_check action=maybe_recompile pc=0x00000000030677cc method=java.util.regex.Matcher.match(II)Z @ 86
Event: 3.651 Thread 0x000000001a296000 Uncommon trap: reason=unstable_if action=reinterpret pc=0x00000000033943f4 method=java.lang.String.lastIndexOf([CII[CIII)I @ 66

Classes redefined (0 events):
No events

Internal exceptions (10 events):
Event: 2.991 Thread 0x000000001a21b000 Exception <a 'java/lang/NoSuchMethodError': <clinit>> (0x00000000e1b32910) thrown at [C:\src\AOSP-openjdk-git\hotspot\src\share\vm\prims\jni.cpp, line 1615]
Event: 2.992 Thread 0x000000001a21b000 Exception <a 'java/lang/NoSuchMethodError': <clinit>> (0x00000000e1b3b4b0) thrown at [C:\src\AOSP-openjdk-git\hotspot\src\share\vm\prims\jni.cpp, line 1615]
Event: 2.994 Thread 0x000000001a21b000 Exception <a 'java/lang/NoSuchMethodError': <clinit>> (0x00000000e1b516d8) thrown at [C:\src\AOSP-openjdk-git\hotspot\src\share\vm\prims\jni.cpp, line 1615]
Event: 3.004 Thread 0x000000001a21b000 Exception <a 'java/lang/NoSuchMethodError': <clinit>> (0x00000000e1baba50) thrown at [C:\src\AOSP-openjdk-git\hotspot\src\share\vm\prims\jni.cpp, line 1615]
Event: 3.010 Thread 0x000000001a21b000 Exception <a 'java/lang/NoSuchMethodError': <clinit>> (0x00000000e1bd7dc0) thrown at [C:\src\AOSP-openjdk-git\hotspot\src\share\vm\prims\jni.cpp, line 1615]
Event: 3.017 Thread 0x000000001a21b000 Exception <a 'java/lang/NoSuchMethodError': <clinit>> (0x00000000e1c04cf0) thrown at [C:\src\AOSP-openjdk-git\hotspot\src\share\vm\prims\jni.cpp, line 1615]
Event: 3.019 Thread 0x000000001a21b000 Exception <a 'java/lang/NoSuchMethodError': <clinit>> (0x00000000e1c0fd78) thrown at [C:\src\AOSP-openjdk-git\hotspot\src\share\vm\prims\jni.cpp, line 1615]
Event: 3.609 Thread 0x000000001a296000 Exception <a 'java/lang/NoSuchMethodError': java.lang.Object.lambda$and$0(Ljava/util/function/Predicate;Ljava/lang/Object;)Z> (0x00000000e09328f8) thrown at [C:\src\AOSP-openjdk-git\hotspot\src\share\vm\interpreter\linkResolver.cpp, line 620]
Event: 3.621 Thread 0x000000001a296000 Exception <a 'java/lang/IncompatibleClassChangeError': Found class java.lang.Object, but interface was expected> (0x00000000e0948be0) thrown at [C:\src\AOSP-openjdk-git\hotspot\src\share\vm\interpreter\linkResolver.cpp, line 653]
Event: 3.624 Thread 0x000000001a296000 Exception <a 'java/lang/NoSuchMethodError': java.lang.Object.lambda$or$2(Ljava/util/function/Predicate;Ljava/lang/Object;)Z> (0x00000000e094db00) thrown at [C:\src\AOSP-openjdk-git\hotspot\src\share\vm\interpreter\linkResolver.cpp, line 620]

Events (10 events):
Event: 3.768 loading class org/gradle/cache/internal/DefaultCrossBuildInMemoryCacheFactory$DefaultClassMap$1
Event: 3.768 loading class org/gradle/cache/internal/DefaultCrossBuildInMemoryCacheFactory$DefaultClassMap$1 done
Event: 3.769 loading class org/gradle/internal/instantiation/AbstractClassGenerator$ServicesPropertyHandler
Event: 3.769 loading class org/gradle/internal/instantiation/AbstractClassGenerator$ServicesPropertyHandler done
Event: 3.769 loading class org/gradle/internal/instantiation/AbstractClassGenerator$ClassGenerationHandler
Event: 3.769 loading class org/gradle/internal/instantiation/AbstractClassGenerator$ClassGenerationHandler done
Event: 3.770 loading class org/gradle/internal/instantiation/AbstractClassGenerator$InjectAnnotationPropertyHandler
Event: 3.770 loading class org/gradle/internal/instantiation/AbstractClassGenerator$InjectAnnotationPropertyHandler done
Event: 3.771 loading class org/gradle/internal/instantiation/AbstractClassGenerator$AbstractInjectedPropertyHandler
Event: 3.771 loading class org/gradle/internal/instantiation/AbstractClassGenerator$AbstractInjectedPropertyHandler done


Dynamic libraries:
0x00007ff6580b0000 - 0x00007ff6580e1000 	C:\Program Files\Android\Android Studio\jre\bin\java.exe
0x00007ffd4f490000 - 0x00007ffd4f685000 	C:\WINDOWS\SYSTEM32\ntdll.dll
0x00007ffd4d4f0000 - 0x00007ffd4d5ad000 	C:\WINDOWS\System32\KERNEL32.DLL
0x00007ffd4cf10000 - 0x00007ffd4d1d9000 	C:\WINDOWS\System32\KERNELBASE.dll
0x00007ffd4e760000 - 0x00007ffd4e80c000 	C:\WINDOWS\System32\ADVAPI32.dll
0x00007ffd4d750000 - 0x00007ffd4d7ee000 	C:\WINDOWS\System32\msvcrt.dll
0x00007ffd4ed80000 - 0x00007ffd4ee1c000 	C:\WINDOWS\System32\sechost.dll
0x00007ffd4d9d0000 - 0x00007ffd4dafb000 	C:\WINDOWS\System32\RPCRT4.dll
0x00007ffd4db00000 - 0x00007ffd4dca0000 	C:\WINDOWS\System32\USER32.dll
0x00007ffd4ccd0000 - 0x00007ffd4ccf2000 	C:\WINDOWS\System32\win32u.dll
0x00007ffd4eca0000 - 0x00007ffd4ecca000 	C:\WINDOWS\System32\GDI32.dll
0x00007ffd4cd80000 - 0x00007ffd4ce8b000 	C:\WINDOWS\System32\gdi32full.dll
0x00007ffd4d3a0000 - 0x00007ffd4d43d000 	C:\WINDOWS\System32\msvcp_win.dll
0x00007ffd4cbd0000 - 0x00007ffd4ccd0000 	C:\WINDOWS\System32\ucrtbase.dll
0x00007ffd40cf0000 - 0x00007ffd40f8a000 	C:\WINDOWS\WinSxS\amd64_microsoft.windows.common-controls_6595b64144ccf1df_6.0.19041.844_none_ca00b6081b84eb1d\COMCTL32.dll
0x00007ffd4eb40000 - 0x00007ffd4eb70000 	C:\WINDOWS\System32\IMM32.DLL
0x0000000053fb0000 - 0x0000000054082000 	C:\Program Files\Android\Android Studio\jre\jre\bin\msvcr100.dll
0x00000000530c0000 - 0x000000005390b000 	C:\Program Files\Android\Android Studio\jre\jre\bin\server\jvm.dll
0x00007ffd4f440000 - 0x00007ffd4f448000 	C:\WINDOWS\System32\PSAPI.DLL
0x00007ffd45070000 - 0x00007ffd45097000 	C:\WINDOWS\SYSTEM32\WINMM.dll
0x00007ffd43430000 - 0x00007ffd4343a000 	C:\WINDOWS\SYSTEM32\VERSION.dll
0x00007ffd49a80000 - 0x00007ffd49a89000 	C:\WINDOWS\SYSTEM32\WSOCK32.dll
0x00007ffd4ee20000 - 0x00007ffd4ee8b000 	C:\WINDOWS\System32\WS2_32.dll
0x00007ffd49420000 - 0x00007ffd4942f000 	C:\Program Files\Android\Android Studio\jre\jre\bin\verify.dll
0x00007ffd46ec0000 - 0x00007ffd46ee9000 	C:\Program Files\Android\Android Studio\jre\jre\bin\java.dll
0x00007ffd446f0000 - 0x00007ffd44706000 	C:\Program Files\Android\Android Studio\jre\jre\bin\zip.dll
0x00007ffd4e010000 - 0x00007ffd4e752000 	C:\WINDOWS\System32\SHELL32.dll
0x00007ffd4aae0000 - 0x00007ffd4b270000 	C:\WINDOWS\SYSTEM32\windows.storage.dll
0x00007ffd4dca0000 - 0x00007ffd4dff5000 	C:\WINDOWS\System32\combase.dll
0x00007ffd4c570000 - 0x00007ffd4c59c000 	C:\WINDOWS\SYSTEM32\Wldp.dll
0x00007ffd4e9d0000 - 0x00007ffd4ea7e000 	C:\WINDOWS\System32\SHCORE.dll
0x00007ffd4ef70000 - 0x00007ffd4efc5000 	C:\WINDOWS\System32\shlwapi.dll
0x00007ffd4cb10000 - 0x00007ffd4cb2f000 	C:\WINDOWS\SYSTEM32\profapi.dll
0x00007ffd410e0000 - 0x00007ffd410fa000 	C:\Program Files\Android\Android Studio\jre\jre\bin\net.dll
0x00007ffd4c2f0000 - 0x00007ffd4c35a000 	C:\WINDOWS\system32\mswsock.dll
0x00007ffd410a0000 - 0x00007ffd410b3000 	C:\Program Files\Android\Android Studio\jre\jre\bin\nio.dll
0x00007ffd45c40000 - 0x00007ffd45c66000 	C:\Users\Admin\.gradle\native\30\windows-amd64\native-platform.dll
0x00007ffd49410000 - 0x00007ffd4941d000 	C:\Program Files\Android\Android Studio\jre\jre\bin\management.dll
0x00007ffd4c4c0000 - 0x00007ffd4c4d8000 	C:\WINDOWS\SYSTEM32\CRYPTSP.dll
0x00007ffd4bc90000 - 0x00007ffd4bcc4000 	C:\WINDOWS\system32\rsaenh.dll
0x00007ffd4cd00000 - 0x00007ffd4cd27000 	C:\WINDOWS\System32\bcrypt.dll
0x00007ffd4cad0000 - 0x00007ffd4cafe000 	C:\WINDOWS\SYSTEM32\USERENV.dll
0x00007ffd4ce90000 - 0x00007ffd4cf10000 	C:\WINDOWS\System32\bcryptprimitives.dll
0x00007ffd4c4e0000 - 0x00007ffd4c4ec000 	C:\WINDOWS\SYSTEM32\CRYPTBASE.dll
0x00007ffd4bfe0000 - 0x00007ffd4c01b000 	C:\WINDOWS\SYSTEM32\IPHLPAPI.DLL
0x00007ffd4e810000 - 0x00007ffd4e818000 	C:\WINDOWS\System32\NSI.dll
0x00007ffd45d70000 - 0x00007ffd45d87000 	C:\WINDOWS\SYSTEM32\dhcpcsvc6.DLL
0x00007ffd46400000 - 0x00007ffd4641d000 	C:\WINDOWS\SYSTEM32\dhcpcsvc.DLL
0x00007ffd4c020000 - 0x00007ffd4c0eb000 	C:\WINDOWS\SYSTEM32\DNSAPI.dll

VM Arguments:
jvm_args: -Xmx1536m -Dfile.encoding=windows-1252 -Duser.country=US -Duser.language=en -Duser.variant 
java_command: org.gradle.launcher.daemon.bootstrap.GradleDaemon 5.6.4
java_class_path (initial): C:\Users\Admin\.gradle\wrapper\dists\gradle-5.6.4-all\ankdp27end7byghfw1q2sw75f\gradle-5.6.4\lib\gradle-launcher-5.6.4.jar
Launcher Type: SUN_STANDARD

Environment Variables:
PATH=C:\Program Files (x86)\Common Files\Oracle\Java\javapath;C:\WINDOWS\system32;C:\WINDOWS;C:\WINDOWS\System32\Wbem;C:\WINDOWS\System32\WindowsPowerShell\v1.0\;C:\WINDOWS\System32\OpenSSH\;C:\Program Files\Git\cmd;C:\Users\Admin\AppData\Local\Microsoft\WindowsApps;
USERNAME=Admin
OS=Windows_NT
PROCESSOR_IDENTIFIER=Intel64 Family 6 Model 61 Stepping 4, GenuineIntel



---------------  S Y S T E M  ---------------

OS: Windows 10.0 , 64 bit Build 19041 (10.0.19041.804)

CPU:total 4 (initial active 4) (2 cores per cpu, 2 threads per core) family 6 model 61 stepping 4, cmov, cx8, fxsr, mmx, sse, sse2, sse3, ssse3, sse4.1, sse4.2, popcnt, avx, avx2, aes, clmul, erms, 3dnowpref, lzcnt, ht, tsc, tscinvbit, bmi1, bmi2, adx

Memory: 4k page, physical 8307376k(832856k free), swap 18731436k(5592k free)

vm_info: OpenJDK 64-Bit Server VM (25.242-b01) for windows-amd64 JRE (1.8.0_242-release-1644-b01), built by "builder" with MS VC++ 10.0 (VS2010)

time: Thu May 06 10:51:05 2021
timezone: India Standard Time
elapsed time: 3 seconds (0d 0h 0m 3s)

