#
# There is insufficient memory for the Java Runtime Environment to continue.
# Native memory allocation (malloc) failed to allocate 1728496 bytes for Chunk::new
# Possible reasons:
#   The system is out of physical RAM or swap space
#   The process is running with CompressedOops enabled, and the Java Heap may be blocking the growth of the native heap
# Possible solutions:
#   Reduce memory load on the system
#   Increase physical memory or swap space
#   Check if swap backing store is full
#   Decrease Java heap size (-Xmx/-Xms)
#   Decrease number of Java threads
#   Decrease Java thread stack sizes (-Xss)
#   Set larger code cache with -XX:ReservedCodeCacheSize=
#   JVM is running with Unscaled Compressed Oops mode in which the Java heap is
#     placed in the first 4GB address space. The Java Heap base address is the
#     maximum limit for the native heap growth. Please use -XX:HeapBaseMinAddress
#     to set the Java Heap base and to place the Java Heap above 4GB virtual address.
# This output file may be truncated or incomplete.
#
#  Out of Memory Error (allocation.cpp:389), pid=15808, tid=0x0000000000003cbc
#
# JRE version: OpenJDK Runtime Environment (8.0_242-b01) (build 1.8.0_242-release-1644-b01)
# Java VM: OpenJDK 64-Bit Server VM (25.242-b01 mixed mode windows-amd64 compressed oops)
# Failed to write core dump. Minidumps are not enabled by default on client versions of Windows
#

---------------  T H R E A D  ---------------

Current thread (0x0000000015674000):  JavaThread "C2 CompilerThread0" daemon [_thread_in_native, id=15548, stack(0x0000000016dc0000,0x0000000016ec0000)]

Stack: [0x0000000016dc0000,0x0000000016ec0000]
[error occurred during error reporting (printing stack bounds), id 0xc0000005]

Native frames: (J=compiled Java code, j=interpreted, Vv=VM code, C=native code)


Current CompileTask:
C2:   9869 3746   !   4       java.security.SecureClassLoader::getProtectionDomain (114 bytes)


---------------  P R O C E S S  ---------------

Java Threads: ( => current thread )
  0x000000001be02000 JavaThread "Cache worker for Build Output Cleanup Cache (E:\BinplusProjects\NSGames\.gradle\buildOutputCleanup)" [_thread_blocked, id=4864, stack(0x00000000207d0000,0x00000000208d0000)]
  0x000000001be00800 JavaThread "Build operations Thread 4" [_thread_blocked, id=13536, stack(0x000000001fdf0000,0x000000001fef0000)]
  0x000000001be05800 JavaThread "Build operations Thread 3" [_thread_blocked, id=4304, stack(0x000000001fcf0000,0x000000001fdf0000)]
  0x000000001be02800 JavaThread "Build operations Thread 2" [_thread_blocked, id=13780, stack(0x000000001fbf0000,0x000000001fcf0000)]
  0x000000001be05000 JavaThread "Build operations" [_thread_blocked, id=17372, stack(0x000000001faf0000,0x000000001fbf0000)]
  0x000000001be04000 JavaThread "Cache worker for execution history cache (C:\Users\Admin\.gradle\caches\5.6.4\executionHistory)" [_thread_blocked, id=8508, stack(0x000000001f7f0000,0x000000001f8f0000)]
  0x000000001be06800 JavaThread "Cache worker for cache directory md-rule (C:\Users\Admin\.gradle\caches\5.6.4\md-rule)" [_thread_blocked, id=13944, stack(0x000000001dc40000,0x000000001dd40000)]
  0x000000001be07000 JavaThread "Cache worker for cache directory md-supplier (C:\Users\Admin\.gradle\caches\5.6.4\md-supplier)" [_thread_blocked, id=15432, stack(0x000000001d980000,0x000000001da80000)]
  0x000000001825c800 JavaThread "Cache worker for file hash cache (E:\BinplusProjects\NSGames\.gradle\5.6.4\fileHashes)" [_thread_blocked, id=16892, stack(0x000000001db40000,0x000000001dc40000)]
  0x0000000018261800 JavaThread "Cache worker for journal cache (C:\Users\Admin\.gradle\caches\journal-1)" [_thread_blocked, id=4464, stack(0x000000001b4e0000,0x000000001b5e0000)]
  0x0000000018261000 JavaThread "File lock request listener" [_thread_in_native, id=3220, stack(0x000000001b3e0000,0x000000001b4e0000)]
  0x000000001811c800 JavaThread "Cache worker for file hash cache (C:\Users\Admin\.gradle\caches\5.6.4\fileHashes)" [_thread_blocked, id=8428, stack(0x000000001b2e0000,0x000000001b3e0000)]
  0x0000000019107000 JavaThread "Thread-9" [_thread_blocked, id=13776, stack(0x000000001afe0000,0x000000001b0e0000)]
  0x0000000019181000 JavaThread "Stdin handler" [_thread_blocked, id=10128, stack(0x000000001aee0000,0x000000001afe0000)]
  0x0000000019180000 JavaThread "Asynchronous log dispatcher for DefaultDaemonConnection: socket connection from /127.0.0.1:52306 to /127.0.0.1:52307" [_thread_blocked, id=7464, stack(0x000000001ade0000,0x000000001aee0000)]
  0x000000001917e800 JavaThread "Daemon worker" [_thread_in_Java, id=4436, stack(0x000000001ace0000,0x000000001ade0000)]
  0x000000001917a000 JavaThread "Cancel handler" [_thread_blocked, id=396, stack(0x000000001abe0000,0x000000001ace0000)]
  0x0000000019095800 JavaThread "Handler for socket connection from /127.0.0.1:52306 to /127.0.0.1:52307" [_thread_in_native, id=932, stack(0x000000001a8e0000,0x000000001a9e0000)]
  0x0000000019091800 JavaThread "Daemon" [_thread_blocked, id=11664, stack(0x000000001a7e0000,0x000000001a8e0000)]
  0x00000000190a5000 JavaThread "Daemon periodic checks" [_thread_blocked, id=10104, stack(0x000000001a6e0000,0x000000001a7e0000)]
  0x0000000019060800 JavaThread "Incoming local TCP Connector on port 52306" [_thread_in_native, id=12312, stack(0x000000001a4a0000,0x000000001a5a0000)]
  0x0000000017757000 JavaThread "Daemon health stats" [_thread_blocked, id=14220, stack(0x0000000019e60000,0x0000000019f60000)]
  0x00000000156ce000 JavaThread "Service Thread" daemon [_thread_blocked, id=11248, stack(0x00000000174c0000,0x00000000175c0000)]
  0x0000000015683800 JavaThread "C1 CompilerThread2" daemon [_thread_blocked, id=9952, stack(0x0000000016fc0000,0x00000000170c0000)]
  0x000000001567a000 JavaThread "C2 CompilerThread1" daemon [_thread_in_native, id=15668, stack(0x0000000016ec0000,0x0000000016fc0000)]
=>0x0000000015674000 JavaThread "C2 CompilerThread0" daemon [_thread_in_native, id=15548, stack(0x0000000016dc0000,0x0000000016ec0000)]
  0x0000000015678800 JavaThread "Attach Listener" daemon [_thread_blocked, id=5176, stack(0x0000000016cc0000,0x0000000016dc0000)]
  0x0000000015677800 JavaThread "Signal Dispatcher" daemon [_thread_blocked, id=13568, stack(0x0000000016bc0000,0x0000000016cc0000)]
  0x0000000002e9b000 JavaThread "Finalizer" daemon [_thread_blocked, id=13092, stack(0x00000000168c0000,0x00000000169c0000)]
  0x0000000015659000 JavaThread "Reference Handler" daemon [_thread_blocked, id=2160, stack(0x00000000167c0000,0x00000000168c0000)]
  0x00000000030fd800 JavaThread "main" [_thread_blocked, id=6888, stack(0x00000000014d0000,0x00000000015d0000)]

Other Threads:
  0x0000000015636000 VMThread [stack: 0x00000000166c0000,0x00000000167c0000] [id=5344]
  0x0000000017103000 WatcherThread [stack: 0x00000000175c0000,0x00000000176c0000] [id=2680]

VM state:not at safepoint (normal execution)

VM Mutex/Monitor currently owned by a thread: None

heap address: 0x00000000c0000000, size: 1024 MB, Compressed Oops mode: 32-bit
Narrow klass base: 0x0000000000000000, Narrow klass shift: 3
Compressed class space size: 1073741824 Address: 0x0000000100000000

Heap:
 PSYoungGen      total 144896K, used 27106K [0x00000000eab00000, 0x00000000f4e00000, 0x0000000100000000)
  eden space 132096K, 11% used [0x00000000eab00000,0x00000000eb964108,0x00000000f2c00000)
  from space 12800K, 96% used [0x00000000f4180000,0x00000000f4d94788,0x00000000f4e00000)
  to   space 14336K, 0% used [0x00000000f3200000,0x00000000f3200000,0x00000000f4000000)
 ParOldGen       total 92672K, used 17817K [0x00000000c0000000, 0x00000000c5a80000, 0x00000000eab00000)
  object space 92672K, 19% used [0x00000000c0000000,0x00000000c1166558,0x00000000c5a80000)
 Metaspace       used 43581K, capacity 44972K, committed 45224K, reserved 1087488K
  class space    used 5894K, capacity 6295K, committed 6312K, reserved 1048576K

Card table byte_map: [0x00000000124c0000,0x00000000126d0000] byte_map_base: 0x0000000011ec0000

Marking Bits: (ParMarkBitMap*) 0x000000005388f030
 Begin Bits: [0x0000000012ad0000, 0x0000000013ad0000)
 End Bits:   [0x0000000013ad0000, 0x0000000014ad0000)

Polling page: 0x00000000015d0000

CodeCache: size=245760Kb used=12066Kb max_used=12336Kb free=233693Kb
 bounds [0x0000000003100000, 0x0000000003d20000, 0x0000000012100000]
 total_blobs=4345 nmethods=3600 adapters=658
 compilation: enabled

Compilation events (10 events):
Event: 9.836 Thread 0x0000000015683800 3935       2       java.security.Provider$ServiceKey::equals (55 bytes)
Event: 9.836 Thread 0x0000000015683800 nmethod 3935 0x0000000003902410 code [0x0000000003902580, 0x0000000003902818]
Event: 9.853 Thread 0x0000000015683800 3937       2       java.math.MutableBigInteger::compare (106 bytes)
Event: 9.853 Thread 0x0000000015683800 nmethod 3937 0x0000000003901d10 code [0x0000000003901e80, 0x0000000003902130]
Event: 9.853 Thread 0x0000000015683800 3936       2       java.math.BigInteger::bitLengthForInt (8 bytes)
Event: 9.854 Thread 0x0000000015683800 nmethod 3936 0x0000000003575f50 code [0x00000000035760a0, 0x0000000003576208]
Event: 9.855 Thread 0x0000000015683800 3938       2       java.math.BigInteger::squareToLen (33 bytes)
Event: 9.856 Thread 0x0000000015683800 nmethod 3938 0x000000000393bb10 code [0x000000000393bc80, 0x000000000393bed8]
Event: 9.856 Thread 0x0000000015683800 3939       2       java.math.BigInteger::implSquareToLenChecks (198 bytes)
Event: 9.857 Thread 0x0000000015683800 nmethod 3939 0x000000000367ded0 code [0x000000000367e1e0, 0x000000000367f0f8]

GC Heap History (10 events):
Event: 6.026 GC heap before
{Heap before GC invocations=8 (full 1):
 PSYoungGen      total 75264K, used 65019K [0x00000000eab00000, 0x00000000f0300000, 0x0000000100000000)
  eden space 65024K, 99% used [0x00000000eab00000,0x00000000eea7eeb0,0x00000000eea80000)
  from space 10240K, 0% used [0x00000000ef600000,0x00000000ef600000,0x00000000f0000000)
  to   space 11776K, 0% used [0x00000000eea80000,0x00000000eea80000,0x00000000ef600000)
 ParOldGen       total 59904K, used 9744K [0x00000000c0000000, 0x00000000c3a80000, 0x00000000eab00000)
  object space 59904K, 16% used [0x00000000c0000000,0x00000000c0984030,0x00000000c3a80000)
 Metaspace       used 29162K, capacity 29776K, committed 30080K, reserved 1075200K
  class space    used 3928K, capacity 4145K, committed 4224K, reserved 1048576K
Event: 6.037 GC heap after
Heap after GC invocations=8 (full 1):
 PSYoungGen      total 76800K, used 7948K [0x00000000eab00000, 0x00000000f2700000, 0x0000000100000000)
  eden space 65024K, 0% used [0x00000000eab00000,0x00000000eab00000,0x00000000eea80000)
  from space 11776K, 67% used [0x00000000eea80000,0x00000000ef243340,0x00000000ef600000)
  to   space 11776K, 0% used [0x00000000f1b80000,0x00000000f1b80000,0x00000000f2700000)
 ParOldGen       total 59904K, used 9752K [0x00000000c0000000, 0x00000000c3a80000, 0x00000000eab00000)
  object space 59904K, 16% used [0x00000000c0000000,0x00000000c0986030,0x00000000c3a80000)
 Metaspace       used 29162K, capacity 29776K, committed 30080K, reserved 1075200K
  class space    used 3928K, capacity 4145K, committed 4224K, reserved 1048576K
}
Event: 6.809 GC heap before
{Heap before GC invocations=9 (full 1):
 PSYoungGen      total 76800K, used 72972K [0x00000000eab00000, 0x00000000f2700000, 0x0000000100000000)
  eden space 65024K, 100% used [0x00000000eab00000,0x00000000eea80000,0x00000000eea80000)
  from space 11776K, 67% used [0x00000000eea80000,0x00000000ef243340,0x00000000ef600000)
  to   space 11776K, 0% used [0x00000000f1b80000,0x00000000f1b80000,0x00000000f2700000)
 ParOldGen       total 59904K, used 9752K [0x00000000c0000000, 0x00000000c3a80000, 0x00000000eab00000)
  object space 59904K, 16% used [0x00000000c0000000,0x00000000c0986030,0x00000000c3a80000)
 Metaspace       used 31929K, capacity 32628K, committed 32768K, reserved 1077248K
  class space    used 4374K, capacity 4605K, committed 4608K, reserved 1048576K
Event: 6.825 GC heap after
Heap after GC invocations=9 (full 1):
 PSYoungGen      total 115200K, used 8276K [0x00000000eab00000, 0x00000000f2800000, 0x0000000100000000)
  eden space 103424K, 0% used [0x00000000eab00000,0x00000000eab00000,0x00000000f1000000)
  from space 11776K, 70% used [0x00000000f1b80000,0x00000000f2395388,0x00000000f2700000)
  to   space 11776K, 0% used [0x00000000f1000000,0x00000000f1000000,0x00000000f1b80000)
 ParOldGen       total 59904K, used 9752K [0x00000000c0000000, 0x00000000c3a80000, 0x00000000eab00000)
  object space 59904K, 16% used [0x00000000c0000000,0x00000000c0986030,0x00000000c3a80000)
 Metaspace       used 31929K, capacity 32628K, committed 32768K, reserved 1077248K
  class space    used 4374K, capacity 4605K, committed 4608K, reserved 1048576K
}
Event: 7.736 GC heap before
{Heap before GC invocations=10 (full 1):
 PSYoungGen      total 115200K, used 67593K [0x00000000eab00000, 0x00000000f2800000, 0x0000000100000000)
  eden space 103424K, 57% used [0x00000000eab00000,0x00000000ee4ed1b8,0x00000000f1000000)
  from space 11776K, 70% used [0x00000000f1b80000,0x00000000f2395388,0x00000000f2700000)
  to   space 11776K, 0% used [0x00000000f1000000,0x00000000f1000000,0x00000000f1b80000)
 ParOldGen       total 59904K, used 9752K [0x00000000c0000000, 0x00000000c3a80000, 0x00000000eab00000)
  object space 59904K, 16% used [0x00000000c0000000,0x00000000c0986030,0x00000000c3a80000)
 Metaspace       used 34543K, capacity 35400K, committed 35496K, reserved 1079296K
  class space    used 4735K, capacity 4999K, committed 5032K, reserved 1048576K
Event: 7.753 GC heap after
Heap after GC invocations=10 (full 1):
 PSYoungGen      total 115200K, used 10966K [0x00000000eab00000, 0x00000000f4e00000, 0x0000000100000000)
  eden space 103424K, 0% used [0x00000000eab00000,0x00000000eab00000,0x00000000f1000000)
  from space 11776K, 93% used [0x00000000f1000000,0x00000000f1ab5ac0,0x00000000f1b80000)
  to   space 12800K, 0% used [0x00000000f4180000,0x00000000f4180000,0x00000000f4e00000)
 ParOldGen       total 59904K, used 9760K [0x00000000c0000000, 0x00000000c3a80000, 0x00000000eab00000)
  object space 59904K, 16% used [0x00000000c0000000,0x00000000c0988030,0x00000000c3a80000)
 Metaspace       used 34543K, capacity 35400K, committed 35496K, reserved 1079296K
  class space    used 4735K, capacity 4999K, committed 5032K, reserved 1048576K
}
Event: 7.753 GC heap before
{Heap before GC invocations=11 (full 2):
 PSYoungGen      total 115200K, used 10966K [0x00000000eab00000, 0x00000000f4e00000, 0x0000000100000000)
  eden space 103424K, 0% used [0x00000000eab00000,0x00000000eab00000,0x00000000f1000000)
  from space 11776K, 93% used [0x00000000f1000000,0x00000000f1ab5ac0,0x00000000f1b80000)
  to   space 12800K, 0% used [0x00000000f4180000,0x00000000f4180000,0x00000000f4e00000)
 ParOldGen       total 59904K, used 9760K [0x00000000c0000000, 0x00000000c3a80000, 0x00000000eab00000)
  object space 59904K, 16% used [0x00000000c0000000,0x00000000c0988030,0x00000000c3a80000)
 Metaspace       used 34543K, capacity 35400K, committed 35496K, reserved 1079296K
  class space    used 4735K, capacity 4999K, committed 5032K, reserved 1048576K
Event: 7.844 GC heap after
Heap after GC invocations=11 (full 2):
 PSYoungGen      total 115200K, used 0K [0x00000000eab00000, 0x00000000f4e00000, 0x0000000100000000)
  eden space 103424K, 0% used [0x00000000eab00000,0x00000000eab00000,0x00000000f1000000)
  from space 11776K, 0% used [0x00000000f1000000,0x00000000f1000000,0x00000000f1b80000)
  to   space 12800K, 0% used [0x00000000f4180000,0x00000000f4180000,0x00000000f4e00000)
 ParOldGen       total 92672K, used 17809K [0x00000000c0000000, 0x00000000c5a80000, 0x00000000eab00000)
  object space 92672K, 19% used [0x00000000c0000000,0x00000000c1164558,0x00000000c5a80000)
 Metaspace       used 34534K, capacity 35370K, committed 35496K, reserved 1079296K
  class space    used 4733K, capacity 4994K, committed 5032K, reserved 1048576K
}
Event: 9.662 GC heap before
{Heap before GC invocations=12 (full 2):
 PSYoungGen      total 115200K, used 103424K [0x00000000eab00000, 0x00000000f4e00000, 0x0000000100000000)
  eden space 103424K, 100% used [0x00000000eab00000,0x00000000f1000000,0x00000000f1000000)
  from space 11776K, 0% used [0x00000000f1000000,0x00000000f1000000,0x00000000f1b80000)
  to   space 12800K, 0% used [0x00000000f4180000,0x00000000f4180000,0x00000000f4e00000)
 ParOldGen       total 92672K, used 17809K [0x00000000c0000000, 0x00000000c5a80000, 0x00000000eab00000)
  object space 92672K, 19% used [0x00000000c0000000,0x00000000c1164558,0x00000000c5a80000)
 Metaspace       used 43235K, capacity 44588K, committed 44712K, reserved 1087488K
  class space    used 5852K, capacity 6231K, committed 6312K, reserved 1048576K
Event: 9.697 GC heap after
Heap after GC invocations=12 (full 2):
 PSYoungGen      total 144896K, used 12369K [0x00000000eab00000, 0x00000000f4e00000, 0x0000000100000000)
  eden space 132096K, 0% used [0x00000000eab00000,0x00000000eab00000,0x00000000f2c00000)
  from space 12800K, 96% used [0x00000000f4180000,0x00000000f4d94788,0x00000000f4e00000)
  to   space 14336K, 0% used [0x00000000f3200000,0x00000000f3200000,0x00000000f4000000)
 ParOldGen       total 92672K, used 17817K [0x00000000c0000000, 0x00000000c5a80000, 0x00000000eab00000)
  object space 92672K, 19% used [0x00000000c0000000,0x00000000c1166558,0x00000000c5a80000)
 Metaspace       used 43235K, capacity 44588K, committed 44712K, reserved 1087488K
  class space    used 5852K, capacity 6231K, committed 6312K, reserved 1048576K
}

Deoptimization events (10 events):
Event: 9.346 Thread 0x000000001917e800 Uncommon trap: reason=unstable_if action=reinterpret pc=0x0000000003c8b15c method=java.util.concurrent.ConcurrentHashMap.addCount(JI)V @ 110
Event: 9.587 Thread 0x000000001917e800 Uncommon trap: reason=unstable_if action=reinterpret pc=0x0000000003c5a3dc method=java.util.concurrent.ConcurrentHashMap.addCount(JI)V @ 110
Event: 9.608 Thread 0x000000001917e800 Uncommon trap: reason=unstable_if action=reinterpret pc=0x0000000003b9fadc method=java.util.jar.JarFile.maybeInstantiateVerifier()V @ 75
Event: 9.610 Thread 0x000000001917e800 Uncommon trap: reason=unstable_if action=reinterpret pc=0x00000000033844c8 method=java.util.jar.Manifest$FastInputStream.readLine([BII)I @ 87
Event: 9.723 Thread 0x000000001917e800 Uncommon trap: reason=unstable_if action=reinterpret pc=0x0000000003616d3c method=java.lang.CharacterDataLatin1.isWhitespace(I)Z @ 14
Event: 9.780 Thread 0x000000001917e800 Uncommon trap: reason=unstable_if action=reinterpret pc=0x000000000360b0b0 method=java.util.jar.JarFile.maybeInstantiateVerifier()V @ 4
Event: 9.782 Thread 0x000000001917e800 Uncommon trap: reason=unstable_if action=reinterpret pc=0x00000000032181f0 method=java.security.CodeSource.<init>(Ljava/net/URL;[Ljava/security/CodeSigner;)V @ 25
Event: 9.783 Thread 0x000000001917e800 Uncommon trap: reason=unstable_if action=reinterpret pc=0x00000000036c626c method=java.security.CodeSource.getCertificates()[Ljava/security/cert/Certificate; @ 22
Event: 9.784 Thread 0x000000001917e800 Uncommon trap: reason=unstable_if action=reinterpret pc=0x0000000003c86768 method=java.lang.ClassLoader.compareCerts([Ljava/security/cert/Certificate;[Ljava/security/cert/Certificate;)Z @ 1
Event: 9.819 Thread 0x000000001917e800 Uncommon trap: reason=unstable_if action=reinterpret pc=0x000000000324f338 method=java.util.LinkedHashMap.get(Ljava/lang/Object;)Ljava/lang/Object; @ 20

Classes redefined (0 events):
No events

Internal exceptions (10 events):
Event: 8.481 Thread 0x000000001917e800 Exception <a 'java/lang/ClassNotFoundException': org/gradle/configuration/internal/DefaultListenerBuildOperationDecorator$BuildOperationEmittingClosureCustomizer> (0x00000000ed4c8710) thrown at [C:\src\AOSP-openjdk-git\hotspot\src\share\vm\classfile\syste
Event: 8.489 Thread 0x000000001917e800 Exception <a 'java/lang/ClassNotFoundException': org/gradle/invocation/DefaultGradle_DecoratedBeanInfo> (0x00000000ed572800) thrown at [C:\src\AOSP-openjdk-git\hotspot\src\share\vm\classfile\systemDictionary.cpp, line 210]
Event: 8.490 Thread 0x000000001917e800 Exception <a 'java/lang/ClassNotFoundException': org/gradle/invocation/DefaultGradleBeanInfo> (0x00000000ed5a59b8) thrown at [C:\src\AOSP-openjdk-git\hotspot\src\share\vm\classfile\systemDictionary.cpp, line 210]
Event: 8.492 Thread 0x000000001917e800 Exception <a 'java/lang/ClassNotFoundException': org/gradle/invocation/DefaultGradleCustomizer> (0x00000000ed5d9bc0) thrown at [C:\src\AOSP-openjdk-git\hotspot\src\share\vm\classfile\systemDictionary.cpp, line 210]
Event: 8.496 Thread 0x000000001917e800 Exception <a 'java/lang/ClassNotFoundException': org/gradle/invocation/DefaultGradle_DecoratedCustomizer> (0x00000000ed657de8) thrown at [C:\src\AOSP-openjdk-git\hotspot\src\share\vm\classfile\systemDictionary.cpp, line 210]
Event: 8.504 Thread 0x000000001917e800 Exception <a 'java/lang/ClassNotFoundException': org/gradle/api/internal/artifacts/ivyservice/ivyresolve/strategy/VersionParserBeanInfo> (0x00000000ed752308) thrown at [C:\src\AOSP-openjdk-git\hotspot\src\share\vm\classfile\systemDictionary.cpp, line 210]
Event: 8.506 Thread 0x000000001917e800 Exception <a 'java/lang/ClassNotFoundException': org/gradle/api/internal/artifacts/ivyservice/ivyresolve/strategy/VersionParserCustomizer> (0x00000000ed7bcf88) thrown at [C:\src\AOSP-openjdk-git\hotspot\src\share\vm\classfile\systemDictionary.cpp, line 21
Event: 8.512 Thread 0x000000001917e800 Exception <a 'java/lang/ClassNotFoundException': org/gradle/api/internal/artifacts/ivyservice/ivyresolve/strategy/StaticVersionComparatorBeanInfo> (0x00000000ed85eba8) thrown at [C:\src\AOSP-openjdk-git\hotspot\src\share\vm\classfile\systemDictionary.cpp,
Event: 8.514 Thread 0x000000001917e800 Exception <a 'java/lang/ClassNotFoundException': org/gradle/api/internal/artifacts/ivyservice/ivyresolve/strategy/StaticVersionComparatorCustomizer> (0x00000000ed8d13a8) thrown at [C:\src\AOSP-openjdk-git\hotspot\src\share\vm\classfile\systemDictionary.cp
Event: 8.646 Thread 0x000000001917e800 Implicit null exception at 0x0000000003c33082 to 0x0000000003c331c5

Events (10 events):
Event: 9.784 loading class org/bouncycastle/operator/OperatorException
Event: 9.784 loading class org/bouncycastle/operator/OperatorException done
Event: 9.784 Thread 0x000000001917e800 Uncommon trap: trap_request=0xffffff65 fr.pc=0x0000000003c86768
Event: 9.784 Thread 0x000000001917e800 DEOPT PACKING pc=0x0000000003c86768 sp=0x000000001add4a70
Event: 9.784 Thread 0x000000001917e800 DEOPT UNPACKING pc=0x000000000314557b sp=0x000000001add49e8 mode 2
Event: 9.785 loading class org/bouncycastle/jce/provider/BouncyCastleProvider
Event: 9.785 loading class org/bouncycastle/jce/provider/BouncyCastleProvider done
Event: 9.819 Thread 0x000000001917e800 Uncommon trap: trap_request=0xffffff65 fr.pc=0x000000000324f338
Event: 9.819 Thread 0x000000001917e800 DEOPT PACKING pc=0x000000000324f338 sp=0x000000001add60d0
Event: 9.819 Thread 0x000000001917e800 DEOPT UNPACKING pc=0x000000000314557b sp=0x000000001add6090 mode 2


Dynamic libraries:
0x00007ff6580b0000 - 0x00007ff6580e1000 	C:\Program Files\Android\Android Studio\jre\bin\java.exe
0x00007ffd4f490000 - 0x00007ffd4f685000 	C:\WINDOWS\SYSTEM32\ntdll.dll
0x00007ffd4d4f0000 - 0x00007ffd4d5ad000 	C:\WINDOWS\System32\KERNEL32.DLL
0x00007ffd4cf10000 - 0x00007ffd4d1d9000 	C:\WINDOWS\System32\KERNELBASE.dll
0x00007ffd4e760000 - 0x00007ffd4e80c000 	C:\WINDOWS\System32\ADVAPI32.dll
0x00007ffd4d750000 - 0x00007ffd4d7ee000 	C:\WINDOWS\System32\msvcrt.dll
0x00007ffd4ed80000 - 0x00007ffd4ee1c000 	C:\WINDOWS\System32\sechost.dll
0x00007ffd4d9d0000 - 0x00007ffd4dafb000 	C:\WINDOWS\System32\RPCRT4.dll
0x00007ffd4db00000 - 0x00007ffd4dca0000 	C:\WINDOWS\System32\USER32.dll
0x00007ffd4ccd0000 - 0x00007ffd4ccf2000 	C:\WINDOWS\System32\win32u.dll
0x00007ffd4eca0000 - 0x00007ffd4ecca000 	C:\WINDOWS\System32\GDI32.dll
0x00007ffd4cd80000 - 0x00007ffd4ce8b000 	C:\WINDOWS\System32\gdi32full.dll
0x00007ffd4d3a0000 - 0x00007ffd4d43d000 	C:\WINDOWS\System32\msvcp_win.dll
0x00007ffd4cbd0000 - 0x00007ffd4ccd0000 	C:\WINDOWS\System32\ucrtbase.dll
0x00007ffd40cf0000 - 0x00007ffd40f8a000 	C:\WINDOWS\WinSxS\amd64_microsoft.windows.common-controls_6595b64144ccf1df_6.0.19041.844_none_ca00b6081b84eb1d\COMCTL32.dll
0x00007ffd4eb40000 - 0x00007ffd4eb70000 	C:\WINDOWS\System32\IMM32.DLL
0x0000000053fb0000 - 0x0000000054082000 	C:\Program Files\Android\Android Studio\jre\jre\bin\msvcr100.dll
0x00000000530c0000 - 0x000000005390b000 	C:\Program Files\Android\Android Studio\jre\jre\bin\server\jvm.dll
0x00007ffd4f440000 - 0x00007ffd4f448000 	C:\WINDOWS\System32\PSAPI.DLL
0x00007ffd49a80000 - 0x00007ffd49a89000 	C:\WINDOWS\SYSTEM32\WSOCK32.dll
0x00007ffd45070000 - 0x00007ffd45097000 	C:\WINDOWS\SYSTEM32\WINMM.dll
0x00007ffd4ee20000 - 0x00007ffd4ee8b000 	C:\WINDOWS\System32\WS2_32.dll
0x00007ffd43430000 - 0x00007ffd4343a000 	C:\WINDOWS\SYSTEM32\VERSION.dll
0x00007ffd49420000 - 0x00007ffd4942f000 	C:\Program Files\Android\Android Studio\jre\jre\bin\verify.dll
0x00007ffd46ec0000 - 0x00007ffd46ee9000 	C:\Program Files\Android\Android Studio\jre\jre\bin\java.dll
0x00007ffd446f0000 - 0x00007ffd44706000 	C:\Program Files\Android\Android Studio\jre\jre\bin\zip.dll
0x00007ffd4e010000 - 0x00007ffd4e752000 	C:\WINDOWS\System32\SHELL32.dll
0x00007ffd4aae0000 - 0x00007ffd4b270000 	C:\WINDOWS\SYSTEM32\windows.storage.dll
0x00007ffd4dca0000 - 0x00007ffd4dff5000 	C:\WINDOWS\System32\combase.dll
0x00007ffd4c570000 - 0x00007ffd4c59c000 	C:\WINDOWS\SYSTEM32\Wldp.dll
0x00007ffd4e9d0000 - 0x00007ffd4ea7e000 	C:\WINDOWS\System32\SHCORE.dll
0x00007ffd4ef70000 - 0x00007ffd4efc5000 	C:\WINDOWS\System32\shlwapi.dll
0x00007ffd4cb10000 - 0x00007ffd4cb2f000 	C:\WINDOWS\SYSTEM32\profapi.dll
0x00007ffd410e0000 - 0x00007ffd410fa000 	C:\Program Files\Android\Android Studio\jre\jre\bin\net.dll
0x00007ffd4c2f0000 - 0x00007ffd4c35a000 	C:\WINDOWS\system32\mswsock.dll
0x00007ffd410a0000 - 0x00007ffd410b3000 	C:\Program Files\Android\Android Studio\jre\jre\bin\nio.dll
0x00007ffd45c40000 - 0x00007ffd45c66000 	C:\Users\Admin\.gradle\native\30\windows-amd64\native-platform.dll
0x00007ffd49410000 - 0x00007ffd4941d000 	C:\Program Files\Android\Android Studio\jre\jre\bin\management.dll
0x00007ffd4c4c0000 - 0x00007ffd4c4d8000 	C:\WINDOWS\SYSTEM32\CRYPTSP.dll
0x00007ffd4bc90000 - 0x00007ffd4bcc4000 	C:\WINDOWS\system32\rsaenh.dll
0x00007ffd4cd00000 - 0x00007ffd4cd27000 	C:\WINDOWS\System32\bcrypt.dll
0x00007ffd4cad0000 - 0x00007ffd4cafe000 	C:\WINDOWS\SYSTEM32\USERENV.dll
0x00007ffd4ce90000 - 0x00007ffd4cf10000 	C:\WINDOWS\System32\bcryptprimitives.dll
0x00007ffd4c4e0000 - 0x00007ffd4c4ec000 	C:\WINDOWS\SYSTEM32\CRYPTBASE.dll
0x00007ffd4bfe0000 - 0x00007ffd4c01b000 	C:\WINDOWS\SYSTEM32\IPHLPAPI.DLL
0x00007ffd4e810000 - 0x00007ffd4e818000 	C:\WINDOWS\System32\NSI.dll
0x00007ffd45d70000 - 0x00007ffd45d87000 	C:\WINDOWS\SYSTEM32\dhcpcsvc6.DLL
0x00007ffd46400000 - 0x00007ffd4641d000 	C:\WINDOWS\SYSTEM32\dhcpcsvc.DLL
0x00007ffd4c020000 - 0x00007ffd4c0eb000 	C:\WINDOWS\SYSTEM32\DNSAPI.dll

VM Arguments:
jvm_args: -Xmx1024m -Dfile.encoding=windows-1252 -Duser.country=US -Duser.language=en -Duser.variant 
java_command: org.gradle.launcher.daemon.bootstrap.GradleDaemon 5.6.4
java_class_path (initial): C:\Users\Admin\.gradle\wrapper\dists\gradle-5.6.4-all\ankdp27end7byghfw1q2sw75f\gradle-5.6.4\lib\gradle-launcher-5.6.4.jar
Launcher Type: SUN_STANDARD

Environment Variables:
PATH=C:\Program Files (x86)\Common Files\Oracle\Java\javapath;C:\WINDOWS\system32;C:\WINDOWS;C:\WINDOWS\System32\Wbem;C:\WINDOWS\System32\WindowsPowerShell\v1.0\;C:\WINDOWS\System32\OpenSSH\;C:\Program Files\Git\cmd;C:\Users\Admin\AppData\Local\Microsoft\WindowsApps;
USERNAME=Admin
OS=Windows_NT
PROCESSOR_IDENTIFIER=Intel64 Family 6 Model 61 Stepping 4, GenuineIntel



---------------  S Y S T E M  ---------------

OS: Windows 10.0 , 64 bit Build 19041 (10.0.19041.804)

CPU:total 4 (initial active 4) (2 cores per cpu, 2 threads per core) family 6 model 61 stepping 4, cmov, cx8, fxsr, mmx, sse, sse2, sse3, ssse3, sse4.1, sse4.2, popcnt, avx, avx2, aes, clmul, erms, 3dnowpref, lzcnt, ht, tsc, tscinvbit, bmi1, bmi2, adx

Memory: 4k page, physical 8307376k(1077536k free), swap 18731436k(6348k free)

vm_info: OpenJDK 64-Bit Server VM (25.242-b01) for windows-amd64 JRE (1.8.0_242-release-1644-b01), built by "builder" with MS VC++ 10.0 (VS2010)

time: Thu May 06 11:03:53 2021
timezone: India Standard Time
elapsed time: 9 seconds (0d 0h 0m 9s)

