#
# There is insufficient memory for the Java Runtime Environment to continue.
# Native memory allocation (malloc) failed to allocate 2327376 bytes for Chunk::new
# Possible reasons:
#   The system is out of physical RAM or swap space
#   The process is running with CompressedOops enabled, and the Java Heap may be blocking the growth of the native heap
# Possible solutions:
#   Reduce memory load on the system
#   Increase physical memory or swap space
#   Check if swap backing store is full
#   Decrease Java heap size (-Xmx/-Xms)
#   Decrease number of Java threads
#   Decrease Java thread stack sizes (-Xss)
#   Set larger code cache with -XX:ReservedCodeCacheSize=
#   JVM is running with Unscaled Compressed Oops mode in which the Java heap is
#     placed in the first 4GB address space. The Java Heap base address is the
#     maximum limit for the native heap growth. Please use -XX:HeapBaseMinAddress
#     to set the Java Heap base and to place the Java Heap above 4GB virtual address.
# This output file may be truncated or incomplete.
#
#  Out of Memory Error (allocation.cpp:389), pid=14004, tid=0x0000000000002390
#
# JRE version: OpenJDK Runtime Environment (8.0_242-b01) (build 1.8.0_242-release-1644-b01)
# Java VM: OpenJDK 64-Bit Server VM (25.242-b01 mixed mode windows-amd64 compressed oops)
# Failed to write core dump. Minidumps are not enabled by default on client versions of Windows
#

---------------  T H R E A D  ---------------

Current thread (0x0000000015173000):  JavaThread "C2 CompilerThread0" daemon [_thread_in_native, id=9104, stack(0x00000000167e0000,0x00000000168e0000)]

Stack: [0x00000000167e0000,0x00000000168e0000]
[error occurred during error reporting (printing stack bounds), id 0xc0000005]

Native frames: (J=compiled Java code, j=interpreted, Vv=VM code, C=native code)


Current CompileTask:
C2:   4170 1450       4       java.net.URLClassLoader$1::run (5 bytes)


---------------  P R O C E S S  ---------------

Java Threads: ( => current thread )
  0x0000000018e53800 JavaThread "Cache worker for journal cache (C:\Users\Admin\.gradle\caches\journal-1)" [_thread_blocked, id=16536, stack(0x000000001af00000,0x000000001b000000)]
  0x0000000018e5a000 JavaThread "File lock request listener" [_thread_in_native, id=872, stack(0x000000001ae00000,0x000000001af00000)]
  0x0000000018e6b800 JavaThread "Cache worker for file hash cache (C:\Users\Admin\.gradle\caches\5.6.4\fileHashes)" [_thread_blocked, id=16024, stack(0x000000001ad00000,0x000000001ae00000)]
  0x0000000018be1800 JavaThread "Thread-9" [_thread_blocked, id=10612, stack(0x000000001aa00000,0x000000001ab00000)]
  0x0000000018bdf000 JavaThread "Stdin handler" [_thread_blocked, id=13884, stack(0x000000001a900000,0x000000001aa00000)]
  0x0000000018bd0000 JavaThread "Asynchronous log dispatcher for DefaultDaemonConnection: socket connection from /127.0.0.1:51713 to /127.0.0.1:51714" [_thread_blocked, id=14184, stack(0x000000001a800000,0x000000001a900000)]
  0x0000000018bf6800 JavaThread "Daemon worker" [_thread_in_native, id=9084, stack(0x000000001a700000,0x000000001a800000)]
  0x0000000018bea800 JavaThread "Cancel handler" [_thread_blocked, id=5416, stack(0x000000001a600000,0x000000001a700000)]
  0x0000000018b5f000 JavaThread "Handler for socket connection from /127.0.0.1:51713 to /127.0.0.1:51714" [_thread_in_native, id=892, stack(0x000000001a300000,0x000000001a400000)]
  0x0000000018b55800 JavaThread "Daemon" [_thread_blocked, id=8960, stack(0x000000001a200000,0x000000001a300000)]
  0x0000000018b4d000 JavaThread "Daemon periodic checks" [_thread_blocked, id=15372, stack(0x000000001a100000,0x000000001a200000)]
  0x0000000018b37000 JavaThread "Incoming local TCP Connector on port 51713" [_thread_in_native, id=10724, stack(0x0000000019ec0000,0x0000000019fc0000)]
  0x00000000173eb800 JavaThread "Daemon health stats" [_thread_blocked, id=7604, stack(0x0000000019880000,0x0000000019980000)]
  0x0000000016b10800 JavaThread "Service Thread" daemon [_thread_blocked, id=932, stack(0x0000000016ee0000,0x0000000016fe0000)]
  0x0000000015189000 JavaThread "C1 CompilerThread2" daemon [_thread_blocked, id=10344, stack(0x00000000169e0000,0x0000000016ae0000)]
  0x0000000015179000 JavaThread "C2 CompilerThread1" daemon [_thread_in_native, id=5564, stack(0x00000000168e0000,0x00000000169e0000)]
=>0x0000000015173000 JavaThread "C2 CompilerThread0" daemon [_thread_in_native, id=9104, stack(0x00000000167e0000,0x00000000168e0000)]
  0x0000000015171000 JavaThread "Attach Listener" daemon [_thread_blocked, id=13168, stack(0x00000000166e0000,0x00000000167e0000)]
  0x0000000015175800 JavaThread "Signal Dispatcher" daemon [_thread_blocked, id=5404, stack(0x00000000165e0000,0x00000000166e0000)]
  0x0000000002a9b800 JavaThread "Finalizer" daemon [_thread_blocked, id=11632, stack(0x00000000163e0000,0x00000000164e0000)]
  0x0000000002a92000 JavaThread "Reference Handler" daemon [_thread_blocked, id=13444, stack(0x00000000162e0000,0x00000000163e0000)]
  0x000000000284d800 JavaThread "main" [_thread_blocked, id=12660, stack(0x00000000028a0000,0x00000000029a0000)]

Other Threads:
  0x0000000015135800 VMThread [stack: 0x00000000161e0000,0x00000000162e0000] [id=14756]
  0x00000000151cd000 WatcherThread [stack: 0x0000000016fe0000,0x00000000170e0000] [id=14776]

VM state:not at safepoint (normal execution)

VM Mutex/Monitor currently owned by a thread: None

heap address: 0x00000000c0000000, size: 1024 MB, Compressed Oops mode: 32-bit
Narrow klass base: 0x0000000000000000, Narrow klass shift: 3
Compressed class space size: 1073741824 Address: 0x0000000100000000

Heap:
 PSYoungGen      total 38400K, used 19487K [0x00000000eab00000, 0x00000000ed580000, 0x0000000100000000)
  eden space 33280K, 43% used [0x00000000eab00000,0x00000000eb90fe68,0x00000000ecb80000)
  from space 5120K, 99% used [0x00000000ed080000,0x00000000ed578020,0x00000000ed580000)
  to   space 5120K, 0% used [0x00000000ecb80000,0x00000000ecb80000,0x00000000ed080000)
 ParOldGen       total 87552K, used 3732K [0x00000000c0000000, 0x00000000c5580000, 0x00000000eab00000)
  object space 87552K, 4% used [0x00000000c0000000,0x00000000c03a53b8,0x00000000c5580000)
 Metaspace       used 15888K, capacity 16336K, committed 16512K, reserved 1062912K
  class space    used 2243K, capacity 2404K, committed 2432K, reserved 1048576K

Card table byte_map: [0x0000000011e60000,0x0000000012070000] byte_map_base: 0x0000000011860000

Marking Bits: (ParMarkBitMap*) 0x000000005388f030
 Begin Bits: [0x00000000125d0000, 0x00000000135d0000)
 End Bits:   [0x00000000135d0000, 0x00000000145d0000)

Polling page: 0x0000000000f00000

CodeCache: size=245760Kb used=5494Kb max_used=5494Kb free=240265Kb
 bounds [0x0000000002aa0000, 0x0000000003000000, 0x0000000011aa0000]
 total_blobs=1974 nmethods=1582 adapters=305
 compilation: enabled

Compilation events (10 events):
Event: 4.152 Thread 0x0000000015189000 1584       3       com.google.common.base.Splitter$1::iterator (11 bytes)
Event: 4.152 Thread 0x0000000015189000 nmethod 1584 0x0000000002ffe610 code [0x0000000002ffe780, 0x0000000002ffe9e8]
Event: 4.152 Thread 0x0000000015189000 1585       3       com.google.common.base.Splitter$1$1::<init> (12 bytes)
Event: 4.152 Thread 0x0000000015189000 nmethod 1585 0x0000000002ffeb10 code [0x0000000002ffec80, 0x0000000002ffee28]
Event: 4.152 Thread 0x0000000015189000 1586       3       com.google.common.base.Splitter$SplittingIterator::<init> (39 bytes)
Event: 4.153 Thread 0x0000000015189000 nmethod 1586 0x0000000002ffeed0 code [0x0000000002fff040, 0x0000000002fff2f0]
Event: 4.153 Thread 0x0000000015189000 1576       1       java.nio.Buffer::capacity (5 bytes)
Event: 4.153 Thread 0x0000000015189000 nmethod 1576 0x0000000002fff410 code [0x0000000002fff560, 0x0000000002fff670]
Event: 4.155 Thread 0x0000000015189000 1589       3       java.lang.StringCoding::safeTrim (24 bytes)
Event: 4.156 Thread 0x0000000015189000 nmethod 1589 0x0000000002fff6d0 code [0x0000000002fff860, 0x0000000002fffd28]

GC Heap History (8 events):
Event: 1.176 GC heap before
{Heap before GC invocations=1 (full 0):
 PSYoungGen      total 38400K, used 33280K [0x00000000eab00000, 0x00000000ed580000, 0x0000000100000000)
  eden space 33280K, 100% used [0x00000000eab00000,0x00000000ecb80000,0x00000000ecb80000)
  from space 5120K, 0% used [0x00000000ed080000,0x00000000ed080000,0x00000000ed580000)
  to   space 5120K, 0% used [0x00000000ecb80000,0x00000000ecb80000,0x00000000ed080000)
 ParOldGen       total 87552K, used 0K [0x00000000c0000000, 0x00000000c5580000, 0x00000000eab00000)
  object space 87552K, 0% used [0x00000000c0000000,0x00000000c0000000,0x00000000c5580000)
 Metaspace       used 6824K, capacity 7056K, committed 7424K, reserved 1056768K
  class space    used 828K, capacity 908K, committed 1024K, reserved 1048576K
Event: 1.182 GC heap after
Heap after GC invocations=1 (full 0):
 PSYoungGen      total 38400K, used 4169K [0x00000000eab00000, 0x00000000ed580000, 0x0000000100000000)
  eden space 33280K, 0% used [0x00000000eab00000,0x00000000eab00000,0x00000000ecb80000)
  from space 5120K, 81% used [0x00000000ecb80000,0x00000000ecf92760,0x00000000ed080000)
  to   space 5120K, 0% used [0x00000000ed080000,0x00000000ed080000,0x00000000ed580000)
 ParOldGen       total 87552K, used 8K [0x00000000c0000000, 0x00000000c5580000, 0x00000000eab00000)
  object space 87552K, 0% used [0x00000000c0000000,0x00000000c0002000,0x00000000c5580000)
 Metaspace       used 6824K, capacity 7056K, committed 7424K, reserved 1056768K
  class space    used 828K, capacity 908K, committed 1024K, reserved 1048576K
}
Event: 1.582 GC heap before
{Heap before GC invocations=2 (full 0):
 PSYoungGen      total 38400K, used 37449K [0x00000000eab00000, 0x00000000ed580000, 0x0000000100000000)
  eden space 33280K, 100% used [0x00000000eab00000,0x00000000ecb80000,0x00000000ecb80000)
  from space 5120K, 81% used [0x00000000ecb80000,0x00000000ecf92760,0x00000000ed080000)
  to   space 5120K, 0% used [0x00000000ed080000,0x00000000ed080000,0x00000000ed580000)
 ParOldGen       total 87552K, used 8K [0x00000000c0000000, 0x00000000c5580000, 0x00000000eab00000)
  object space 87552K, 0% used [0x00000000c0000000,0x00000000c0002000,0x00000000c5580000)
 Metaspace       used 7066K, capacity 7368K, committed 7680K, reserved 1056768K
  class space    used 861K, capacity 948K, committed 1024K, reserved 1048576K
Event: 1.586 GC heap after
Heap after GC invocations=2 (full 0):
 PSYoungGen      total 38400K, used 3165K [0x00000000eab00000, 0x00000000ed580000, 0x0000000100000000)
  eden space 33280K, 0% used [0x00000000eab00000,0x00000000eab00000,0x00000000ecb80000)
  from space 5120K, 61% used [0x00000000ed080000,0x00000000ed3976e0,0x00000000ed580000)
  to   space 5120K, 0% used [0x00000000ecb80000,0x00000000ecb80000,0x00000000ed080000)
 ParOldGen       total 87552K, used 16K [0x00000000c0000000, 0x00000000c5580000, 0x00000000eab00000)
  object space 87552K, 0% used [0x00000000c0000000,0x00000000c0004000,0x00000000c5580000)
 Metaspace       used 7066K, capacity 7368K, committed 7680K, reserved 1056768K
  class space    used 861K, capacity 948K, committed 1024K, reserved 1048576K
}
Event: 3.275 GC heap before
{Heap before GC invocations=3 (full 0):
 PSYoungGen      total 38400K, used 36445K [0x00000000eab00000, 0x00000000ed580000, 0x0000000100000000)
  eden space 33280K, 100% used [0x00000000eab00000,0x00000000ecb80000,0x00000000ecb80000)
  from space 5120K, 61% used [0x00000000ed080000,0x00000000ed3976e0,0x00000000ed580000)
  to   space 5120K, 0% used [0x00000000ecb80000,0x00000000ecb80000,0x00000000ed080000)
 ParOldGen       total 87552K, used 16K [0x00000000c0000000, 0x00000000c5580000, 0x00000000eab00000)
  object space 87552K, 0% used [0x00000000c0000000,0x00000000c0004000,0x00000000c5580000)
 Metaspace       used 12318K, capacity 12732K, committed 12800K, reserved 1060864K
  class space    used 1641K, capacity 1772K, committed 1792K, reserved 1048576K
Event: 3.290 GC heap after
Heap after GC invocations=3 (full 0):
 PSYoungGen      total 38400K, used 5120K [0x00000000eab00000, 0x00000000ed580000, 0x0000000100000000)
  eden space 33280K, 0% used [0x00000000eab00000,0x00000000eab00000,0x00000000ecb80000)
  from space 5120K, 100% used [0x00000000ecb80000,0x00000000ed080000,0x00000000ed080000)
  to   space 5120K, 0% used [0x00000000ed080000,0x00000000ed080000,0x00000000ed580000)
 ParOldGen       total 87552K, used 1271K [0x00000000c0000000, 0x00000000c5580000, 0x00000000eab00000)
  object space 87552K, 1% used [0x00000000c0000000,0x00000000c013df58,0x00000000c5580000)
 Metaspace       used 12318K, capacity 12732K, committed 12800K, reserved 1060864K
  class space    used 1641K, capacity 1772K, committed 1792K, reserved 1048576K
}
Event: 3.716 GC heap before
{Heap before GC invocations=4 (full 0):
 PSYoungGen      total 38400K, used 38400K [0x00000000eab00000, 0x00000000ed580000, 0x0000000100000000)
  eden space 33280K, 100% used [0x00000000eab00000,0x00000000ecb80000,0x00000000ecb80000)
  from space 5120K, 100% used [0x00000000ecb80000,0x00000000ed080000,0x00000000ed080000)
  to   space 5120K, 0% used [0x00000000ed080000,0x00000000ed080000,0x00000000ed580000)
 ParOldGen       total 87552K, used 1271K [0x00000000c0000000, 0x00000000c5580000, 0x00000000eab00000)
  object space 87552K, 1% used [0x00000000c0000000,0x00000000c013df58,0x00000000c5580000)
 Metaspace       used 14662K, capacity 14980K, committed 15232K, reserved 1062912K
  class space    used 2044K, capacity 2160K, committed 2176K, reserved 1048576K
Event: 3.726 GC heap after
Heap after GC invocations=4 (full 0):
 PSYoungGen      total 38400K, used 5088K [0x00000000eab00000, 0x00000000ed580000, 0x0000000100000000)
  eden space 33280K, 0% used [0x00000000eab00000,0x00000000eab00000,0x00000000ecb80000)
  from space 5120K, 99% used [0x00000000ed080000,0x00000000ed578020,0x00000000ed580000)
  to   space 5120K, 0% used [0x00000000ecb80000,0x00000000ecb80000,0x00000000ed080000)
 ParOldGen       total 87552K, used 3732K [0x00000000c0000000, 0x00000000c5580000, 0x00000000eab00000)
  object space 87552K, 4% used [0x00000000c0000000,0x00000000c03a53b8,0x00000000c5580000)
 Metaspace       used 14662K, capacity 14980K, committed 15232K, reserved 1062912K
  class space    used 2044K, capacity 2160K, committed 2176K, reserved 1048576K
}

Deoptimization events (10 events):
Event: 2.349 Thread 0x000000000284d800 Uncommon trap: reason=unstable_if action=reinterpret pc=0x0000000002d7530c method=java.io.WinNTFileSystem.normalize(Ljava/lang/String;)Ljava/lang/String; @ 128
Event: 3.135 Thread 0x0000000018b5f000 Uncommon trap: reason=unstable_if action=reinterpret pc=0x0000000002e88970 method=java.util.concurrent.ConcurrentHashMap.putVal(Ljava/lang/Object;Ljava/lang/Object;Z)Ljava/lang/Object; @ 206
Event: 3.211 Thread 0x0000000018bf6800 Uncommon trap: reason=bimorphic action=maybe_recompile pc=0x0000000002d31ae0 method=java.util.HashMap.putVal(ILjava/lang/Object;Ljava/lang/Object;ZZ)Ljava/lang/Object; @ 253
Event: 3.211 Thread 0x0000000018bf6800 Uncommon trap: reason=bimorphic action=maybe_recompile pc=0x0000000002d31ae0 method=java.util.HashMap.putVal(ILjava/lang/Object;Ljava/lang/Object;ZZ)Ljava/lang/Object; @ 253
Event: 3.211 Thread 0x0000000018bf6800 Uncommon trap: reason=bimorphic action=maybe_recompile pc=0x0000000002d31ae0 method=java.util.HashMap.putVal(ILjava/lang/Object;Ljava/lang/Object;ZZ)Ljava/lang/Object; @ 253
Event: 3.527 Thread 0x0000000018bf6800 Uncommon trap: reason=class_check action=maybe_recompile pc=0x0000000002d84bd8 method=java.util.regex.Matcher.match(II)Z @ 86
Event: 3.543 Thread 0x0000000018bf6800 Uncommon trap: reason=class_check action=maybe_recompile pc=0x0000000002d84bd8 method=java.util.regex.Matcher.match(II)Z @ 86
Event: 3.544 Thread 0x0000000018bf6800 Uncommon trap: reason=class_check action=maybe_recompile pc=0x0000000002d84bd8 method=java.util.regex.Matcher.match(II)Z @ 86
Event: 3.544 Thread 0x0000000018bf6800 Uncommon trap: reason=class_check action=maybe_recompile pc=0x0000000002c11e5c method=java.util.regex.Matcher.match(II)Z @ 86
Event: 4.065 Thread 0x0000000018bf6800 Uncommon trap: reason=unstable_if action=reinterpret pc=0x0000000002f472b4 method=java.lang.String.lastIndexOf([CII[CIII)I @ 66

Classes redefined (0 events):
No events

Internal exceptions (10 events):
Event: 3.151 Thread 0x0000000018b5f000 Exception <a 'java/lang/NoSuchMethodError': <clinit>> (0x00000000ec60d438) thrown at [C:\src\AOSP-openjdk-git\hotspot\src\share\vm\prims\jni.cpp, line 1615]
Event: 3.152 Thread 0x0000000018b5f000 Exception <a 'java/lang/NoSuchMethodError': <clinit>> (0x00000000ec615fd8) thrown at [C:\src\AOSP-openjdk-git\hotspot\src\share\vm\prims\jni.cpp, line 1615]
Event: 3.154 Thread 0x0000000018b5f000 Exception <a 'java/lang/NoSuchMethodError': <clinit>> (0x00000000ec62c1e8) thrown at [C:\src\AOSP-openjdk-git\hotspot\src\share\vm\prims\jni.cpp, line 1615]
Event: 3.165 Thread 0x0000000018b5f000 Exception <a 'java/lang/NoSuchMethodError': <clinit>> (0x00000000ec686560) thrown at [C:\src\AOSP-openjdk-git\hotspot\src\share\vm\prims\jni.cpp, line 1615]
Event: 3.172 Thread 0x0000000018b5f000 Exception <a 'java/lang/NoSuchMethodError': <clinit>> (0x00000000ec6b28f0) thrown at [C:\src\AOSP-openjdk-git\hotspot\src\share\vm\prims\jni.cpp, line 1615]
Event: 3.180 Thread 0x0000000018b5f000 Exception <a 'java/lang/NoSuchMethodError': <clinit>> (0x00000000ec6df818) thrown at [C:\src\AOSP-openjdk-git\hotspot\src\share\vm\prims\jni.cpp, line 1615]
Event: 3.182 Thread 0x0000000018b5f000 Exception <a 'java/lang/NoSuchMethodError': <clinit>> (0x00000000ec6ea8a0) thrown at [C:\src\AOSP-openjdk-git\hotspot\src\share\vm\prims\jni.cpp, line 1615]
Event: 3.946 Thread 0x0000000018bf6800 Exception <a 'java/lang/NoSuchMethodError': java.lang.Object.lambda$and$0(Ljava/util/function/Predicate;Ljava/lang/Object;)Z> (0x00000000eb4382c8) thrown at [C:\src\AOSP-openjdk-git\hotspot\src\share\vm\interpreter\linkResolver.cpp, line 620]
Event: 3.991 Thread 0x0000000018bf6800 Exception <a 'java/lang/IncompatibleClassChangeError': Found class java.lang.Object, but interface was expected> (0x00000000eb44e5b0) thrown at [C:\src\AOSP-openjdk-git\hotspot\src\share\vm\interpreter\linkResolver.cpp, line 653]
Event: 4.000 Thread 0x0000000018bf6800 Exception <a 'java/lang/NoSuchMethodError': java.lang.Object.lambda$or$2(Ljava/util/function/Predicate;Ljava/lang/Object;)Z> (0x00000000eb4534d0) thrown at [C:\src\AOSP-openjdk-git\hotspot\src\share\vm\interpreter\linkResolver.cpp, line 620]

Events (10 events):
Event: 4.157 loading class org/gradle/internal/scripts/CompileScriptBuildOperationType$Result
Event: 4.157 loading class org/gradle/internal/scripts/CompileScriptBuildOperationType$Result done
Event: 4.157 loading class org/gradle/internal/operations/RunnableBuildOperation
Event: 4.157 loading class org/gradle/internal/operations/RunnableBuildOperation done
Event: 4.158 loading class org/gradle/groovy/scripts/internal/BuildOperationBackedScriptCompilationHandler$1
Event: 4.158 loading class org/gradle/groovy/scripts/internal/BuildOperationBackedScriptCompilationHandler$1 done
Event: 4.158 loading class org/gradle/groovy/scripts/internal/DefaultScriptCompilationHandler
Event: 4.158 loading class org/gradle/groovy/scripts/internal/DefaultScriptCompilationHandler done
Event: 4.160 loading class org/codehaus/groovy/control/MultipleCompilationErrorsException
Event: 4.160 loading class org/codehaus/groovy/control/MultipleCompilationErrorsException done


Dynamic libraries:
0x00007ff6580b0000 - 0x00007ff6580e1000 	C:\Program Files\Android\Android Studio\jre\bin\java.exe
0x00007ffd4f490000 - 0x00007ffd4f685000 	C:\WINDOWS\SYSTEM32\ntdll.dll
0x00007ffd4d4f0000 - 0x00007ffd4d5ad000 	C:\WINDOWS\System32\KERNEL32.DLL
0x00007ffd4cf10000 - 0x00007ffd4d1d9000 	C:\WINDOWS\System32\KERNELBASE.dll
0x00007ffd4e760000 - 0x00007ffd4e80c000 	C:\WINDOWS\System32\ADVAPI32.dll
0x00007ffd4d750000 - 0x00007ffd4d7ee000 	C:\WINDOWS\System32\msvcrt.dll
0x00007ffd4ed80000 - 0x00007ffd4ee1c000 	C:\WINDOWS\System32\sechost.dll
0x00007ffd4d9d0000 - 0x00007ffd4dafb000 	C:\WINDOWS\System32\RPCRT4.dll
0x00007ffd4db00000 - 0x00007ffd4dca0000 	C:\WINDOWS\System32\USER32.dll
0x00007ffd4ccd0000 - 0x00007ffd4ccf2000 	C:\WINDOWS\System32\win32u.dll
0x00007ffd4eca0000 - 0x00007ffd4ecca000 	C:\WINDOWS\System32\GDI32.dll
0x00007ffd4cd80000 - 0x00007ffd4ce8b000 	C:\WINDOWS\System32\gdi32full.dll
0x00007ffd4d3a0000 - 0x00007ffd4d43d000 	C:\WINDOWS\System32\msvcp_win.dll
0x00007ffd4cbd0000 - 0x00007ffd4ccd0000 	C:\WINDOWS\System32\ucrtbase.dll
0x00007ffd40cf0000 - 0x00007ffd40f8a000 	C:\WINDOWS\WinSxS\amd64_microsoft.windows.common-controls_6595b64144ccf1df_6.0.19041.844_none_ca00b6081b84eb1d\COMCTL32.dll
0x00007ffd4eb40000 - 0x00007ffd4eb70000 	C:\WINDOWS\System32\IMM32.DLL
0x0000000053fb0000 - 0x0000000054082000 	C:\Program Files\Android\Android Studio\jre\jre\bin\msvcr100.dll
0x00000000530c0000 - 0x000000005390b000 	C:\Program Files\Android\Android Studio\jre\jre\bin\server\jvm.dll
0x00007ffd4f440000 - 0x00007ffd4f448000 	C:\WINDOWS\System32\PSAPI.DLL
0x00007ffd43430000 - 0x00007ffd4343a000 	C:\WINDOWS\SYSTEM32\VERSION.dll
0x00007ffd45070000 - 0x00007ffd45097000 	C:\WINDOWS\SYSTEM32\WINMM.dll
0x00007ffd49a80000 - 0x00007ffd49a89000 	C:\WINDOWS\SYSTEM32\WSOCK32.dll
0x00007ffd4ee20000 - 0x00007ffd4ee8b000 	C:\WINDOWS\System32\WS2_32.dll
0x00007ffd49420000 - 0x00007ffd4942f000 	C:\Program Files\Android\Android Studio\jre\jre\bin\verify.dll
0x00007ffd46ec0000 - 0x00007ffd46ee9000 	C:\Program Files\Android\Android Studio\jre\jre\bin\java.dll
0x00007ffd446f0000 - 0x00007ffd44706000 	C:\Program Files\Android\Android Studio\jre\jre\bin\zip.dll
0x00007ffd4e010000 - 0x00007ffd4e752000 	C:\WINDOWS\System32\SHELL32.dll
0x00007ffd4aae0000 - 0x00007ffd4b270000 	C:\WINDOWS\SYSTEM32\windows.storage.dll
0x00007ffd4dca0000 - 0x00007ffd4dff5000 	C:\WINDOWS\System32\combase.dll
0x00007ffd4c570000 - 0x00007ffd4c59c000 	C:\WINDOWS\SYSTEM32\Wldp.dll
0x00007ffd4e9d0000 - 0x00007ffd4ea7e000 	C:\WINDOWS\System32\SHCORE.dll
0x00007ffd4ef70000 - 0x00007ffd4efc5000 	C:\WINDOWS\System32\shlwapi.dll
0x00007ffd4cb10000 - 0x00007ffd4cb2f000 	C:\WINDOWS\SYSTEM32\profapi.dll
0x00007ffd410e0000 - 0x00007ffd410fa000 	C:\Program Files\Android\Android Studio\jre\jre\bin\net.dll
0x00007ffd4c2f0000 - 0x00007ffd4c35a000 	C:\WINDOWS\system32\mswsock.dll
0x00007ffd410a0000 - 0x00007ffd410b3000 	C:\Program Files\Android\Android Studio\jre\jre\bin\nio.dll
0x00007ffd45c40000 - 0x00007ffd45c66000 	C:\Users\Admin\.gradle\native\30\windows-amd64\native-platform.dll
0x00007ffd49410000 - 0x00007ffd4941d000 	C:\Program Files\Android\Android Studio\jre\jre\bin\management.dll
0x00007ffd4c4c0000 - 0x00007ffd4c4d8000 	C:\WINDOWS\SYSTEM32\CRYPTSP.dll
0x00007ffd4bc90000 - 0x00007ffd4bcc4000 	C:\WINDOWS\system32\rsaenh.dll
0x00007ffd4cd00000 - 0x00007ffd4cd27000 	C:\WINDOWS\System32\bcrypt.dll
0x00007ffd4cad0000 - 0x00007ffd4cafe000 	C:\WINDOWS\SYSTEM32\USERENV.dll
0x00007ffd4ce90000 - 0x00007ffd4cf10000 	C:\WINDOWS\System32\bcryptprimitives.dll
0x00007ffd4c4e0000 - 0x00007ffd4c4ec000 	C:\WINDOWS\SYSTEM32\CRYPTBASE.dll
0x00007ffd4bfe0000 - 0x00007ffd4c01b000 	C:\WINDOWS\SYSTEM32\IPHLPAPI.DLL
0x00007ffd4e810000 - 0x00007ffd4e818000 	C:\WINDOWS\System32\NSI.dll
0x00007ffd45d70000 - 0x00007ffd45d87000 	C:\WINDOWS\SYSTEM32\dhcpcsvc6.DLL
0x00007ffd46400000 - 0x00007ffd4641d000 	C:\WINDOWS\SYSTEM32\dhcpcsvc.DLL
0x00007ffd4c020000 - 0x00007ffd4c0eb000 	C:\WINDOWS\SYSTEM32\DNSAPI.dll

VM Arguments:
jvm_args: -Xmx1024m -Dfile.encoding=windows-1252 -Duser.country=US -Duser.language=en -Duser.variant 
java_command: org.gradle.launcher.daemon.bootstrap.GradleDaemon 5.6.4
java_class_path (initial): C:\Users\Admin\.gradle\wrapper\dists\gradle-5.6.4-all\ankdp27end7byghfw1q2sw75f\gradle-5.6.4\lib\gradle-launcher-5.6.4.jar
Launcher Type: SUN_STANDARD

Environment Variables:
PATH=C:\Program Files (x86)\Common Files\Oracle\Java\javapath;C:\WINDOWS\system32;C:\WINDOWS;C:\WINDOWS\System32\Wbem;C:\WINDOWS\System32\WindowsPowerShell\v1.0\;C:\WINDOWS\System32\OpenSSH\;C:\Program Files\Git\cmd;C:\Users\Admin\AppData\Local\Microsoft\WindowsApps;
USERNAME=Admin
OS=Windows_NT
PROCESSOR_IDENTIFIER=Intel64 Family 6 Model 61 Stepping 4, GenuineIntel



---------------  S Y S T E M  ---------------

OS: Windows 10.0 , 64 bit Build 19041 (10.0.19041.804)

CPU:total 4 (initial active 4) (2 cores per cpu, 2 threads per core) family 6 model 61 stepping 4, cmov, cx8, fxsr, mmx, sse, sse2, sse3, ssse3, sse4.1, sse4.2, popcnt, avx, avx2, aes, clmul, erms, 3dnowpref, lzcnt, ht, tsc, tscinvbit, bmi1, bmi2, adx

Memory: 4k page, physical 8307376k(815140k free), swap 18731436k(6432k free)

vm_info: OpenJDK 64-Bit Server VM (25.242-b01) for windows-amd64 JRE (1.8.0_242-release-1644-b01), built by "builder" with MS VC++ 10.0 (VS2010)

time: Thu May 06 10:50:27 2021
timezone: India Standard Time
elapsed time: 4 seconds (0d 0h 0m 4s)

