#
# There is insufficient memory for the Java Runtime Environment to continue.
# Native memory allocation (malloc) failed to allocate 936656 bytes for Chunk::new
# Possible reasons:
#   The system is out of physical RAM or swap space
#   The process is running with CompressedOops enabled, and the Java Heap may be blocking the growth of the native heap
# Possible solutions:
#   Reduce memory load on the system
#   Increase physical memory or swap space
#   Check if swap backing store is full
#   Decrease Java heap size (-Xmx/-Xms)
#   Decrease number of Java threads
#   Decrease Java thread stack sizes (-Xss)
#   Set larger code cache with -XX:ReservedCodeCacheSize=
#   JVM is running with Unscaled Compressed Oops mode in which the Java heap is
#     placed in the first 4GB address space. The Java Heap base address is the
#     maximum limit for the native heap growth. Please use -XX:HeapBaseMinAddress
#     to set the Java Heap base and to place the Java Heap above 4GB virtual address.
# This output file may be truncated or incomplete.
#
#  Out of Memory Error (allocation.cpp:389), pid=3668, tid=0x00000000000028b0
#
# JRE version: OpenJDK Runtime Environment (8.0_242-b01) (build 1.8.0_242-release-1644-b01)
# Java VM: OpenJDK 64-Bit Server VM (25.242-b01 mixed mode windows-amd64 compressed oops)
# Failed to write core dump. Minidumps are not enabled by default on client versions of Windows
#

---------------  T H R E A D  ---------------

Current thread (0x0000000015861000):  JavaThread "C2 CompilerThread0" daemon [_thread_in_native, id=10416, stack(0x0000000016ec0000,0x0000000016fc0000)]

Stack: [0x0000000016ec0000,0x0000000016fc0000]
[error occurred during error reporting (printing stack bounds), id 0xc0000005]

Native frames: (J=compiled Java code, j=interpreted, Vv=VM code, C=native code)


Current CompileTask:
C2:   4286 1523   !   4       java.net.URLClassLoader$1::run (63 bytes)


---------------  P R O C E S S  ---------------

Java Threads: ( => current thread )
  0x00000000191d4800 JavaThread "Cache worker for journal cache (C:\Users\Admin\.gradle\caches\journal-1)" [_thread_blocked, id=16568, stack(0x000000001b5e0000,0x000000001b6e0000)]
  0x00000000191d2000 JavaThread "File lock request listener" [_thread_in_native, id=7620, stack(0x000000001b4e0000,0x000000001b5e0000)]
  0x00000000191d1800 JavaThread "Cache worker for file hash cache (C:\Users\Admin\.gradle\caches\5.6.4\fileHashes)" [_thread_blocked, id=8312, stack(0x000000001b3e0000,0x000000001b4e0000)]
  0x00000000191cd000 JavaThread "Thread-9" [_thread_blocked, id=14516, stack(0x000000001b0e0000,0x000000001b1e0000)]
  0x00000000191ce800 JavaThread "Stdin handler" [_thread_blocked, id=16644, stack(0x000000001afe0000,0x000000001b0e0000)]
  0x00000000191d0800 JavaThread "Asynchronous log dispatcher for DefaultDaemonConnection: socket connection from /127.0.0.1:60559 to /127.0.0.1:60560" [_thread_blocked, id=13932, stack(0x000000001aee0000,0x000000001afe0000)]
  0x00000000191d3000 JavaThread "Daemon worker" [_thread_in_vm, id=13980, stack(0x000000001ade0000,0x000000001aee0000)]
  0x00000000191d3800 JavaThread "Cancel handler" [_thread_blocked, id=10956, stack(0x000000001ace0000,0x000000001ade0000)]
  0x00000000191d0000 JavaThread "Handler for socket connection from /127.0.0.1:60559 to /127.0.0.1:60560" [_thread_in_native, id=12128, stack(0x000000001a9e0000,0x000000001aae0000)]
  0x0000000017d71000 JavaThread "Daemon" [_thread_blocked, id=8416, stack(0x000000001a8e0000,0x000000001a9e0000)]
  0x0000000017d74000 JavaThread "Daemon periodic checks" [_thread_blocked, id=8424, stack(0x000000001a7e0000,0x000000001a8e0000)]
  0x0000000017d72800 JavaThread "Incoming local TCP Connector on port 60559" [_thread_in_native, id=12196, stack(0x000000001a5a0000,0x000000001a6a0000)]
  0x0000000017d71800 JavaThread "Daemon health stats" [_thread_blocked, id=16444, stack(0x0000000019f60000,0x000000001a060000)]
  0x00000000171e8800 JavaThread "Service Thread" daemon [_thread_blocked, id=6296, stack(0x00000000175c0000,0x00000000176c0000)]
  0x000000001587b800 JavaThread "C1 CompilerThread2" daemon [_thread_blocked, id=7448, stack(0x00000000170c0000,0x00000000171c0000)]
  0x0000000015868000 JavaThread "C2 CompilerThread1" daemon [_thread_in_native, id=17180, stack(0x0000000016fc0000,0x00000000170c0000)]
=>0x0000000015861000 JavaThread "C2 CompilerThread0" daemon [_thread_in_native, id=10416, stack(0x0000000016ec0000,0x0000000016fc0000)]
  0x0000000015866000 JavaThread "Attach Listener" daemon [_thread_blocked, id=8780, stack(0x0000000016dc0000,0x0000000016ec0000)]
  0x0000000015864800 JavaThread "Signal Dispatcher" daemon [_thread_blocked, id=8848, stack(0x0000000016cc0000,0x0000000016dc0000)]
  0x000000000292b000 JavaThread "Finalizer" daemon [_thread_blocked, id=15284, stack(0x0000000016ac0000,0x0000000016bc0000)]
  0x0000000015849000 JavaThread "Reference Handler" daemon [_thread_blocked, id=580, stack(0x00000000169c0000,0x0000000016ac0000)]
  0x000000000272d800 JavaThread "main" [_thread_blocked, id=14588, stack(0x0000000002730000,0x0000000002830000)]

Other Threads:
  0x0000000015826000 VMThread [stack: 0x00000000168c0000,0x00000000169c0000] [id=12104]
  0x00000000158bd000 WatcherThread [stack: 0x00000000176c0000,0x00000000177c0000] [id=4916]

VM state:not at safepoint (normal execution)

VM Mutex/Monitor currently owned by a thread: None

heap address: 0x00000000b1c00000, size: 1252 MB, Compressed Oops mode: 32-bit
Narrow klass base: 0x0000000000000000, Narrow klass shift: 3
Compressed class space size: 1073741824 Address: 0x0000000100000000

Heap:
 PSYoungGen      total 38400K, used 17361K [0x00000000e5f00000, 0x00000000e8980000, 0x0000000100000000)
  eden space 33280K, 36% used [0x00000000e5f00000,0x00000000e6af84a8,0x00000000e7f80000)
  from space 5120K, 99% used [0x00000000e8480000,0x00000000e897c010,0x00000000e8980000)
  to   space 5120K, 0% used [0x00000000e7f80000,0x00000000e7f80000,0x00000000e8480000)
 ParOldGen       total 87552K, used 3707K [0x00000000b1c00000, 0x00000000b7180000, 0x00000000e5f00000)
  object space 87552K, 4% used [0x00000000b1c00000,0x00000000b1f9ece0,0x00000000b7180000)
 Metaspace       used 15770K, capacity 16240K, committed 16512K, reserved 1062912K
  class space    used 2215K, capacity 2372K, committed 2432K, reserved 1048576K

Card table byte_map: [0x0000000011cf0000,0x0000000011f70000] byte_map_base: 0x0000000011762000

Marking Bits: (ParMarkBitMap*) 0x000000005388f030
 Begin Bits: [0x0000000012520000, 0x00000000138b0000)
 End Bits:   [0x00000000138b0000, 0x0000000014c40000)

Polling page: 0x00000000009f0000

CodeCache: size=245760Kb used=5439Kb max_used=5439Kb free=240320Kb
 bounds [0x0000000002930000, 0x0000000002e90000, 0x0000000011930000]
 total_blobs=1940 nmethods=1549 adapters=304
 compilation: enabled

Compilation events (10 events):
Event: 4.233 Thread 0x000000001587b800 1547   !   3       org.gradle.internal.service.DefaultServiceRegistry$ManagedObjectServiceProvider::getInstance (81 bytes)
Event: 4.234 Thread 0x000000001587b800 nmethod 1547 0x0000000002e80b50 code [0x0000000002e80cc0, 0x0000000002e81128]
Event: 4.253 Thread 0x000000001587b800 1549       3       java.util.concurrent.locks.AbstractQueuedSynchronizer::setState (6 bytes)
Event: 4.254 Thread 0x000000001587b800 nmethod 1549 0x0000000002e81210 code [0x0000000002e81360, 0x0000000002e814b0]
Event: 4.271 Thread 0x000000001587b800 1550       3       java.lang.StringBuilder::append (10 bytes)
Event: 4.271 Thread 0x000000001587b800 nmethod 1550 0x0000000002e81510 code [0x0000000002e81680, 0x0000000002e81808]
Event: 4.271 Thread 0x000000001587b800 1551       1       com.google.common.io.LineReader::access$000 (5 bytes)
Event: 4.272 Thread 0x000000001587b800 nmethod 1551 0x0000000002e81890 code [0x0000000002e819e0, 0x0000000002e81ad0]
Event: 4.273 Thread 0x000000001587b800 1552       3       java.net.URLConnection::<init> (44 bytes)
Event: 4.274 Thread 0x000000001587b800 nmethod 1552 0x0000000002e81b50 code [0x0000000002e81cc0, 0x0000000002e81ed0]

GC Heap History (8 events):
Event: 1.345 GC heap before
{Heap before GC invocations=1 (full 0):
 PSYoungGen      total 38400K, used 33280K [0x00000000e5f00000, 0x00000000e8980000, 0x0000000100000000)
  eden space 33280K, 100% used [0x00000000e5f00000,0x00000000e7f80000,0x00000000e7f80000)
  from space 5120K, 0% used [0x00000000e8480000,0x00000000e8480000,0x00000000e8980000)
  to   space 5120K, 0% used [0x00000000e7f80000,0x00000000e7f80000,0x00000000e8480000)
 ParOldGen       total 87552K, used 0K [0x00000000b1c00000, 0x00000000b7180000, 0x00000000e5f00000)
  object space 87552K, 0% used [0x00000000b1c00000,0x00000000b1c00000,0x00000000b7180000)
 Metaspace       used 6820K, capacity 7056K, committed 7424K, reserved 1056768K
  class space    used 828K, capacity 908K, committed 1024K, reserved 1048576K
Event: 1.351 GC heap after
Heap after GC invocations=1 (full 0):
 PSYoungGen      total 38400K, used 4172K [0x00000000e5f00000, 0x00000000e8980000, 0x0000000100000000)
  eden space 33280K, 0% used [0x00000000e5f00000,0x00000000e5f00000,0x00000000e7f80000)
  from space 5120K, 81% used [0x00000000e7f80000,0x00000000e8393398,0x00000000e8480000)
  to   space 5120K, 0% used [0x00000000e8480000,0x00000000e8480000,0x00000000e8980000)
 ParOldGen       total 87552K, used 8K [0x00000000b1c00000, 0x00000000b7180000, 0x00000000e5f00000)
  object space 87552K, 0% used [0x00000000b1c00000,0x00000000b1c02000,0x00000000b7180000)
 Metaspace       used 6820K, capacity 7056K, committed 7424K, reserved 1056768K
  class space    used 828K, capacity 908K, committed 1024K, reserved 1048576K
}
Event: 1.760 GC heap before
{Heap before GC invocations=2 (full 0):
 PSYoungGen      total 38400K, used 37452K [0x00000000e5f00000, 0x00000000e8980000, 0x0000000100000000)
  eden space 33280K, 100% used [0x00000000e5f00000,0x00000000e7f80000,0x00000000e7f80000)
  from space 5120K, 81% used [0x00000000e7f80000,0x00000000e8393398,0x00000000e8480000)
  to   space 5120K, 0% used [0x00000000e8480000,0x00000000e8480000,0x00000000e8980000)
 ParOldGen       total 87552K, used 8K [0x00000000b1c00000, 0x00000000b7180000, 0x00000000e5f00000)
  object space 87552K, 0% used [0x00000000b1c00000,0x00000000b1c02000,0x00000000b7180000)
 Metaspace       used 7064K, capacity 7368K, committed 7680K, reserved 1056768K
  class space    used 861K, capacity 948K, committed 1024K, reserved 1048576K
Event: 1.767 GC heap after
Heap after GC invocations=2 (full 0):
 PSYoungGen      total 38400K, used 3117K [0x00000000e5f00000, 0x00000000e8980000, 0x0000000100000000)
  eden space 33280K, 0% used [0x00000000e5f00000,0x00000000e5f00000,0x00000000e7f80000)
  from space 5120K, 60% used [0x00000000e8480000,0x00000000e878b6d0,0x00000000e8980000)
  to   space 5120K, 0% used [0x00000000e7f80000,0x00000000e7f80000,0x00000000e8480000)
 ParOldGen       total 87552K, used 16K [0x00000000b1c00000, 0x00000000b7180000, 0x00000000e5f00000)
  object space 87552K, 0% used [0x00000000b1c00000,0x00000000b1c04000,0x00000000b7180000)
 Metaspace       used 7064K, capacity 7368K, committed 7680K, reserved 1056768K
  class space    used 861K, capacity 948K, committed 1024K, reserved 1048576K
}
Event: 3.605 GC heap before
{Heap before GC invocations=3 (full 0):
 PSYoungGen      total 38400K, used 36397K [0x00000000e5f00000, 0x00000000e8980000, 0x0000000100000000)
  eden space 33280K, 100% used [0x00000000e5f00000,0x00000000e7f80000,0x00000000e7f80000)
  from space 5120K, 60% used [0x00000000e8480000,0x00000000e878b6d0,0x00000000e8980000)
  to   space 5120K, 0% used [0x00000000e7f80000,0x00000000e7f80000,0x00000000e8480000)
 ParOldGen       total 87552K, used 16K [0x00000000b1c00000, 0x00000000b7180000, 0x00000000e5f00000)
  object space 87552K, 0% used [0x00000000b1c00000,0x00000000b1c04000,0x00000000b7180000)
 Metaspace       used 12327K, capacity 12732K, committed 12800K, reserved 1060864K
  class space    used 1642K, capacity 1772K, committed 1792K, reserved 1048576K
Event: 3.617 GC heap after
Heap after GC invocations=3 (full 0):
 PSYoungGen      total 38400K, used 5120K [0x00000000e5f00000, 0x00000000e8980000, 0x0000000100000000)
  eden space 33280K, 0% used [0x00000000e5f00000,0x00000000e5f00000,0x00000000e7f80000)
  from space 5120K, 100% used [0x00000000e7f80000,0x00000000e8480000,0x00000000e8480000)
  to   space 5120K, 0% used [0x00000000e8480000,0x00000000e8480000,0x00000000e8980000)
 ParOldGen       total 87552K, used 1279K [0x00000000b1c00000, 0x00000000b7180000, 0x00000000e5f00000)
  object space 87552K, 1% used [0x00000000b1c00000,0x00000000b1d3fc10,0x00000000b7180000)
 Metaspace       used 12327K, capacity 12732K, committed 12800K, reserved 1060864K
  class space    used 1642K, capacity 1772K, committed 1792K, reserved 1048576K
}
Event: 4.045 GC heap before
{Heap before GC invocations=4 (full 0):
 PSYoungGen      total 38400K, used 38400K [0x00000000e5f00000, 0x00000000e8980000, 0x0000000100000000)
  eden space 33280K, 100% used [0x00000000e5f00000,0x00000000e7f80000,0x00000000e7f80000)
  from space 5120K, 100% used [0x00000000e7f80000,0x00000000e8480000,0x00000000e8480000)
  to   space 5120K, 0% used [0x00000000e8480000,0x00000000e8480000,0x00000000e8980000)
 ParOldGen       total 87552K, used 1279K [0x00000000b1c00000, 0x00000000b7180000, 0x00000000e5f00000)
  object space 87552K, 1% used [0x00000000b1c00000,0x00000000b1d3fc10,0x00000000b7180000)
 Metaspace       used 14673K, capacity 15108K, committed 15232K, reserved 1062912K
  class space    used 2043K, capacity 2160K, committed 2176K, reserved 1048576K
Event: 4.057 GC heap after
Heap after GC invocations=4 (full 0):
 PSYoungGen      total 38400K, used 5104K [0x00000000e5f00000, 0x00000000e8980000, 0x0000000100000000)
  eden space 33280K, 0% used [0x00000000e5f00000,0x00000000e5f00000,0x00000000e7f80000)
  from space 5120K, 99% used [0x00000000e8480000,0x00000000e897c010,0x00000000e8980000)
  to   space 5120K, 0% used [0x00000000e7f80000,0x00000000e7f80000,0x00000000e8480000)
 ParOldGen       total 87552K, used 3707K [0x00000000b1c00000, 0x00000000b7180000, 0x00000000e5f00000)
  object space 87552K, 4% used [0x00000000b1c00000,0x00000000b1f9ece0,0x00000000b7180000)
 Metaspace       used 14673K, capacity 15108K, committed 15232K, reserved 1062912K
  class space    used 2043K, capacity 2160K, committed 2176K, reserved 1048576K
}

Deoptimization events (10 events):
Event: 2.612 Thread 0x000000000272d800 Uncommon trap: reason=unstable_if action=reinterpret pc=0x0000000002bf3ed8 method=java.io.WinNTFileSystem.normalize(Ljava/lang/String;)Ljava/lang/String; @ 128
Event: 3.472 Thread 0x00000000191d0000 Uncommon trap: reason=unstable_if action=reinterpret pc=0x0000000002d23570 method=java.util.concurrent.ConcurrentHashMap.putVal(Ljava/lang/Object;Ljava/lang/Object;Z)Ljava/lang/Object; @ 206
Event: 3.546 Thread 0x00000000191d3000 Uncommon trap: reason=bimorphic action=maybe_recompile pc=0x0000000002bbb880 method=java.util.HashMap.putVal(ILjava/lang/Object;Ljava/lang/Object;ZZ)Ljava/lang/Object; @ 253
Event: 3.547 Thread 0x00000000191d3000 Uncommon trap: reason=bimorphic action=maybe_recompile pc=0x0000000002bbb880 method=java.util.HashMap.putVal(ILjava/lang/Object;Ljava/lang/Object;ZZ)Ljava/lang/Object; @ 253
Event: 3.547 Thread 0x00000000191d3000 Uncommon trap: reason=bimorphic action=maybe_recompile pc=0x0000000002bbb880 method=java.util.HashMap.putVal(ILjava/lang/Object;Ljava/lang/Object;ZZ)Ljava/lang/Object; @ 253
Event: 3.834 Thread 0x00000000191d3000 Uncommon trap: reason=class_check action=maybe_recompile pc=0x0000000002c11d58 method=java.util.regex.Matcher.match(II)Z @ 86
Event: 3.849 Thread 0x00000000191d3000 Uncommon trap: reason=class_check action=maybe_recompile pc=0x0000000002c11d58 method=java.util.regex.Matcher.match(II)Z @ 86
Event: 3.850 Thread 0x00000000191d3000 Uncommon trap: reason=class_check action=maybe_recompile pc=0x0000000002c11d58 method=java.util.regex.Matcher.match(II)Z @ 86
Event: 3.850 Thread 0x00000000191d3000 Uncommon trap: reason=class_check action=maybe_recompile pc=0x0000000002aa181c method=java.util.regex.Matcher.match(II)Z @ 86
Event: 4.254 Thread 0x00000000191d3000 Uncommon trap: reason=unstable_if action=reinterpret pc=0x0000000002de04b4 method=java.lang.String.lastIndexOf([CII[CIII)I @ 66

Classes redefined (0 events):
No events

Internal exceptions (10 events):
Event: 3.488 Thread 0x00000000191d0000 Exception <a 'java/lang/NoSuchMethodError': <clinit>> (0x00000000e7a0b320) thrown at [C:\src\AOSP-openjdk-git\hotspot\src\share\vm\prims\jni.cpp, line 1615]
Event: 3.489 Thread 0x00000000191d0000 Exception <a 'java/lang/NoSuchMethodError': <clinit>> (0x00000000e7a13ec0) thrown at [C:\src\AOSP-openjdk-git\hotspot\src\share\vm\prims\jni.cpp, line 1615]
Event: 3.491 Thread 0x00000000191d0000 Exception <a 'java/lang/NoSuchMethodError': <clinit>> (0x00000000e7a2a0f0) thrown at [C:\src\AOSP-openjdk-git\hotspot\src\share\vm\prims\jni.cpp, line 1615]
Event: 3.501 Thread 0x00000000191d0000 Exception <a 'java/lang/NoSuchMethodError': <clinit>> (0x00000000e7a84468) thrown at [C:\src\AOSP-openjdk-git\hotspot\src\share\vm\prims\jni.cpp, line 1615]
Event: 3.506 Thread 0x00000000191d0000 Exception <a 'java/lang/NoSuchMethodError': <clinit>> (0x00000000e7ab0818) thrown at [C:\src\AOSP-openjdk-git\hotspot\src\share\vm\prims\jni.cpp, line 1615]
Event: 3.514 Thread 0x00000000191d0000 Exception <a 'java/lang/NoSuchMethodError': <clinit>> (0x00000000e7add9c0) thrown at [C:\src\AOSP-openjdk-git\hotspot\src\share\vm\prims\jni.cpp, line 1615]
Event: 3.515 Thread 0x00000000191d0000 Exception <a 'java/lang/NoSuchMethodError': <clinit>> (0x00000000e7ae8a48) thrown at [C:\src\AOSP-openjdk-git\hotspot\src\share\vm\prims\jni.cpp, line 1615]
Event: 4.208 Thread 0x00000000191d3000 Exception <a 'java/lang/NoSuchMethodError': java.lang.Object.lambda$and$0(Ljava/util/function/Predicate;Ljava/lang/Object;)Z> (0x00000000e683b340) thrown at [C:\src\AOSP-openjdk-git\hotspot\src\share\vm\interpreter\linkResolver.cpp, line 620]
Event: 4.217 Thread 0x00000000191d3000 Exception <a 'java/lang/IncompatibleClassChangeError': Found class java.lang.Object, but interface was expected> (0x00000000e6851630) thrown at [C:\src\AOSP-openjdk-git\hotspot\src\share\vm\interpreter\linkResolver.cpp, line 653]
Event: 4.220 Thread 0x00000000191d3000 Exception <a 'java/lang/NoSuchMethodError': java.lang.Object.lambda$or$2(Ljava/util/function/Predicate;Ljava/lang/Object;)Z> (0x00000000e6856550) thrown at [C:\src\AOSP-openjdk-git\hotspot\src\share\vm\interpreter\linkResolver.cpp, line 620]

Events (10 events):
Event: 4.270 loading class com/google/common/io/LineBuffer
Event: 4.270 loading class com/google/common/io/LineBuffer done
Event: 4.270 loading class com/google/common/io/LineReader$1
Event: 4.270 loading class com/google/common/io/LineReader$1 done
Event: 4.272 loading class org/gradle/configuration/DefaultImportsReader$2
Event: 4.272 loading class org/gradle/configuration/DefaultImportsReader$2 done
Event: 4.273 loading class org/apache/commons/lang/StringUtils
Event: 4.273 loading class org/apache/commons/lang/StringUtils done
Event: 4.280 loading class com/google/common/base/Splitter
Event: 4.280 loading class com/google/common/base/Splitter done


Dynamic libraries:
0x00007ff6580b0000 - 0x00007ff6580e1000 	C:\Program Files\Android\Android Studio\jre\bin\java.exe
0x00007ffd4f490000 - 0x00007ffd4f685000 	C:\WINDOWS\SYSTEM32\ntdll.dll
0x00007ffd4d4f0000 - 0x00007ffd4d5ad000 	C:\WINDOWS\System32\KERNEL32.DLL
0x00007ffd4cf10000 - 0x00007ffd4d1d9000 	C:\WINDOWS\System32\KERNELBASE.dll
0x00007ffd4e760000 - 0x00007ffd4e80c000 	C:\WINDOWS\System32\ADVAPI32.dll
0x00007ffd4d750000 - 0x00007ffd4d7ee000 	C:\WINDOWS\System32\msvcrt.dll
0x00007ffd4ed80000 - 0x00007ffd4ee1c000 	C:\WINDOWS\System32\sechost.dll
0x00007ffd4d9d0000 - 0x00007ffd4dafb000 	C:\WINDOWS\System32\RPCRT4.dll
0x00007ffd4db00000 - 0x00007ffd4dca0000 	C:\WINDOWS\System32\USER32.dll
0x00007ffd4ccd0000 - 0x00007ffd4ccf2000 	C:\WINDOWS\System32\win32u.dll
0x00007ffd4eca0000 - 0x00007ffd4ecca000 	C:\WINDOWS\System32\GDI32.dll
0x00007ffd4cd80000 - 0x00007ffd4ce8b000 	C:\WINDOWS\System32\gdi32full.dll
0x00007ffd4d3a0000 - 0x00007ffd4d43d000 	C:\WINDOWS\System32\msvcp_win.dll
0x00007ffd4cbd0000 - 0x00007ffd4ccd0000 	C:\WINDOWS\System32\ucrtbase.dll
0x00007ffd40cf0000 - 0x00007ffd40f8a000 	C:\WINDOWS\WinSxS\amd64_microsoft.windows.common-controls_6595b64144ccf1df_6.0.19041.844_none_ca00b6081b84eb1d\COMCTL32.dll
0x00007ffd4eb40000 - 0x00007ffd4eb70000 	C:\WINDOWS\System32\IMM32.DLL
0x0000000053fb0000 - 0x0000000054082000 	C:\Program Files\Android\Android Studio\jre\jre\bin\msvcr100.dll
0x00000000530c0000 - 0x000000005390b000 	C:\Program Files\Android\Android Studio\jre\jre\bin\server\jvm.dll
0x00007ffd4f440000 - 0x00007ffd4f448000 	C:\WINDOWS\System32\PSAPI.DLL
0x00007ffd49a80000 - 0x00007ffd49a89000 	C:\WINDOWS\SYSTEM32\WSOCK32.dll
0x00007ffd45070000 - 0x00007ffd45097000 	C:\WINDOWS\SYSTEM32\WINMM.dll
0x00007ffd4ee20000 - 0x00007ffd4ee8b000 	C:\WINDOWS\System32\WS2_32.dll
0x00007ffd43430000 - 0x00007ffd4343a000 	C:\WINDOWS\SYSTEM32\VERSION.dll
0x00007ffd49420000 - 0x00007ffd4942f000 	C:\Program Files\Android\Android Studio\jre\jre\bin\verify.dll
0x00007ffd46ec0000 - 0x00007ffd46ee9000 	C:\Program Files\Android\Android Studio\jre\jre\bin\java.dll
0x00007ffd446f0000 - 0x00007ffd44706000 	C:\Program Files\Android\Android Studio\jre\jre\bin\zip.dll
0x00007ffd4e010000 - 0x00007ffd4e752000 	C:\WINDOWS\System32\SHELL32.dll
0x00007ffd4aae0000 - 0x00007ffd4b270000 	C:\WINDOWS\SYSTEM32\windows.storage.dll
0x00007ffd4dca0000 - 0x00007ffd4dff5000 	C:\WINDOWS\System32\combase.dll
0x00007ffd4c570000 - 0x00007ffd4c59c000 	C:\WINDOWS\SYSTEM32\Wldp.dll
0x00007ffd4e9d0000 - 0x00007ffd4ea7e000 	C:\WINDOWS\System32\SHCORE.dll
0x00007ffd4ef70000 - 0x00007ffd4efc5000 	C:\WINDOWS\System32\shlwapi.dll
0x00007ffd4cb10000 - 0x00007ffd4cb2f000 	C:\WINDOWS\SYSTEM32\profapi.dll
0x00007ffd410e0000 - 0x00007ffd410fa000 	C:\Program Files\Android\Android Studio\jre\jre\bin\net.dll
0x00007ffd4c2f0000 - 0x00007ffd4c35a000 	C:\WINDOWS\system32\mswsock.dll
0x00007ffd410a0000 - 0x00007ffd410b3000 	C:\Program Files\Android\Android Studio\jre\jre\bin\nio.dll
0x00007ffd45c40000 - 0x00007ffd45c66000 	C:\Users\Admin\.gradle\native\30\windows-amd64\native-platform.dll
0x00007ffd49410000 - 0x00007ffd4941d000 	C:\Program Files\Android\Android Studio\jre\jre\bin\management.dll
0x00007ffd4c4c0000 - 0x00007ffd4c4d8000 	C:\WINDOWS\SYSTEM32\CRYPTSP.dll
0x00007ffd4bc90000 - 0x00007ffd4bcc4000 	C:\WINDOWS\system32\rsaenh.dll
0x00007ffd4cd00000 - 0x00007ffd4cd27000 	C:\WINDOWS\System32\bcrypt.dll
0x00007ffd4cad0000 - 0x00007ffd4cafe000 	C:\WINDOWS\SYSTEM32\USERENV.dll
0x00007ffd4ce90000 - 0x00007ffd4cf10000 	C:\WINDOWS\System32\bcryptprimitives.dll
0x00007ffd4c4e0000 - 0x00007ffd4c4ec000 	C:\WINDOWS\SYSTEM32\CRYPTBASE.dll
0x00007ffd4bfe0000 - 0x00007ffd4c01b000 	C:\WINDOWS\SYSTEM32\IPHLPAPI.DLL
0x00007ffd4e810000 - 0x00007ffd4e818000 	C:\WINDOWS\System32\NSI.dll
0x00007ffd45d70000 - 0x00007ffd45d87000 	C:\WINDOWS\SYSTEM32\dhcpcsvc6.DLL
0x00007ffd46400000 - 0x00007ffd4641d000 	C:\WINDOWS\SYSTEM32\dhcpcsvc.DLL
0x00007ffd4c020000 - 0x00007ffd4c0eb000 	C:\WINDOWS\SYSTEM32\DNSAPI.dll

VM Arguments:
jvm_args: -Xmx1252m -Dfile.encoding=windows-1252 -Duser.country=US -Duser.language=en -Duser.variant 
java_command: org.gradle.launcher.daemon.bootstrap.GradleDaemon 5.6.4
java_class_path (initial): C:\Users\Admin\.gradle\wrapper\dists\gradle-5.6.4-all\ankdp27end7byghfw1q2sw75f\gradle-5.6.4\lib\gradle-launcher-5.6.4.jar
Launcher Type: SUN_STANDARD

Environment Variables:
PATH=C:\Program Files (x86)\Common Files\Oracle\Java\javapath;C:\WINDOWS\system32;C:\WINDOWS;C:\WINDOWS\System32\Wbem;C:\WINDOWS\System32\WindowsPowerShell\v1.0\;C:\WINDOWS\System32\OpenSSH\;C:\Program Files\Git\cmd;C:\Users\Admin\AppData\Local\Microsoft\WindowsApps;
USERNAME=Admin
OS=Windows_NT
PROCESSOR_IDENTIFIER=Intel64 Family 6 Model 61 Stepping 4, GenuineIntel



---------------  S Y S T E M  ---------------

OS: Windows 10.0 , 64 bit Build 19041 (10.0.19041.804)

CPU:total 4 (initial active 4) (2 cores per cpu, 2 threads per core) family 6 model 61 stepping 4, cmov, cx8, fxsr, mmx, sse, sse2, sse3, ssse3, sse4.1, sse4.2, popcnt, avx, avx2, aes, clmul, erms, 3dnowpref, lzcnt, ht, tsc, tscinvbit, bmi1, bmi2, adx

Memory: 4k page, physical 8307376k(1319988k free), swap 18731436k(5568k free)

vm_info: OpenJDK 64-Bit Server VM (25.242-b01) for windows-amd64 JRE (1.8.0_242-release-1644-b01), built by "builder" with MS VC++ 10.0 (VS2010)

time: Thu May 06 11:20:02 2021
timezone: India Standard Time
elapsed time: 4 seconds (0d 0h 0m 4s)

