#
# There is insufficient memory for the Java Runtime Environment to continue.
# Native memory allocation (malloc) failed to allocate 2116016 bytes for Chunk::new
# Possible reasons:
#   The system is out of physical RAM or swap space
#   The process is running with CompressedOops enabled, and the Java Heap may be blocking the growth of the native heap
# Possible solutions:
#   Reduce memory load on the system
#   Increase physical memory or swap space
#   Check if swap backing store is full
#   Decrease Java heap size (-Xmx/-Xms)
#   Decrease number of Java threads
#   Decrease Java thread stack sizes (-Xss)
#   Set larger code cache with -XX:ReservedCodeCacheSize=
#   JVM is running with Unscaled Compressed Oops mode in which the Java heap is
#     placed in the first 4GB address space. The Java Heap base address is the
#     maximum limit for the native heap growth. Please use -XX:HeapBaseMinAddress
#     to set the Java Heap base and to place the Java Heap above 4GB virtual address.
# This output file may be truncated or incomplete.
#
#  Out of Memory Error (allocation.cpp:389), pid=2304, tid=0x0000000000003e9c
#
# JRE version: OpenJDK Runtime Environment (8.0_242-b01) (build 1.8.0_242-release-1644-b01)
# Java VM: OpenJDK 64-Bit Server VM (25.242-b01 mixed mode windows-amd64 compressed oops)
# Failed to write core dump. Minidumps are not enabled by default on client versions of Windows
#

---------------  T H R E A D  ---------------

Current thread (0x00000000156a6000):  JavaThread "C2 CompilerThread0" daemon [_thread_in_native, id=16028, stack(0x0000000016cf0000,0x0000000016df0000)]

Stack: [0x0000000016cf0000,0x0000000016df0000]
[error occurred during error reporting (printing stack bounds), id 0xc0000005]

Native frames: (J=compiled Java code, j=interpreted, Vv=VM code, C=native code)


Current CompileTask:
C2:   4927 1540   !   4       java.net.URLClassLoader$1::run (63 bytes)


---------------  P R O C E S S  ---------------

Java Threads: ( => current thread )
  0x0000000018695000 JavaThread "Cache worker for file hash cache (E:\BinplusProjects\NSGames\.gradle\5.6.4\fileHashes)" [_thread_blocked, id=3660, stack(0x000000001da80000,0x000000001db80000)]
  0x0000000018698000 JavaThread "Cache worker for journal cache (C:\Users\Admin\.gradle\caches\journal-1)" [_thread_blocked, id=13864, stack(0x000000001b410000,0x000000001b510000)]
  0x0000000018698800 JavaThread "File lock request listener" [_thread_in_native, id=8392, stack(0x000000001b310000,0x000000001b410000)]
  0x00000000186c6000 JavaThread "Cache worker for file hash cache (C:\Users\Admin\.gradle\caches\5.6.4\fileHashes)" [_thread_blocked, id=4384, stack(0x000000001b210000,0x000000001b310000)]
  0x00000000191d8800 JavaThread "Thread-9" [_thread_blocked, id=2316, stack(0x000000001af10000,0x000000001b010000)]
  0x00000000191c4800 JavaThread "Stdin handler" [_thread_blocked, id=14356, stack(0x000000001ae10000,0x000000001af10000)]
  0x00000000191b5800 JavaThread "Asynchronous log dispatcher for DefaultDaemonConnection: socket connection from /127.0.0.1:60873 to /127.0.0.1:60874" [_thread_blocked, id=10180, stack(0x000000001ad10000,0x000000001ae10000)]
  0x00000000191e7800 JavaThread "Daemon worker" [_thread_in_vm, id=14612, stack(0x000000001ac10000,0x000000001ad10000)]
  0x00000000191e7000 JavaThread "Cancel handler" [_thread_blocked, id=16180, stack(0x000000001ab10000,0x000000001ac10000)]
  0x00000000191a9800 JavaThread "Handler for socket connection from /127.0.0.1:60873 to /127.0.0.1:60874" [_thread_in_native, id=6312, stack(0x000000001a810000,0x000000001a910000)]
  0x000000001919d800 JavaThread "Daemon" [_thread_blocked, id=17352, stack(0x000000001a710000,0x000000001a810000)]
  0x000000001914c000 JavaThread "Daemon periodic checks" [_thread_blocked, id=16276, stack(0x000000001a610000,0x000000001a710000)]
  0x000000001911b800 JavaThread "Incoming local TCP Connector on port 60873" [_thread_in_native, id=13720, stack(0x000000001a3d0000,0x000000001a4d0000)]
  0x00000000178bb000 JavaThread "Daemon health stats" [_thread_blocked, id=1888, stack(0x0000000019d90000,0x0000000019e90000)]
  0x0000000017020800 JavaThread "Service Thread" daemon [_thread_blocked, id=16000, stack(0x00000000173f0000,0x00000000174f0000)]
  0x00000000156b8000 JavaThread "C1 CompilerThread2" daemon [_thread_in_vm, id=7604, stack(0x0000000016ef0000,0x0000000016ff0000)]
  0x00000000156a8800 JavaThread "C2 CompilerThread1" daemon [_thread_in_native, id=11332, stack(0x0000000016df0000,0x0000000016ef0000)]
=>0x00000000156a6000 JavaThread "C2 CompilerThread0" daemon [_thread_in_native, id=16028, stack(0x0000000016cf0000,0x0000000016df0000)]
  0x00000000156a2800 JavaThread "Attach Listener" daemon [_thread_blocked, id=10336, stack(0x0000000016bf0000,0x0000000016cf0000)]
  0x00000000156a1800 JavaThread "Signal Dispatcher" daemon [_thread_blocked, id=6856, stack(0x0000000016af0000,0x0000000016bf0000)]
  0x000000000276c800 JavaThread "Finalizer" daemon [_thread_blocked, id=5628, stack(0x00000000168f0000,0x00000000169f0000)]
  0x0000000015689000 JavaThread "Reference Handler" daemon [_thread_blocked, id=13832, stack(0x00000000167f0000,0x00000000168f0000)]
  0x000000000239d800 JavaThread "main" [_thread_blocked, id=13704, stack(0x0000000002570000,0x0000000002670000)]

Other Threads:
  0x0000000015666000 VMThread [stack: 0x00000000166f0000,0x00000000167f0000] [id=7860]
  0x00000000156fc000 WatcherThread [stack: 0x00000000174f0000,0x00000000175f0000] [id=17400]

VM state:not at safepoint (normal execution)

VM Mutex/Monitor currently owned by a thread: None

heap address: 0x00000000b1c00000, size: 1252 MB, Compressed Oops mode: 32-bit
Narrow klass base: 0x0000000000000000, Narrow klass shift: 3
Compressed class space size: 1073741824 Address: 0x0000000100000000

Heap:
 PSYoungGen      total 38400K, used 6602K [0x00000000e5f00000, 0x00000000eaa00000, 0x0000000100000000)
  eden space 33280K, 4% used [0x00000000e5f00000,0x00000000e60769e0,0x00000000e7f80000)
  from space 5120K, 99% used [0x00000000e7f80000,0x00000000e847c030,0x00000000e8480000)
  to   space 5120K, 0% used [0x00000000e8480000,0x00000000e8480000,0x00000000e8980000)
 ParOldGen       total 87552K, used 7056K [0x00000000b1c00000, 0x00000000b7180000, 0x00000000e5f00000)
  object space 87552K, 8% used [0x00000000b1c00000,0x00000000b22e42c0,0x00000000b7180000)
 Metaspace       used 17631K, capacity 18096K, committed 18432K, reserved 1064960K
  class space    used 2527K, capacity 2692K, committed 2816K, reserved 1048576K

Card table byte_map: [0x0000000011b30000,0x0000000011db0000] byte_map_base: 0x00000000115a2000

Marking Bits: (ParMarkBitMap*) 0x000000005388f030
 Begin Bits: [0x0000000012360000, 0x00000000136f0000)
 End Bits:   [0x00000000136f0000, 0x0000000014a80000)

Polling page: 0x0000000002380000

CodeCache: size=245760Kb used=5606Kb max_used=5606Kb free=240153Kb
 bounds [0x0000000002770000, 0x0000000002cf0000, 0x0000000011770000]
 total_blobs=2037 nmethods=1635 adapters=315
 compilation: enabled

Compilation events (10 events):
Event: 4.805 Thread 0x00000000156b8000 1635       3       java.lang.Thread::interrupted (8 bytes)
Event: 4.805 Thread 0x00000000156b8000 nmethod 1635 0x0000000002ce9890 code [0x0000000002ce9a00, 0x0000000002ce9b88]
Event: 4.903 Thread 0x00000000156b8000 1636       3       java.lang.Enum::<init> (15 bytes)
Event: 4.904 Thread 0x00000000156b8000 nmethod 1636 0x0000000002ce9e50 code [0x0000000002ce9fa0, 0x0000000002cea170]
Event: 4.920 Thread 0x00000000156b8000 1637       3       java.lang.Integer::valueOf (32 bytes)
Event: 4.921 Thread 0x00000000156b8000 nmethod 1637 0x0000000002cea210 code [0x0000000002cea380, 0x0000000002cea6d0]
Event: 4.921 Thread 0x00000000156b8000 1638       3       java.util.TreeMap::leftOf (13 bytes)
Event: 4.921 Thread 0x00000000156b8000 nmethod 1638 0x0000000002cea890 code [0x0000000002cea9e0, 0x0000000002ceab70]
Event: 4.921 Thread 0x00000000156b8000 1639       3       java.lang.String::compareTo (9 bytes)
Event: 4.922 Thread 0x00000000156b8000 nmethod 1639 0x0000000002ceac10 code [0x0000000002cead80, 0x0000000002ceb068]

GC Heap History (10 events):
Event: 1.243 GC heap before
{Heap before GC invocations=1 (full 0):
 PSYoungGen      total 38400K, used 33280K [0x00000000e5f00000, 0x00000000e8980000, 0x0000000100000000)
  eden space 33280K, 100% used [0x00000000e5f00000,0x00000000e7f80000,0x00000000e7f80000)
  from space 5120K, 0% used [0x00000000e8480000,0x00000000e8480000,0x00000000e8980000)
  to   space 5120K, 0% used [0x00000000e7f80000,0x00000000e7f80000,0x00000000e8480000)
 ParOldGen       total 87552K, used 0K [0x00000000b1c00000, 0x00000000b7180000, 0x00000000e5f00000)
  object space 87552K, 0% used [0x00000000b1c00000,0x00000000b1c00000,0x00000000b7180000)
 Metaspace       used 6816K, capacity 7056K, committed 7424K, reserved 1056768K
  class space    used 828K, capacity 908K, committed 1024K, reserved 1048576K
Event: 1.253 GC heap after
Heap after GC invocations=1 (full 0):
 PSYoungGen      total 38400K, used 4206K [0x00000000e5f00000, 0x00000000e8980000, 0x0000000100000000)
  eden space 33280K, 0% used [0x00000000e5f00000,0x00000000e5f00000,0x00000000e7f80000)
  from space 5120K, 82% used [0x00000000e7f80000,0x00000000e839b8f8,0x00000000e8480000)
  to   space 5120K, 0% used [0x00000000e8480000,0x00000000e8480000,0x00000000e8980000)
 ParOldGen       total 87552K, used 8K [0x00000000b1c00000, 0x00000000b7180000, 0x00000000e5f00000)
  object space 87552K, 0% used [0x00000000b1c00000,0x00000000b1c02000,0x00000000b7180000)
 Metaspace       used 6816K, capacity 7056K, committed 7424K, reserved 1056768K
  class space    used 828K, capacity 908K, committed 1024K, reserved 1048576K
}
Event: 1.679 GC heap before
{Heap before GC invocations=2 (full 0):
 PSYoungGen      total 38400K, used 37486K [0x00000000e5f00000, 0x00000000e8980000, 0x0000000100000000)
  eden space 33280K, 100% used [0x00000000e5f00000,0x00000000e7f80000,0x00000000e7f80000)
  from space 5120K, 82% used [0x00000000e7f80000,0x00000000e839b8f8,0x00000000e8480000)
  to   space 5120K, 0% used [0x00000000e8480000,0x00000000e8480000,0x00000000e8980000)
 ParOldGen       total 87552K, used 8K [0x00000000b1c00000, 0x00000000b7180000, 0x00000000e5f00000)
  object space 87552K, 0% used [0x00000000b1c00000,0x00000000b1c02000,0x00000000b7180000)
 Metaspace       used 7069K, capacity 7368K, committed 7680K, reserved 1056768K
  class space    used 861K, capacity 948K, committed 1024K, reserved 1048576K
Event: 1.684 GC heap after
Heap after GC invocations=2 (full 0):
 PSYoungGen      total 38400K, used 3149K [0x00000000e5f00000, 0x00000000e8980000, 0x0000000100000000)
  eden space 33280K, 0% used [0x00000000e5f00000,0x00000000e5f00000,0x00000000e7f80000)
  from space 5120K, 61% used [0x00000000e8480000,0x00000000e87936f0,0x00000000e8980000)
  to   space 5120K, 0% used [0x00000000e7f80000,0x00000000e7f80000,0x00000000e8480000)
 ParOldGen       total 87552K, used 16K [0x00000000b1c00000, 0x00000000b7180000, 0x00000000e5f00000)
  object space 87552K, 0% used [0x00000000b1c00000,0x00000000b1c04000,0x00000000b7180000)
 Metaspace       used 7069K, capacity 7368K, committed 7680K, reserved 1056768K
  class space    used 861K, capacity 948K, committed 1024K, reserved 1048576K
}
Event: 3.683 GC heap before
{Heap before GC invocations=3 (full 0):
 PSYoungGen      total 38400K, used 36429K [0x00000000e5f00000, 0x00000000e8980000, 0x0000000100000000)
  eden space 33280K, 100% used [0x00000000e5f00000,0x00000000e7f80000,0x00000000e7f80000)
  from space 5120K, 61% used [0x00000000e8480000,0x00000000e87936f0,0x00000000e8980000)
  to   space 5120K, 0% used [0x00000000e7f80000,0x00000000e7f80000,0x00000000e8480000)
 ParOldGen       total 87552K, used 16K [0x00000000b1c00000, 0x00000000b7180000, 0x00000000e5f00000)
  object space 87552K, 0% used [0x00000000b1c00000,0x00000000b1c04000,0x00000000b7180000)
 Metaspace       used 12326K, capacity 12732K, committed 12800K, reserved 1060864K
  class space    used 1642K, capacity 1772K, committed 1792K, reserved 1048576K
Event: 3.693 GC heap after
Heap after GC invocations=3 (full 0):
 PSYoungGen      total 38400K, used 5104K [0x00000000e5f00000, 0x00000000e8980000, 0x0000000100000000)
  eden space 33280K, 0% used [0x00000000e5f00000,0x00000000e5f00000,0x00000000e7f80000)
  from space 5120K, 99% used [0x00000000e7f80000,0x00000000e847c010,0x00000000e8480000)
  to   space 5120K, 0% used [0x00000000e8480000,0x00000000e8480000,0x00000000e8980000)
 ParOldGen       total 87552K, used 1329K [0x00000000b1c00000, 0x00000000b7180000, 0x00000000e5f00000)
  object space 87552K, 1% used [0x00000000b1c00000,0x00000000b1d4c650,0x00000000b7180000)
 Metaspace       used 12326K, capacity 12732K, committed 12800K, reserved 1060864K
  class space    used 1642K, capacity 1772K, committed 1792K, reserved 1048576K
}
Event: 4.160 GC heap before
{Heap before GC invocations=4 (full 0):
 PSYoungGen      total 38400K, used 38384K [0x00000000e5f00000, 0x00000000e8980000, 0x0000000100000000)
  eden space 33280K, 100% used [0x00000000e5f00000,0x00000000e7f80000,0x00000000e7f80000)
  from space 5120K, 99% used [0x00000000e7f80000,0x00000000e847c010,0x00000000e8480000)
  to   space 5120K, 0% used [0x00000000e8480000,0x00000000e8480000,0x00000000e8980000)
 ParOldGen       total 87552K, used 1329K [0x00000000b1c00000, 0x00000000b7180000, 0x00000000e5f00000)
  object space 87552K, 1% used [0x00000000b1c00000,0x00000000b1d4c650,0x00000000b7180000)
 Metaspace       used 14684K, capacity 15108K, committed 15232K, reserved 1062912K
  class space    used 2044K, capacity 2160K, committed 2176K, reserved 1048576K
Event: 4.179 GC heap after
Heap after GC invocations=4 (full 0):
 PSYoungGen      total 38400K, used 5088K [0x00000000e5f00000, 0x00000000eaa00000, 0x0000000100000000)
  eden space 33280K, 0% used [0x00000000e5f00000,0x00000000e5f00000,0x00000000e7f80000)
  from space 5120K, 99% used [0x00000000e8480000,0x00000000e8978020,0x00000000e8980000)
  to   space 5120K, 0% used [0x00000000e7f80000,0x00000000e7f80000,0x00000000e8480000)
 ParOldGen       total 87552K, used 3797K [0x00000000b1c00000, 0x00000000b7180000, 0x00000000e5f00000)
  object space 87552K, 4% used [0x00000000b1c00000,0x00000000b1fb5620,0x00000000b7180000)
 Metaspace       used 14684K, capacity 15108K, committed 15232K, reserved 1062912K
  class space    used 2044K, capacity 2160K, committed 2176K, reserved 1048576K
}
Event: 4.872 GC heap before
{Heap before GC invocations=5 (full 0):
 PSYoungGen      total 38400K, used 38368K [0x00000000e5f00000, 0x00000000eaa00000, 0x0000000100000000)
  eden space 33280K, 100% used [0x00000000e5f00000,0x00000000e7f80000,0x00000000e7f80000)
  from space 5120K, 99% used [0x00000000e8480000,0x00000000e8978020,0x00000000e8980000)
  to   space 5120K, 0% used [0x00000000e7f80000,0x00000000e7f80000,0x00000000e8480000)
 ParOldGen       total 87552K, used 3797K [0x00000000b1c00000, 0x00000000b7180000, 0x00000000e5f00000)
  object space 87552K, 4% used [0x00000000b1c00000,0x00000000b1fb5620,0x00000000b7180000)
 Metaspace       used 17481K, capacity 17936K, committed 18048K, reserved 1064960K
  class space    used 2507K, capacity 2660K, committed 2688K, reserved 1048576K
Event: 4.896 GC heap after
Heap after GC invocations=5 (full 0):
 PSYoungGen      total 38400K, used 5104K [0x00000000e5f00000, 0x00000000eaa00000, 0x0000000100000000)
  eden space 33280K, 0% used [0x00000000e5f00000,0x00000000e5f00000,0x00000000e7f80000)
  from space 5120K, 99% used [0x00000000e7f80000,0x00000000e847c030,0x00000000e8480000)
  to   space 5120K, 0% used [0x00000000e8480000,0x00000000e8480000,0x00000000e8980000)
 ParOldGen       total 87552K, used 7056K [0x00000000b1c00000, 0x00000000b7180000, 0x00000000e5f00000)
  object space 87552K, 8% used [0x00000000b1c00000,0x00000000b22e42c0,0x00000000b7180000)
 Metaspace       used 17481K, capacity 17936K, committed 18048K, reserved 1064960K
  class space    used 2507K, capacity 2660K, committed 2688K, reserved 1048576K
}

Deoptimization events (10 events):
Event: 3.505 Thread 0x00000000191a9800 Uncommon trap: reason=unstable_if action=reinterpret pc=0x0000000002b5faf0 method=java.util.concurrent.ConcurrentHashMap.putVal(Ljava/lang/Object;Ljava/lang/Object;Z)Ljava/lang/Object; @ 206
Event: 3.604 Thread 0x00000000191e7800 Uncommon trap: reason=bimorphic action=maybe_recompile pc=0x00000000029f0320 method=java.util.HashMap.putVal(ILjava/lang/Object;Ljava/lang/Object;ZZ)Ljava/lang/Object; @ 253
Event: 3.604 Thread 0x00000000191e7800 Uncommon trap: reason=bimorphic action=maybe_recompile pc=0x00000000029f0320 method=java.util.HashMap.putVal(ILjava/lang/Object;Ljava/lang/Object;ZZ)Ljava/lang/Object; @ 253
Event: 3.604 Thread 0x00000000191e7800 Uncommon trap: reason=bimorphic action=maybe_recompile pc=0x00000000029f0320 method=java.util.HashMap.putVal(ILjava/lang/Object;Ljava/lang/Object;ZZ)Ljava/lang/Object; @ 253
Event: 3.928 Thread 0x00000000191e7800 Uncommon trap: reason=class_check action=maybe_recompile pc=0x0000000002a4ccd8 method=java.util.regex.Matcher.match(II)Z @ 86
Event: 3.946 Thread 0x00000000191e7800 Uncommon trap: reason=class_check action=maybe_recompile pc=0x0000000002a4ccd8 method=java.util.regex.Matcher.match(II)Z @ 86
Event: 3.947 Thread 0x00000000191e7800 Uncommon trap: reason=class_check action=maybe_recompile pc=0x0000000002a4ccd8 method=java.util.regex.Matcher.match(II)Z @ 86
Event: 3.947 Thread 0x00000000191e7800 Uncommon trap: reason=class_check action=maybe_recompile pc=0x00000000028e125c method=java.util.regex.Matcher.match(II)Z @ 86
Event: 4.387 Thread 0x00000000191e7800 Uncommon trap: reason=unstable_if action=reinterpret pc=0x0000000002c21374 method=java.lang.String.lastIndexOf([CII[CIII)I @ 66
Event: 4.538 Thread 0x00000000191e7800 Uncommon trap: reason=unstable_if action=reinterpret pc=0x0000000002c23910 method=java.util.HashMap.putVal(ILjava/lang/Object;Ljava/lang/Object;ZZ)Ljava/lang/Object; @ 236

Classes redefined (0 events):
No events

Internal exceptions (10 events):
Event: 3.526 Thread 0x00000000191a9800 Exception <a 'java/lang/NoSuchMethodError': <clinit>> (0x00000000e7a09e20) thrown at [C:\src\AOSP-openjdk-git\hotspot\src\share\vm\prims\jni.cpp, line 1615]
Event: 3.527 Thread 0x00000000191a9800 Exception <a 'java/lang/NoSuchMethodError': <clinit>> (0x00000000e7a129c0) thrown at [C:\src\AOSP-openjdk-git\hotspot\src\share\vm\prims\jni.cpp, line 1615]
Event: 3.530 Thread 0x00000000191a9800 Exception <a 'java/lang/NoSuchMethodError': <clinit>> (0x00000000e7a28c08) thrown at [C:\src\AOSP-openjdk-git\hotspot\src\share\vm\prims\jni.cpp, line 1615]
Event: 3.544 Thread 0x00000000191a9800 Exception <a 'java/lang/NoSuchMethodError': <clinit>> (0x00000000e7a82f90) thrown at [C:\src\AOSP-openjdk-git\hotspot\src\share\vm\prims\jni.cpp, line 1615]
Event: 3.550 Thread 0x00000000191a9800 Exception <a 'java/lang/NoSuchMethodError': <clinit>> (0x00000000e7aaf300) thrown at [C:\src\AOSP-openjdk-git\hotspot\src\share\vm\prims\jni.cpp, line 1615]
Event: 3.566 Thread 0x00000000191a9800 Exception <a 'java/lang/NoSuchMethodError': <clinit>> (0x00000000e7adc4b8) thrown at [C:\src\AOSP-openjdk-git\hotspot\src\share\vm\prims\jni.cpp, line 1615]
Event: 3.568 Thread 0x00000000191a9800 Exception <a 'java/lang/NoSuchMethodError': <clinit>> (0x00000000e7ae7540) thrown at [C:\src\AOSP-openjdk-git\hotspot\src\share\vm\prims\jni.cpp, line 1615]
Event: 4.337 Thread 0x00000000191e7800 Exception <a 'java/lang/NoSuchMethodError': java.lang.Object.lambda$and$0(Ljava/util/function/Predicate;Ljava/lang/Object;)Z> (0x00000000e68324b8) thrown at [C:\src\AOSP-openjdk-git\hotspot\src\share\vm\interpreter\linkResolver.cpp, line 620]
Event: 4.348 Thread 0x00000000191e7800 Exception <a 'java/lang/IncompatibleClassChangeError': Found class java.lang.Object, but interface was expected> (0x00000000e68487a8) thrown at [C:\src\AOSP-openjdk-git\hotspot\src\share\vm\interpreter\linkResolver.cpp, line 653]
Event: 4.351 Thread 0x00000000191e7800 Exception <a 'java/lang/NoSuchMethodError': java.lang.Object.lambda$or$2(Ljava/util/function/Predicate;Ljava/lang/Object;)Z> (0x00000000e684d6c8) thrown at [C:\src\AOSP-openjdk-git\hotspot\src\share\vm\interpreter\linkResolver.cpp, line 620]

Events (10 events):
Event: 4.921 loading class org/gradle/configuration/ConfigurationTargetIdentifier
Event: 4.921 loading class org/gradle/configuration/ConfigurationTargetIdentifier done
Event: 4.922 loading class org/gradle/api/plugins/PluginContainer
Event: 4.922 loading class org/gradle/api/plugins/PluginContainer done
Event: 4.922 loading class org/gradle/api/plugins/PluginCollection
Event: 4.922 loading class org/gradle/api/plugins/PluginCollection done
Event: 4.923 loading class org/gradle/api/DomainObjectSet
Event: 4.923 loading class org/gradle/api/DomainObjectSet done
Event: 4.923 loading class org/gradle/api/DomainObjectCollection
Event: 4.923 loading class org/gradle/api/DomainObjectCollection done


Dynamic libraries:
0x00007ff6580b0000 - 0x00007ff6580e1000 	C:\Program Files\Android\Android Studio\jre\bin\java.exe
0x00007ffd4f490000 - 0x00007ffd4f685000 	C:\WINDOWS\SYSTEM32\ntdll.dll
0x00007ffd4d4f0000 - 0x00007ffd4d5ad000 	C:\WINDOWS\System32\KERNEL32.DLL
0x00007ffd4cf10000 - 0x00007ffd4d1d9000 	C:\WINDOWS\System32\KERNELBASE.dll
0x00007ffd4e760000 - 0x00007ffd4e80c000 	C:\WINDOWS\System32\ADVAPI32.dll
0x00007ffd4d750000 - 0x00007ffd4d7ee000 	C:\WINDOWS\System32\msvcrt.dll
0x00007ffd4ed80000 - 0x00007ffd4ee1c000 	C:\WINDOWS\System32\sechost.dll
0x00007ffd4d9d0000 - 0x00007ffd4dafb000 	C:\WINDOWS\System32\RPCRT4.dll
0x00007ffd4db00000 - 0x00007ffd4dca0000 	C:\WINDOWS\System32\USER32.dll
0x00007ffd4ccd0000 - 0x00007ffd4ccf2000 	C:\WINDOWS\System32\win32u.dll
0x00007ffd4eca0000 - 0x00007ffd4ecca000 	C:\WINDOWS\System32\GDI32.dll
0x00007ffd4cd80000 - 0x00007ffd4ce8b000 	C:\WINDOWS\System32\gdi32full.dll
0x00007ffd4d3a0000 - 0x00007ffd4d43d000 	C:\WINDOWS\System32\msvcp_win.dll
0x00007ffd4cbd0000 - 0x00007ffd4ccd0000 	C:\WINDOWS\System32\ucrtbase.dll
0x00007ffd40cf0000 - 0x00007ffd40f8a000 	C:\WINDOWS\WinSxS\amd64_microsoft.windows.common-controls_6595b64144ccf1df_6.0.19041.844_none_ca00b6081b84eb1d\COMCTL32.dll
0x00007ffd4eb40000 - 0x00007ffd4eb70000 	C:\WINDOWS\System32\IMM32.DLL
0x0000000053fb0000 - 0x0000000054082000 	C:\Program Files\Android\Android Studio\jre\jre\bin\msvcr100.dll
0x00000000530c0000 - 0x000000005390b000 	C:\Program Files\Android\Android Studio\jre\jre\bin\server\jvm.dll
0x00007ffd4f440000 - 0x00007ffd4f448000 	C:\WINDOWS\System32\PSAPI.DLL
0x00007ffd45070000 - 0x00007ffd45097000 	C:\WINDOWS\SYSTEM32\WINMM.dll
0x00007ffd49a80000 - 0x00007ffd49a89000 	C:\WINDOWS\SYSTEM32\WSOCK32.dll
0x00007ffd4ee20000 - 0x00007ffd4ee8b000 	C:\WINDOWS\System32\WS2_32.dll
0x00007ffd43430000 - 0x00007ffd4343a000 	C:\WINDOWS\SYSTEM32\VERSION.dll
0x00007ffd49420000 - 0x00007ffd4942f000 	C:\Program Files\Android\Android Studio\jre\jre\bin\verify.dll
0x00007ffd46ec0000 - 0x00007ffd46ee9000 	C:\Program Files\Android\Android Studio\jre\jre\bin\java.dll
0x00007ffd446f0000 - 0x00007ffd44706000 	C:\Program Files\Android\Android Studio\jre\jre\bin\zip.dll
0x00007ffd4e010000 - 0x00007ffd4e752000 	C:\WINDOWS\System32\SHELL32.dll
0x00007ffd4aae0000 - 0x00007ffd4b270000 	C:\WINDOWS\SYSTEM32\windows.storage.dll
0x00007ffd4dca0000 - 0x00007ffd4dff5000 	C:\WINDOWS\System32\combase.dll
0x00007ffd4c570000 - 0x00007ffd4c59c000 	C:\WINDOWS\SYSTEM32\Wldp.dll
0x00007ffd4e9d0000 - 0x00007ffd4ea7e000 	C:\WINDOWS\System32\SHCORE.dll
0x00007ffd4ef70000 - 0x00007ffd4efc5000 	C:\WINDOWS\System32\shlwapi.dll
0x00007ffd4cb10000 - 0x00007ffd4cb2f000 	C:\WINDOWS\SYSTEM32\profapi.dll
0x00007ffd410e0000 - 0x00007ffd410fa000 	C:\Program Files\Android\Android Studio\jre\jre\bin\net.dll
0x00007ffd4c2f0000 - 0x00007ffd4c35a000 	C:\WINDOWS\system32\mswsock.dll
0x00007ffd410a0000 - 0x00007ffd410b3000 	C:\Program Files\Android\Android Studio\jre\jre\bin\nio.dll
0x00007ffd45c40000 - 0x00007ffd45c66000 	C:\Users\Admin\.gradle\native\30\windows-amd64\native-platform.dll
0x00007ffd49410000 - 0x00007ffd4941d000 	C:\Program Files\Android\Android Studio\jre\jre\bin\management.dll
0x00007ffd4c4c0000 - 0x00007ffd4c4d8000 	C:\WINDOWS\SYSTEM32\CRYPTSP.dll
0x00007ffd4bc90000 - 0x00007ffd4bcc4000 	C:\WINDOWS\system32\rsaenh.dll
0x00007ffd4cd00000 - 0x00007ffd4cd27000 	C:\WINDOWS\System32\bcrypt.dll
0x00007ffd4cad0000 - 0x00007ffd4cafe000 	C:\WINDOWS\SYSTEM32\USERENV.dll
0x00007ffd4ce90000 - 0x00007ffd4cf10000 	C:\WINDOWS\System32\bcryptprimitives.dll
0x00007ffd4c4e0000 - 0x00007ffd4c4ec000 	C:\WINDOWS\SYSTEM32\CRYPTBASE.dll
0x00007ffd4bfe0000 - 0x00007ffd4c01b000 	C:\WINDOWS\SYSTEM32\IPHLPAPI.DLL
0x00007ffd4e810000 - 0x00007ffd4e818000 	C:\WINDOWS\System32\NSI.dll
0x00007ffd45d70000 - 0x00007ffd45d87000 	C:\WINDOWS\SYSTEM32\dhcpcsvc6.DLL
0x00007ffd46400000 - 0x00007ffd4641d000 	C:\WINDOWS\SYSTEM32\dhcpcsvc.DLL
0x00007ffd4c020000 - 0x00007ffd4c0eb000 	C:\WINDOWS\SYSTEM32\DNSAPI.dll

VM Arguments:
jvm_args: -Xmx1252m -Dfile.encoding=windows-1252 -Duser.country=US -Duser.language=en -Duser.variant 
java_command: org.gradle.launcher.daemon.bootstrap.GradleDaemon 5.6.4
java_class_path (initial): C:\Users\Admin\.gradle\wrapper\dists\gradle-5.6.4-all\ankdp27end7byghfw1q2sw75f\gradle-5.6.4\lib\gradle-launcher-5.6.4.jar
Launcher Type: SUN_STANDARD

Environment Variables:
PATH=C:\Program Files (x86)\Common Files\Oracle\Java\javapath;C:\WINDOWS\system32;C:\WINDOWS;C:\WINDOWS\System32\Wbem;C:\WINDOWS\System32\WindowsPowerShell\v1.0\;C:\WINDOWS\System32\OpenSSH\;C:\Program Files\Git\cmd;C:\Users\Admin\AppData\Local\Microsoft\WindowsApps;
USERNAME=Admin
OS=Windows_NT
PROCESSOR_IDENTIFIER=Intel64 Family 6 Model 61 Stepping 4, GenuineIntel



---------------  S Y S T E M  ---------------

OS: Windows 10.0 , 64 bit Build 19041 (10.0.19041.804)

CPU:total 4 (initial active 4) (2 cores per cpu, 2 threads per core) family 6 model 61 stepping 4, cmov, cx8, fxsr, mmx, sse, sse2, sse3, ssse3, sse4.1, sse4.2, popcnt, avx, avx2, aes, clmul, erms, 3dnowpref, lzcnt, ht, tsc, tscinvbit, bmi1, bmi2, adx

Memory: 4k page, physical 8307376k(1237076k free), swap 18731436k(5144k free)

vm_info: OpenJDK 64-Bit Server VM (25.242-b01) for windows-amd64 JRE (1.8.0_242-release-1644-b01), built by "builder" with MS VC++ 10.0 (VS2010)

time: Thu May 06 11:23:13 2021
timezone: India Standard Time
elapsed time: 4 seconds (0d 0h 0m 4s)

