#
# There is insufficient memory for the Java Runtime Environment to continue.
# Native memory allocation (malloc) failed to allocate 32744 bytes for ChunkPool::allocate
# Possible reasons:
#   The system is out of physical RAM or swap space
#   The process is running with CompressedOops enabled, and the Java Heap may be blocking the growth of the native heap
# Possible solutions:
#   Reduce memory load on the system
#   Increase physical memory or swap space
#   Check if swap backing store is full
#   Decrease Java heap size (-Xmx/-Xms)
#   Decrease number of Java threads
#   Decrease Java thread stack sizes (-Xss)
#   Set larger code cache with -XX:ReservedCodeCacheSize=
#   JVM is running with Unscaled Compressed Oops mode in which the Java heap is
#     placed in the first 4GB address space. The Java Heap base address is the
#     maximum limit for the native heap growth. Please use -XX:HeapBaseMinAddress
#     to set the Java Heap base and to place the Java Heap above 4GB virtual address.
# This output file may be truncated or incomplete.
#
#  Out of Memory Error (allocation.cpp:272), pid=6172, tid=0x0000000000003f3c
#
# JRE version: OpenJDK Runtime Environment (8.0_242-b01) (build 1.8.0_242-release-1644-b01)
# Java VM: OpenJDK 64-Bit Server VM (25.242-b01 mixed mode windows-amd64 compressed oops)
# Failed to write core dump. Minidumps are not enabled by default on client versions of Windows
#

---------------  T H R E A D  ---------------

Current thread (0x0000000019588800):  JavaThread "Daemon worker" [_thread_in_vm, id=16188, stack(0x000000001af80000,0x000000001b080000)]

Stack: [0x000000001af80000,0x000000001b080000]
[error occurred during error reporting (printing stack bounds), id 0xc0000005]

Native frames: (J=compiled Java code, j=interpreted, Vv=VM code, C=native code)

Java frames: (J=compiled Java code, j=interpreted, Vv=VM code)
J 699  java.lang.ClassLoader.defineClass1(Ljava/lang/String;[BIILjava/security/ProtectionDomain;Ljava/lang/String;)Ljava/lang/Class; (0 bytes) @ 0x00000000035e871f [0x00000000035e8680+0x9f]
J 505 C1 java.lang.ClassLoader.defineClass(Ljava/lang/String;[BIILjava/security/ProtectionDomain;)Ljava/lang/Class; (43 bytes) @ 0x0000000003549764 [0x0000000003549180+0x5e4]
J 454 C1 java.net.URLClassLoader.defineClass(Ljava/lang/String;Lsun/misc/Resource;)Ljava/lang/Class; (142 bytes) @ 0x000000000351da24 [0x000000000351bec0+0x1b64]
J 347 C1 java.net.URLClassLoader$1.run()Ljava/lang/Class; (63 bytes) @ 0x00000000034cb894 [0x00000000034cb5e0+0x2b4]
J 346 C1 java.net.URLClassLoader$1.run()Ljava/lang/Object; (5 bytes) @ 0x00000000034cb24c [0x00000000034cb1c0+0x8c]
v  ~StubRoutines::call_stub
J 265  java.security.AccessController.doPrivileged(Ljava/security/PrivilegedExceptionAction;Ljava/security/AccessControlContext;)Ljava/lang/Object; (0 bytes) @ 0x000000000349fe66 [0x000000000349fe00+0x66]
J 1440 C2 java.net.URLClassLoader.findClass(Ljava/lang/String;)Ljava/lang/Class; (47 bytes) @ 0x0000000003808e70 [0x0000000003808de0+0x90]
J 1390 C2 java.lang.ClassLoader.loadClass(Ljava/lang/String;Z)Ljava/lang/Class; (122 bytes) @ 0x00000000037e7c6c [0x00000000037e6f40+0xd2c]
J 340 C1 java.lang.ClassLoader.loadClass(Ljava/lang/String;)Ljava/lang/Class; (7 bytes) @ 0x00000000034c958c [0x00000000034c9480+0x10c]
v  ~StubRoutines::call_stub
j  org.gradle.internal.service.scopes.GradleUserHomeScopeServices.createFileSystemSnapshotter(Lorg/gradle/internal/hash/FileHasher;Lorg/gradle/api/internal/cache/StringInterner;Lorg/gradle/internal/file/Stat;Lorg/gradle/internal/snapshot/FileSystemMirror;)Lorg/gradle/internal/snapshot/FileSystemSnapshotter;+9
v  ~StubRoutines::call_stub
j  sun.reflect.NativeMethodAccessorImpl.invoke0(Ljava/lang/reflect/Method;Ljava/lang/Object;[Ljava/lang/Object;)Ljava/lang/Object;+0
j  sun.reflect.NativeMethodAccessorImpl.invoke(Ljava/lang/Object;[Ljava/lang/Object;)Ljava/lang/Object;+100
J 1178 C1 sun.reflect.DelegatingMethodAccessorImpl.invoke(Ljava/lang/Object;[Ljava/lang/Object;)Ljava/lang/Object; (10 bytes) @ 0x000000000375af84 [0x000000000375ae80+0x104]
J 1177 C1 java.lang.reflect.Method.invoke(Ljava/lang/Object;[Ljava/lang/Object;)Ljava/lang/Object; (62 bytes) @ 0x000000000375a9ac [0x000000000375a5c0+0x3ec]
j  org.gradle.internal.reflect.JavaMethod.invoke(Ljava/lang/Object;[Ljava/lang/Object;)Ljava/lang/Object;+6
j  org.gradle.internal.service.ReflectionBasedServiceMethod.invoke(Ljava/lang/Object;[Ljava/lang/Object;)Ljava/lang/Object;+6
j  org.gradle.internal.service.DefaultServiceRegistry$FactoryMethodService.invokeMethod([Ljava/lang/Object;)Ljava/lang/Object;+9
j  org.gradle.internal.service.DefaultServiceRegistry$FactoryService.create()Ljava/lang/Object;+7
j  org.gradle.internal.service.DefaultServiceRegistry$ManagedObjectServiceProvider.getInstance()Ljava/lang/Object;+24
j  org.gradle.internal.service.DefaultServiceRegistry$SingletonService.get()Ljava/lang/Object;+1
j  org.gradle.internal.service.DefaultServiceRegistry$FactoryService.assembleParameters()[Ljava/lang/Object;+44
j  org.gradle.internal.service.DefaultServiceRegistry$FactoryService.create()Ljava/lang/Object;+1
j  org.gradle.internal.service.DefaultServiceRegistry$ManagedObjectServiceProvider.getInstance()Ljava/lang/Object;+24
j  org.gradle.internal.service.DefaultServiceRegistry$SingletonService.get()Ljava/lang/Object;+1
j  org.gradle.internal.service.DefaultServiceRegistry$FactoryService.assembleParameters()[Ljava/lang/Object;+44
j  org.gradle.internal.service.DefaultServiceRegistry$FactoryService.create()Ljava/lang/Object;+1
j  org.gradle.internal.service.DefaultServiceRegistry$ManagedObjectServiceProvider.getInstance()Ljava/lang/Object;+24
j  org.gradle.internal.service.DefaultServiceRegistry$SingletonService.get()Ljava/lang/Object;+1
j  org.gradle.internal.service.DefaultServiceRegistry$FactoryService.assembleParameters()[Ljava/lang/Object;+44
j  org.gradle.internal.service.DefaultServiceRegistry$FactoryService.create()Ljava/lang/Object;+1
j  org.gradle.internal.service.DefaultServiceRegistry$ManagedObjectServiceProvider.getInstance()Ljava/lang/Object;+24
j  org.gradle.internal.service.DefaultServiceRegistry$SingletonService.get()Ljava/lang/Object;+1
j  org.gradle.internal.service.DefaultServiceRegistry$FactoryService.assembleParameters()[Ljava/lang/Object;+44
j  org.gradle.internal.service.DefaultServiceRegistry$FactoryService.create()Ljava/lang/Object;+1
j  org.gradle.internal.service.DefaultServiceRegistry$ManagedObjectServiceProvider.getInstance()Ljava/lang/Object;+24
j  org.gradle.internal.service.DefaultServiceRegistry$SingletonService.get()Ljava/lang/Object;+1
j  org.gradle.internal.service.DefaultServiceRegistry$FactoryService.assembleParameters()[Ljava/lang/Object;+44
j  org.gradle.internal.service.DefaultServiceRegistry$FactoryService.create()Ljava/lang/Object;+1
j  org.gradle.internal.service.DefaultServiceRegistry$ManagedObjectServiceProvider.getInstance()Ljava/lang/Object;+24
j  org.gradle.internal.service.DefaultServiceRegistry$SingletonService.get()Ljava/lang/Object;+1
j  org.gradle.internal.service.DefaultServiceRegistry$FactoryService.assembleParameters()[Ljava/lang/Object;+44
j  org.gradle.internal.service.DefaultServiceRegistry$FactoryService.create()Ljava/lang/Object;+1
j  org.gradle.internal.service.DefaultServiceRegistry$ManagedObjectServiceProvider.getInstance()Ljava/lang/Object;+24
j  org.gradle.internal.service.DefaultServiceRegistry$SingletonService.get()Ljava/lang/Object;+1
j  org.gradle.internal.service.DefaultServiceRegistry$FactoryService.assembleParameters()[Ljava/lang/Object;+44
j  org.gradle.internal.service.DefaultServiceRegistry$FactoryService.create()Ljava/lang/Object;+1
j  org.gradle.internal.service.DefaultServiceRegistry$ManagedObjectServiceProvider.getInstance()Ljava/lang/Object;+24
j  org.gradle.internal.service.DefaultServiceRegistry$SingletonService.get()Ljava/lang/Object;+1
j  org.gradle.internal.service.DefaultServiceRegistry.find(Ljava/lang/reflect/Type;)Ljava/lang/Object;+22
j  org.gradle.internal.service.DefaultServiceRegistry.get(Ljava/lang/reflect/Type;)Ljava/lang/Object;+2
j  org.gradle.internal.service.DefaultServiceRegistry.get(Ljava/lang/Class;)Ljava/lang/Object;+3
j  org.gradle.internal.service.scopes.BuildScopeServices.defaultScriptPluginFactory()Lorg/gradle/configuration/DefaultScriptPluginFactory;+7
j  org.gradle.internal.service.scopes.BuildScopeServices.createScriptPluginFactory(Lorg/gradle/internal/instantiation/InstantiatorFactory;Lorg/gradle/internal/operations/BuildOperationExecutor;Lorg/gradle/configuration/internal/UserCodeApplicationContext;)Lorg/gradle/configuration/ScriptPluginFactory;+1
v  ~StubRoutines::call_stub
j  sun.reflect.NativeMethodAccessorImpl.invoke0(Ljava/lang/reflect/Method;Ljava/lang/Object;[Ljava/lang/Object;)Ljava/lang/Object;+0
j  sun.reflect.NativeMethodAccessorImpl.invoke(Ljava/lang/Object;[Ljava/lang/Object;)Ljava/lang/Object;+100
J 1178 C1 sun.reflect.DelegatingMethodAccessorImpl.invoke(Ljava/lang/Object;[Ljava/lang/Object;)Ljava/lang/Object; (10 bytes) @ 0x000000000375af84 [0x000000000375ae80+0x104]
J 1177 C1 java.lang.reflect.Method.invoke(Ljava/lang/Object;[Ljava/lang/Object;)Ljava/lang/Object; (62 bytes) @ 0x000000000375a9ac [0x000000000375a5c0+0x3ec]
j  org.gradle.internal.reflect.JavaMethod.invoke(Ljava/lang/Object;[Ljava/lang/Object;)Ljava/lang/Object;+6
j  org.gradle.internal.service.ReflectionBasedServiceMethod.invoke(Ljava/lang/Object;[Ljava/lang/Object;)Ljava/lang/Object;+6
j  org.gradle.internal.service.DefaultServiceRegistry$FactoryMethodService.invokeMethod([Ljava/lang/Object;)Ljava/lang/Object;+9
j  org.gradle.internal.service.DefaultServiceRegistry$FactoryService.create()Ljava/lang/Object;+7
j  org.gradle.internal.service.DefaultServiceRegistry$ManagedObjectServiceProvider.getInstance()Ljava/lang/Object;+24
j  org.gradle.internal.service.DefaultServiceRegistry$SingletonService.get()Ljava/lang/Object;+1
j  org.gradle.internal.service.DefaultServiceRegistry$FactoryService.assembleParameters()[Ljava/lang/Object;+44
j  org.gradle.internal.service.DefaultServiceRegistry$FactoryService.create()Ljava/lang/Object;+1
j  org.gradle.internal.service.DefaultServiceRegistry$ManagedObjectServiceProvider.getInstance()Ljava/lang/Object;+24
j  org.gradle.internal.service.DefaultServiceRegistry$SingletonService.get()Ljava/lang/Object;+1
j  org.gradle.internal.service.DefaultServiceRegistry$FactoryService.assembleParameters()[Ljava/lang/Object;+44
j  org.gradle.internal.service.DefaultServiceRegistry$FactoryService.create()Ljava/lang/Object;+1
j  org.gradle.internal.service.DefaultServiceRegistry$ManagedObjectServiceProvider.getInstance()Ljava/lang/Object;+24
j  org.gradle.internal.service.DefaultServiceRegistry$SingletonService.get()Ljava/lang/Object;+1
j  org.gradle.internal.service.DefaultServiceRegistry.find(Ljava/lang/reflect/Type;)Ljava/lang/Object;+22
j  org.gradle.internal.service.DefaultServiceRegistry.get(Ljava/lang/reflect/Type;)Ljava/lang/Object;+2
j  org.gradle.internal.service.DefaultServiceRegistry.get(Ljava/lang/Class;)Ljava/lang/Object;+3
j  org.gradle.initialization.DefaultGradleLauncherFactory.doNewInstance(Lorg/gradle/api/internal/BuildDefinition;Lorg/gradle/internal/build/BuildState;Lorg/gradle/initialization/GradleLauncher;Lorg/gradle/internal/service/scopes/BuildTreeScopeServices;Ljava/util/List;)Lorg/gradle/initialization/DefaultGradleLauncher;+231
j  org.gradle.initialization.DefaultGradleLauncherFactory.newInstance(Lorg/gradle/api/internal/BuildDefinition;Lorg/gradle/internal/build/RootBuildState;Lorg/gradle/internal/service/scopes/BuildTreeScopeServices;)Lorg/gradle/initialization/GradleLauncher;+33
j  org.gradle.composite.internal.DefaultRootBuildState.<init>(Lorg/gradle/api/internal/BuildDefinition;Lorg/gradle/initialization/GradleLauncherFactory;Lorg/gradle/internal/event/ListenerManager;Lorg/gradle/internal/service/scopes/BuildTreeScopeServices;)V+15
j  org.gradle.composite.internal.DefaultIncludedBuildRegistry.createRootBuild(Lorg/gradle/api/internal/BuildDefinition;)Lorg/gradle/internal/build/RootBuildState;+35
j  org.gradle.launcher.exec.InProcessBuildActionExecuter.execute(Lorg/gradle/internal/invocation/BuildAction;Lorg/gradle/initialization/BuildRequestContext;Lorg/gradle/launcher/exec/BuildActionParameters;Lorg/gradle/internal/service/ServiceRegistry;)Lorg/gradle/launcher/exec/BuildActionResult;+61
j  org.gradle.launcher.exec.InProcessBuildActionExecuter.execute(Lorg/gradle/internal/invocation/BuildAction;Lorg/gradle/initialization/BuildRequestContext;Ljava/lang/Object;Lorg/gradle/internal/service/ServiceRegistry;)Lorg/gradle/launcher/exec/BuildActionResult;+9
j  org.gradle.launcher.exec.BuildTreeScopeBuildActionExecuter.execute(Lorg/gradle/internal/invocation/BuildAction;Lorg/gradle/initialization/BuildRequestContext;Lorg/gradle/launcher/exec/BuildActionParameters;Lorg/gradle/internal/service/ServiceRegistry;)Lorg/gradle/launcher/exec/BuildActionResult;+38
j  org.gradle.launcher.exec.BuildTreeScopeBuildActionExecuter.execute(Lorg/gradle/internal/invocation/BuildAction;Lorg/gradle/initialization/BuildRequestContext;Ljava/lang/Object;Lorg/gradle/internal/service/ServiceRegistry;)Lorg/gradle/launcher/exec/BuildActionResult;+9
j  org.gradle.tooling.internal.provider.ContinuousBuildActionExecuter.execute(Lorg/gradle/internal/invocation/BuildAction;Lorg/gradle/initialization/BuildRequestContext;Lorg/gradle/launcher/exec/BuildActionParameters;Lorg/gradle/internal/service/ServiceRegistry;)Lorg/gradle/launcher/exec/BuildActionResult;+58
j  org.gradle.tooling.internal.provider.ContinuousBuildActionExecuter.execute(Lorg/gradle/internal/invocation/BuildAction;Lorg/gradle/initialization/BuildRequestContext;Ljava/lang/Object;Lorg/gradle/internal/service/ServiceRegistry;)Lorg/gradle/launcher/exec/BuildActionResult;+9
j  org.gradle.tooling.internal.provider.SubscribableBuildActionExecuter.execute(Lorg/gradle/internal/invocation/BuildAction;Lorg/gradle/initialization/BuildRequestContext;Lorg/gradle/launcher/exec/BuildActionParameters;Lorg/gradle/internal/service/ServiceRegistry;)Lorg/gradle/launcher/exec/BuildActionResult;+45
j  org.gradle.tooling.internal.provider.SubscribableBuildActionExecuter.execute(Lorg/gradle/internal/invocation/BuildAction;Lorg/gradle/initialization/BuildRequestContext;Ljava/lang/Object;Lorg/gradle/internal/service/ServiceRegistry;)Lorg/gradle/launcher/exec/BuildActionResult;+9
j  org.gradle.tooling.internal.provider.SessionScopeBuildActionExecuter.execute(Lorg/gradle/internal/invocation/BuildAction;Lorg/gradle/initialization/BuildRequestContext;Lorg/gradle/launcher/exec/BuildActionParameters;Lorg/gradle/internal/service/ServiceRegistry;)Lorg/gradle/launcher/exec/BuildActionResult;+117
j  org.gradle.tooling.internal.provider.SessionScopeBuildActionExecuter.execute(Lorg/gradle/internal/invocation/BuildAction;Lorg/gradle/initialization/BuildRequestContext;Ljava/lang/Object;Lorg/gradle/internal/service/ServiceRegistry;)Lorg/gradle/launcher/exec/BuildActionResult;+9
j  org.gradle.tooling.internal.provider.GradleThreadBuildActionExecuter.execute(Lorg/gradle/internal/invocation/BuildAction;Lorg/gradle/initialization/BuildRequestContext;Lorg/gradle/launcher/exec/BuildActionParameters;Lorg/gradle/internal/service/ServiceRegistry;)Lorg/gradle/launcher/exec/BuildActionResult;+12
j  org.gradle.tooling.internal.provider.GradleThreadBuildActionExecuter.execute(Lorg/gradle/internal/invocation/BuildAction;Lorg/gradle/initialization/BuildRequestContext;Ljava/lang/Object;Lorg/gradle/internal/service/ServiceRegistry;)Lorg/gradle/launcher/exec/BuildActionResult;+9
j  org.gradle.tooling.internal.provider.ParallelismConfigurationBuildActionExecuter.execute(Lorg/gradle/internal/invocation/BuildAction;Lorg/gradle/initialization/BuildRequestContext;Lorg/gradle/launcher/exec/BuildActionParameters;Lorg/gradle/internal/service/ServiceRegistry;)Lorg/gradle/launcher/exec/BuildActionResult;+43
j  org.gradle.tooling.internal.provider.ParallelismConfigurationBuildActionExecuter.execute(Lorg/gradle/internal/invocation/BuildAction;Lorg/gradle/initialization/BuildRequestContext;Ljava/lang/Object;Lorg/gradle/internal/service/ServiceRegistry;)Lorg/gradle/launcher/exec/BuildActionResult;+9
j  org.gradle.tooling.internal.provider.StartParamsValidatingActionExecuter.execute(Lorg/gradle/internal/invocation/BuildAction;Lorg/gradle/initialization/BuildRequestContext;Lorg/gradle/launcher/exec/BuildActionParameters;Lorg/gradle/internal/service/ServiceRegistry;)Lorg/gradle/launcher/exec/BuildActionResult;+177
j  org.gradle.tooling.internal.provider.StartParamsValidatingActionExecuter.execute(Lorg/gradle/internal/invocation/BuildAction;Lorg/gradle/initialization/BuildRequestContext;Ljava/lang/Object;Lorg/gradle/internal/service/ServiceRegistry;)Lorg/gradle/launcher/exec/BuildActionResult;+9
j  org.gradle.tooling.internal.provider.SessionFailureReportingActionExecuter.execute(Lorg/gradle/internal/invocation/BuildAction;Lorg/gradle/initialization/BuildRequestContext;Lorg/gradle/launcher/exec/BuildActionParameters;Lorg/gradle/internal/service/ServiceRegistry;)Lorg/gradle/launcher/exec/BuildActionResult;+9
j  org.gradle.tooling.internal.provider.SessionFailureReportingActionExecuter.execute(Lorg/gradle/internal/invocation/BuildAction;Lorg/gradle/initialization/BuildRequestContext;Ljava/lang/Object;Lorg/gradle/internal/service/ServiceRegistry;)Lorg/gradle/launcher/exec/BuildActionResult;+9
j  org.gradle.tooling.internal.provider.SetupLoggingActionExecuter.execute(Lorg/gradle/internal/invocation/BuildAction;Lorg/gradle/initialization/BuildRequestContext;Lorg/gradle/launcher/exec/BuildActionParameters;Lorg/gradle/internal/service/ServiceRegistry;)Lorg/gradle/launcher/exec/BuildActionResult;+52
j  org.gradle.tooling.internal.provider.SetupLoggingActionExecuter.execute(Lorg/gradle/internal/invocation/BuildAction;Lorg/gradle/initialization/BuildRequestContext;Ljava/lang/Object;Lorg/gradle/internal/service/ServiceRegistry;)Lorg/gradle/launcher/exec/BuildActionResult;+9
j  org.gradle.launcher.daemon.server.exec.ExecuteBuild.doBuild(Lorg/gradle/launcher/daemon/server/api/DaemonCommandExecution;Lorg/gradle/launcher/daemon/protocol/Build;)V+118
j  org.gradle.launcher.daemon.server.exec.BuildCommandOnly.execute(Lorg/gradle/launcher/daemon/server/api/DaemonCommandExecution;)V+49
j  org.gradle.launcher.daemon.server.api.DaemonCommandExecution.proceed()Z+23
j  org.gradle.launcher.daemon.server.exec.WatchForDisconnection.execute(Lorg/gradle/launcher/daemon/server/api/DaemonCommandExecution;)V+19
j  org.gradle.launcher.daemon.server.api.DaemonCommandExecution.proceed()Z+23
j  org.gradle.launcher.daemon.server.exec.ResetDeprecationLogger.execute(Lorg/gradle/launcher/daemon/server/api/DaemonCommandExecution;)V+4
j  org.gradle.launcher.daemon.server.api.DaemonCommandExecution.proceed()Z+23
j  org.gradle.launcher.daemon.server.exec.RequestStopIfSingleUsedDaemon.execute(Lorg/gradle/launcher/daemon/server/api/DaemonCommandExecution;)V+33
j  org.gradle.launcher.daemon.server.api.DaemonCommandExecution.proceed()Z+23
j  org.gradle.launcher.daemon.server.exec.ForwardClientInput$2.create()Ljava/lang/Void;+4
j  org.gradle.launcher.daemon.server.exec.ForwardClientInput$2.create()Ljava/lang/Object;+1
j  org.gradle.util.Swapper.swap(Ljava/lang/Object;Lorg/gradle/internal/Factory;)Ljava/lang/Object;+21
j  org.gradle.launcher.daemon.server.exec.ForwardClientInput.execute(Lorg/gradle/launcher/daemon/server/api/DaemonCommandExecution;)V+63
j  org.gradle.launcher.daemon.server.api.DaemonCommandExecution.proceed()Z+23
j  org.gradle.launcher.daemon.server.exec.LogAndCheckHealth.execute(Lorg/gradle/launcher/daemon/server/api/DaemonCommandExecution;)V+28
j  org.gradle.launcher.daemon.server.api.DaemonCommandExecution.proceed()Z+23
j  org.gradle.launcher.daemon.server.exec.LogToClient.doBuild(Lorg/gradle/launcher/daemon/server/api/DaemonCommandExecution;Lorg/gradle/launcher/daemon/protocol/Build;)V+87
j  org.gradle.launcher.daemon.server.exec.BuildCommandOnly.execute(Lorg/gradle/launcher/daemon/server/api/DaemonCommandExecution;)V+49
j  org.gradle.launcher.daemon.server.api.DaemonCommandExecution.proceed()Z+23
j  org.gradle.launcher.daemon.server.exec.EstablishBuildEnvironment.doBuild(Lorg/gradle/launcher/daemon/server/api/DaemonCommandExecution;Lorg/gradle/launcher/daemon/protocol/Build;)V+351
j  org.gradle.launcher.daemon.server.exec.BuildCommandOnly.execute(Lorg/gradle/launcher/daemon/server/api/DaemonCommandExecution;)V+49
j  org.gradle.launcher.daemon.server.api.DaemonCommandExecution.proceed()Z+23
j  org.gradle.launcher.daemon.server.exec.StartBuildOrRespondWithBusy$1.run()V+44
j  org.gradle.launcher.daemon.server.DaemonStateCoordinator$1.run()V+4
j  org.gradle.internal.concurrent.ExecutorPolicy$CatchAndRecordFailures.onExecute(Ljava/lang/Runnable;)V+1
j  org.gradle.internal.concurrent.ManagedExecutorImpl$1.run()V+25
j  java.util.concurrent.ThreadPoolExecutor.runWorker(Ljava/util/concurrent/ThreadPoolExecutor$Worker;)V+95
j  java.util.concurrent.ThreadPoolExecutor$Worker.run()V+5
j  org.gradle.internal.concurrent.ThreadFactoryImpl$ManagedThreadRunnable.run()V+7
j  java.lang.Thread.run()V+11
v  ~StubRoutines::call_stub

---------------  P R O C E S S  ---------------

Java Threads: ( => current thread )
  0x0000000019076000 JavaThread "Cache worker for journal cache (C:\Users\Admin\.gradle\caches\journal-1)" [_thread_blocked, id=16228, stack(0x000000001b780000,0x000000001b880000)]
  0x0000000019076800 JavaThread "File lock request listener" [_thread_in_native, id=9108, stack(0x000000001b680000,0x000000001b780000)]
  0x0000000019074800 JavaThread "Cache worker for file hash cache (C:\Users\Admin\.gradle\caches\5.6.4\fileHashes)" [_thread_blocked, id=6176, stack(0x000000001b580000,0x000000001b680000)]
  0x000000001957e800 JavaThread "Thread-9" [_thread_blocked, id=14856, stack(0x000000001b280000,0x000000001b380000)]
  0x0000000019581000 JavaThread "Stdin handler" [_thread_blocked, id=244, stack(0x000000001b180000,0x000000001b280000)]
  0x000000001956b800 JavaThread "Asynchronous log dispatcher for DefaultDaemonConnection: socket connection from /127.0.0.1:51680 to /127.0.0.1:51681" [_thread_blocked, id=16728, stack(0x000000001b080000,0x000000001b180000)]
=>0x0000000019588800 JavaThread "Daemon worker" [_thread_in_vm, id=16188, stack(0x000000001af80000,0x000000001b080000)]
  0x0000000019583000 JavaThread "Cancel handler" [_thread_blocked, id=5800, stack(0x000000001ae80000,0x000000001af80000)]
  0x00000000194f4000 JavaThread "Handler for socket connection from /127.0.0.1:51680 to /127.0.0.1:51681" [_thread_in_native, id=8, stack(0x000000001ab80000,0x000000001ac80000)]
  0x00000000194ee800 JavaThread "Daemon" [_thread_blocked, id=12416, stack(0x000000001aa80000,0x000000001ab80000)]
  0x00000000194e6000 JavaThread "Daemon periodic checks" [_thread_blocked, id=12128, stack(0x000000001a980000,0x000000001aa80000)]
  0x00000000194d0000 JavaThread "Incoming local TCP Connector on port 51680" [_thread_in_native, id=2736, stack(0x000000001a740000,0x000000001a840000)]
  0x00000000193e8800 JavaThread "Daemon health stats" [_thread_blocked, id=12308, stack(0x000000001a100000,0x000000001a200000)]
  0x0000000015a2e800 JavaThread "Service Thread" daemon [_thread_blocked, id=8432, stack(0x0000000017760000,0x0000000017860000)]
  0x00000000159e2800 JavaThread "C1 CompilerThread2" daemon [_thread_blocked, id=1076, stack(0x0000000017260000,0x0000000017360000)]
  0x00000000159d4000 JavaThread "C2 CompilerThread1" daemon [_thread_in_native, id=16964, stack(0x0000000017160000,0x0000000017260000)]
  0x00000000159d1000 JavaThread "C2 CompilerThread0" daemon [_thread_in_native, id=15440, stack(0x0000000017060000,0x0000000017160000)]
  0x00000000159d7000 JavaThread "Attach Listener" daemon [_thread_blocked, id=14564, stack(0x0000000016f60000,0x0000000017060000)]
  0x00000000159d5800 JavaThread "Signal Dispatcher" daemon [_thread_blocked, id=8260, stack(0x0000000016e60000,0x0000000016f60000)]
  0x00000000032fe000 JavaThread "Finalizer" daemon [_thread_blocked, id=1328, stack(0x0000000016c60000,0x0000000016d60000)]
  0x00000000032f3000 JavaThread "Reference Handler" daemon [_thread_blocked, id=12748, stack(0x0000000016b60000,0x0000000016c60000)]
  0x00000000031ed800 JavaThread "main" [_thread_blocked, id=15292, stack(0x0000000003010000,0x0000000003110000)]

Other Threads:
  0x0000000015995800 VMThread [stack: 0x0000000016a60000,0x0000000016b60000] [id=16800]
  0x000000001738e800 WatcherThread [stack: 0x0000000017860000,0x0000000017960000] [id=16668]

VM state:not at safepoint (normal execution)

VM Mutex/Monitor currently owned by a thread: None

heap address: 0x00000000c0000000, size: 1024 MB, Compressed Oops mode: 32-bit
Narrow klass base: 0x0000000000000000, Narrow klass shift: 3
Compressed class space size: 1073741824 Address: 0x0000000100000000

Heap:
 PSYoungGen      total 38400K, used 13869K [0x00000000eab00000, 0x00000000ed580000, 0x0000000100000000)
  eden space 33280K, 26% used [0x00000000eab00000,0x00000000eb38f688,0x00000000ecb80000)
  from space 5120K, 99% used [0x00000000ed080000,0x00000000ed57c010,0x00000000ed580000)
  to   space 5120K, 0% used [0x00000000ecb80000,0x00000000ecb80000,0x00000000ed080000)
 ParOldGen       total 87552K, used 3732K [0x00000000c0000000, 0x00000000c5580000, 0x00000000eab00000)
  object space 87552K, 4% used [0x00000000c0000000,0x00000000c03a5318,0x00000000c5580000)
 Metaspace       used 15045K, capacity 15470K, committed 15616K, reserved 1062912K
  class space    used 2123K, capacity 2260K, committed 2304K, reserved 1048576K

Card table byte_map: [0x00000000126c0000,0x00000000128d0000] byte_map_base: 0x00000000120c0000

Marking Bits: (ParMarkBitMap*) 0x000000005388f030
 Begin Bits: [0x0000000012e30000, 0x0000000013e30000)
 End Bits:   [0x0000000013e30000, 0x0000000014e30000)

Polling page: 0x0000000001250000

CodeCache: size=245760Kb used=5376Kb max_used=5376Kb free=240383Kb
 bounds [0x0000000003300000, 0x0000000003850000, 0x0000000012300000]
 total_blobs=1898 nmethods=1513 adapters=298
 compilation: enabled

Compilation events (10 events):
Event: 6.315 Thread 0x00000000159e2800 1511       3       org.gradle.api.file.internal.FilePathUtil::sizeOfCommonPrefix (142 bytes)
Event: 6.317 Thread 0x00000000159e2800 nmethod 1511 0x000000000383e090 code [0x000000000383e300, 0x000000000383f728]
Event: 6.317 Thread 0x00000000159e2800 1513       3       org.gradle.internal.file.DefaultFileHierarchySet$Node::sizeOfCommonPrefix (10 bytes)
Event: 6.318 Thread 0x00000000159e2800 nmethod 1513 0x0000000003830090 code [0x0000000003830200, 0x00000000038303e8]
Event: 6.318 Thread 0x00000000159e2800 1514       3       org.gradle.api.file.internal.FilePathUtil::sizeOfCommonPrefix (10 bytes)
Event: 6.318 Thread 0x00000000159e2800 nmethod 1514 0x0000000003840090 code [0x0000000003840200, 0x0000000003840368]
Event: 6.318 Thread 0x00000000159e2800 1515       1       com.google.common.collect.RegularImmutableList::size (5 bytes)
Event: 6.318 Thread 0x00000000159e2800 nmethod 1515 0x0000000003840410 code [0x0000000003840560, 0x0000000003840670]
Event: 6.323 Thread 0x00000000159e2800 1516       3       java.io.WinNTFileSystem::parentOrNull (171 bytes)
Event: 6.325 Thread 0x00000000159e2800 nmethod 1516 0x00000000038406d0 code [0x0000000003840900, 0x0000000003841678]

GC Heap History (8 events):
Event: 2.068 GC heap before
{Heap before GC invocations=1 (full 0):
 PSYoungGen      total 38400K, used 33280K [0x00000000eab00000, 0x00000000ed580000, 0x0000000100000000)
  eden space 33280K, 100% used [0x00000000eab00000,0x00000000ecb80000,0x00000000ecb80000)
  from space 5120K, 0% used [0x00000000ed080000,0x00000000ed080000,0x00000000ed580000)
  to   space 5120K, 0% used [0x00000000ecb80000,0x00000000ecb80000,0x00000000ed080000)
 ParOldGen       total 87552K, used 0K [0x00000000c0000000, 0x00000000c5580000, 0x00000000eab00000)
  object space 87552K, 0% used [0x00000000c0000000,0x00000000c0000000,0x00000000c5580000)
 Metaspace       used 6812K, capacity 7056K, committed 7424K, reserved 1056768K
  class space    used 828K, capacity 908K, committed 1024K, reserved 1048576K
Event: 2.075 GC heap after
Heap after GC invocations=1 (full 0):
 PSYoungGen      total 38400K, used 4231K [0x00000000eab00000, 0x00000000ed580000, 0x0000000100000000)
  eden space 33280K, 0% used [0x00000000eab00000,0x00000000eab00000,0x00000000ecb80000)
  from space 5120K, 82% used [0x00000000ecb80000,0x00000000ecfa1f60,0x00000000ed080000)
  to   space 5120K, 0% used [0x00000000ed080000,0x00000000ed080000,0x00000000ed580000)
 ParOldGen       total 87552K, used 8K [0x00000000c0000000, 0x00000000c5580000, 0x00000000eab00000)
  object space 87552K, 0% used [0x00000000c0000000,0x00000000c0002000,0x00000000c5580000)
 Metaspace       used 6812K, capacity 7056K, committed 7424K, reserved 1056768K
  class space    used 828K, capacity 908K, committed 1024K, reserved 1048576K
}
Event: 2.536 GC heap before
{Heap before GC invocations=2 (full 0):
 PSYoungGen      total 38400K, used 37511K [0x00000000eab00000, 0x00000000ed580000, 0x0000000100000000)
  eden space 33280K, 100% used [0x00000000eab00000,0x00000000ecb80000,0x00000000ecb80000)
  from space 5120K, 82% used [0x00000000ecb80000,0x00000000ecfa1f60,0x00000000ed080000)
  to   space 5120K, 0% used [0x00000000ed080000,0x00000000ed080000,0x00000000ed580000)
 ParOldGen       total 87552K, used 8K [0x00000000c0000000, 0x00000000c5580000, 0x00000000eab00000)
  object space 87552K, 0% used [0x00000000c0000000,0x00000000c0002000,0x00000000c5580000)
 Metaspace       used 7050K, capacity 7368K, committed 7680K, reserved 1056768K
  class space    used 861K, capacity 948K, committed 1024K, reserved 1048576K
Event: 2.541 GC heap after
Heap after GC invocations=2 (full 0):
 PSYoungGen      total 38400K, used 3153K [0x00000000eab00000, 0x00000000ed580000, 0x0000000100000000)
  eden space 33280K, 0% used [0x00000000eab00000,0x00000000eab00000,0x00000000ecb80000)
  from space 5120K, 61% used [0x00000000ed080000,0x00000000ed3944e0,0x00000000ed580000)
  to   space 5120K, 0% used [0x00000000ecb80000,0x00000000ecb80000,0x00000000ed080000)
 ParOldGen       total 87552K, used 16K [0x00000000c0000000, 0x00000000c5580000, 0x00000000eab00000)
  object space 87552K, 0% used [0x00000000c0000000,0x00000000c0004000,0x00000000c5580000)
 Metaspace       used 7050K, capacity 7368K, committed 7680K, reserved 1056768K
  class space    used 861K, capacity 948K, committed 1024K, reserved 1048576K
}
Event: 4.938 GC heap before
{Heap before GC invocations=3 (full 0):
 PSYoungGen      total 38400K, used 36433K [0x00000000eab00000, 0x00000000ed580000, 0x0000000100000000)
  eden space 33280K, 100% used [0x00000000eab00000,0x00000000ecb80000,0x00000000ecb80000)
  from space 5120K, 61% used [0x00000000ed080000,0x00000000ed3944e0,0x00000000ed580000)
  to   space 5120K, 0% used [0x00000000ecb80000,0x00000000ecb80000,0x00000000ed080000)
 ParOldGen       total 87552K, used 16K [0x00000000c0000000, 0x00000000c5580000, 0x00000000eab00000)
  object space 87552K, 0% used [0x00000000c0000000,0x00000000c0004000,0x00000000c5580000)
 Metaspace       used 12287K, capacity 12732K, committed 12800K, reserved 1060864K
  class space    used 1642K, capacity 1772K, committed 1792K, reserved 1048576K
Event: 4.956 GC heap after
Heap after GC invocations=3 (full 0):
 PSYoungGen      total 38400K, used 5120K [0x00000000eab00000, 0x00000000ed580000, 0x0000000100000000)
  eden space 33280K, 0% used [0x00000000eab00000,0x00000000eab00000,0x00000000ecb80000)
  from space 5120K, 100% used [0x00000000ecb80000,0x00000000ed080000,0x00000000ed080000)
  to   space 5120K, 0% used [0x00000000ed080000,0x00000000ed080000,0x00000000ed580000)
 ParOldGen       total 87552K, used 1268K [0x00000000c0000000, 0x00000000c5580000, 0x00000000eab00000)
  object space 87552K, 1% used [0x00000000c0000000,0x00000000c013d058,0x00000000c5580000)
 Metaspace       used 12287K, capacity 12732K, committed 12800K, reserved 1060864K
  class space    used 1642K, capacity 1772K, committed 1792K, reserved 1048576K
}
Event: 5.959 GC heap before
{Heap before GC invocations=4 (full 0):
 PSYoungGen      total 38400K, used 38400K [0x00000000eab00000, 0x00000000ed580000, 0x0000000100000000)
  eden space 33280K, 100% used [0x00000000eab00000,0x00000000ecb80000,0x00000000ecb80000)
  from space 5120K, 100% used [0x00000000ecb80000,0x00000000ed080000,0x00000000ed080000)
  to   space 5120K, 0% used [0x00000000ed080000,0x00000000ed080000,0x00000000ed580000)
 ParOldGen       total 87552K, used 1268K [0x00000000c0000000, 0x00000000c5580000, 0x00000000eab00000)
  object space 87552K, 1% used [0x00000000c0000000,0x00000000c013d058,0x00000000c5580000)
 Metaspace       used 14641K, capacity 15044K, committed 15232K, reserved 1062912K
  class space    used 2044K, capacity 2160K, committed 2176K, reserved 1048576K
Event: 5.970 GC heap after
Heap after GC invocations=4 (full 0):
 PSYoungGen      total 38400K, used 5104K [0x00000000eab00000, 0x00000000ed580000, 0x0000000100000000)
  eden space 33280K, 0% used [0x00000000eab00000,0x00000000eab00000,0x00000000ecb80000)
  from space 5120K, 99% used [0x00000000ed080000,0x00000000ed57c010,0x00000000ed580000)
  to   space 5120K, 0% used [0x00000000ecb80000,0x00000000ecb80000,0x00000000ed080000)
 ParOldGen       total 87552K, used 3732K [0x00000000c0000000, 0x00000000c5580000, 0x00000000eab00000)
  object space 87552K, 4% used [0x00000000c0000000,0x00000000c03a5318,0x00000000c5580000)
 Metaspace       used 14641K, capacity 15044K, committed 15232K, reserved 1062912K
  class space    used 2044K, capacity 2160K, committed 2176K, reserved 1048576K
}

Deoptimization events (10 events):
Event: 3.165 Thread 0x00000000031ed800 Uncommon trap: reason=bimorphic action=maybe_recompile pc=0x00000000035b89b4 method=java.util.HashMap.putVal(ILjava/lang/Object;Ljava/lang/Object;ZZ)Ljava/lang/Object; @ 203
Event: 3.708 Thread 0x00000000031ed800 Uncommon trap: reason=unstable_if action=reinterpret pc=0x00000000035c054c method=java.io.WinNTFileSystem.normalize(Ljava/lang/String;)Ljava/lang/String; @ 128
Event: 4.651 Thread 0x00000000194f4000 Uncommon trap: reason=unstable_if action=reinterpret pc=0x00000000036f4870 method=java.util.concurrent.ConcurrentHashMap.putVal(Ljava/lang/Object;Ljava/lang/Object;Z)Ljava/lang/Object; @ 206
Event: 4.777 Thread 0x0000000019588800 Uncommon trap: reason=bimorphic action=maybe_recompile pc=0x00000000035b76c0 method=java.util.HashMap.putVal(ILjava/lang/Object;Ljava/lang/Object;ZZ)Ljava/lang/Object; @ 253
Event: 4.777 Thread 0x0000000019588800 Uncommon trap: reason=bimorphic action=maybe_recompile pc=0x00000000035b76c0 method=java.util.HashMap.putVal(ILjava/lang/Object;Ljava/lang/Object;ZZ)Ljava/lang/Object; @ 253
Event: 4.777 Thread 0x0000000019588800 Uncommon trap: reason=bimorphic action=maybe_recompile pc=0x00000000035b76c0 method=java.util.HashMap.putVal(ILjava/lang/Object;Ljava/lang/Object;ZZ)Ljava/lang/Object; @ 253
Event: 5.554 Thread 0x0000000019588800 Uncommon trap: reason=class_check action=maybe_recompile pc=0x00000000035e2718 method=java.util.regex.Matcher.match(II)Z @ 86
Event: 5.592 Thread 0x0000000019588800 Uncommon trap: reason=class_check action=maybe_recompile pc=0x00000000035e2718 method=java.util.regex.Matcher.match(II)Z @ 86
Event: 5.593 Thread 0x0000000019588800 Uncommon trap: reason=class_check action=maybe_recompile pc=0x00000000035e2718 method=java.util.regex.Matcher.match(II)Z @ 86
Event: 5.593 Thread 0x0000000019588800 Uncommon trap: reason=class_check action=maybe_recompile pc=0x000000000359415c method=java.util.regex.Matcher.match(II)Z @ 86

Classes redefined (0 events):
No events

Internal exceptions (10 events):
Event: 4.660 Thread 0x00000000194f4000 Exception <a 'java/lang/NoSuchMethodError': <clinit>> (0x00000000ec5b8a70) thrown at [C:\src\AOSP-openjdk-git\hotspot\src\share\vm\prims\jni.cpp, line 1615]
Event: 4.674 Thread 0x00000000194f4000 Exception <a 'java/lang/NoSuchMethodError': <clinit>> (0x00000000ec5cb3a0) thrown at [C:\src\AOSP-openjdk-git\hotspot\src\share\vm\prims\jni.cpp, line 1615]
Event: 4.683 Thread 0x00000000194f4000 Exception <a 'java/lang/NoSuchMethodError': <clinit>> (0x00000000ec5f1f60) thrown at [C:\src\AOSP-openjdk-git\hotspot\src\share\vm\prims\jni.cpp, line 1615]
Event: 4.686 Thread 0x00000000194f4000 Exception <a 'java/lang/NoSuchMethodError': <clinit>> (0x00000000ec609960) thrown at [C:\src\AOSP-openjdk-git\hotspot\src\share\vm\prims\jni.cpp, line 1615]
Event: 4.687 Thread 0x00000000194f4000 Exception <a 'java/lang/NoSuchMethodError': <clinit>> (0x00000000ec612500) thrown at [C:\src\AOSP-openjdk-git\hotspot\src\share\vm\prims\jni.cpp, line 1615]
Event: 4.690 Thread 0x00000000194f4000 Exception <a 'java/lang/NoSuchMethodError': <clinit>> (0x00000000ec628710) thrown at [C:\src\AOSP-openjdk-git\hotspot\src\share\vm\prims\jni.cpp, line 1615]
Event: 4.710 Thread 0x00000000194f4000 Exception <a 'java/lang/NoSuchMethodError': <clinit>> (0x00000000ec682a88) thrown at [C:\src\AOSP-openjdk-git\hotspot\src\share\vm\prims\jni.cpp, line 1615]
Event: 4.716 Thread 0x00000000194f4000 Exception <a 'java/lang/NoSuchMethodError': <clinit>> (0x00000000ec6aee38) thrown at [C:\src\AOSP-openjdk-git\hotspot\src\share\vm\prims\jni.cpp, line 1615]
Event: 4.723 Thread 0x00000000194f4000 Exception <a 'java/lang/NoSuchMethodError': <clinit>> (0x00000000ec6dbd60) thrown at [C:\src\AOSP-openjdk-git\hotspot\src\share\vm\prims\jni.cpp, line 1615]
Event: 4.724 Thread 0x00000000194f4000 Exception <a 'java/lang/NoSuchMethodError': <clinit>> (0x00000000ec6e6de8) thrown at [C:\src\AOSP-openjdk-git\hotspot\src\share\vm\prims\jni.cpp, line 1615]

Events (10 events):
Event: 6.322 loading class org/gradle/internal/snapshot/FileSystemSnapshot
Event: 6.322 loading class org/gradle/internal/snapshot/FileSystemSnapshot done
Event: 6.322 loading class org/apache/tools/ant/DirectoryScanner
Event: 6.322 loading class org/apache/tools/ant/DirectoryScanner done
Event: 6.324 loading class org/apache/tools/ant/FileScanner
Event: 6.324 loading class org/apache/tools/ant/FileScanner done
Event: 6.325 loading class org/apache/tools/ant/types/selectors/SelectorScanner
Event: 6.325 loading class org/apache/tools/ant/types/selectors/SelectorScanner done
Event: 6.339 loading class org/apache/tools/ant/types/ResourceFactory
Event: 6.339 loading class org/apache/tools/ant/types/ResourceFactory done


Dynamic libraries:
0x00007ff6580b0000 - 0x00007ff6580e1000 	C:\Program Files\Android\Android Studio\jre\bin\java.exe
0x00007ffd4f490000 - 0x00007ffd4f685000 	C:\WINDOWS\SYSTEM32\ntdll.dll
0x00007ffd4d4f0000 - 0x00007ffd4d5ad000 	C:\WINDOWS\System32\KERNEL32.DLL
0x00007ffd4cf10000 - 0x00007ffd4d1d9000 	C:\WINDOWS\System32\KERNELBASE.dll
0x00007ffd4e760000 - 0x00007ffd4e80c000 	C:\WINDOWS\System32\ADVAPI32.dll
0x00007ffd4d750000 - 0x00007ffd4d7ee000 	C:\WINDOWS\System32\msvcrt.dll
0x00007ffd4ed80000 - 0x00007ffd4ee1c000 	C:\WINDOWS\System32\sechost.dll
0x00007ffd4d9d0000 - 0x00007ffd4dafb000 	C:\WINDOWS\System32\RPCRT4.dll
0x00007ffd4db00000 - 0x00007ffd4dca0000 	C:\WINDOWS\System32\USER32.dll
0x00007ffd4ccd0000 - 0x00007ffd4ccf2000 	C:\WINDOWS\System32\win32u.dll
0x00007ffd4eca0000 - 0x00007ffd4ecca000 	C:\WINDOWS\System32\GDI32.dll
0x00007ffd4cd80000 - 0x00007ffd4ce8b000 	C:\WINDOWS\System32\gdi32full.dll
0x00007ffd4d3a0000 - 0x00007ffd4d43d000 	C:\WINDOWS\System32\msvcp_win.dll
0x00007ffd4cbd0000 - 0x00007ffd4ccd0000 	C:\WINDOWS\System32\ucrtbase.dll
0x00007ffd40cf0000 - 0x00007ffd40f8a000 	C:\WINDOWS\WinSxS\amd64_microsoft.windows.common-controls_6595b64144ccf1df_6.0.19041.844_none_ca00b6081b84eb1d\COMCTL32.dll
0x00007ffd4eb40000 - 0x00007ffd4eb70000 	C:\WINDOWS\System32\IMM32.DLL
0x0000000053fb0000 - 0x0000000054082000 	C:\Program Files\Android\Android Studio\jre\jre\bin\msvcr100.dll
0x00000000530c0000 - 0x000000005390b000 	C:\Program Files\Android\Android Studio\jre\jre\bin\server\jvm.dll
0x00007ffd4f440000 - 0x00007ffd4f448000 	C:\WINDOWS\System32\PSAPI.DLL
0x00007ffd45070000 - 0x00007ffd45097000 	C:\WINDOWS\SYSTEM32\WINMM.dll
0x00007ffd49a80000 - 0x00007ffd49a89000 	C:\WINDOWS\SYSTEM32\WSOCK32.dll
0x00007ffd43430000 - 0x00007ffd4343a000 	C:\WINDOWS\SYSTEM32\VERSION.dll
0x00007ffd4ee20000 - 0x00007ffd4ee8b000 	C:\WINDOWS\System32\WS2_32.dll
0x00007ffd49420000 - 0x00007ffd4942f000 	C:\Program Files\Android\Android Studio\jre\jre\bin\verify.dll
0x00007ffd46ec0000 - 0x00007ffd46ee9000 	C:\Program Files\Android\Android Studio\jre\jre\bin\java.dll
0x00007ffd446f0000 - 0x00007ffd44706000 	C:\Program Files\Android\Android Studio\jre\jre\bin\zip.dll
0x00007ffd4e010000 - 0x00007ffd4e752000 	C:\WINDOWS\System32\SHELL32.dll
0x00007ffd4aae0000 - 0x00007ffd4b270000 	C:\WINDOWS\SYSTEM32\windows.storage.dll
0x00007ffd4dca0000 - 0x00007ffd4dff5000 	C:\WINDOWS\System32\combase.dll
0x00007ffd4c570000 - 0x00007ffd4c59c000 	C:\WINDOWS\SYSTEM32\Wldp.dll
0x00007ffd4e9d0000 - 0x00007ffd4ea7e000 	C:\WINDOWS\System32\SHCORE.dll
0x00007ffd4ef70000 - 0x00007ffd4efc5000 	C:\WINDOWS\System32\shlwapi.dll
0x00007ffd4cb10000 - 0x00007ffd4cb2f000 	C:\WINDOWS\SYSTEM32\profapi.dll
0x00007ffd410e0000 - 0x00007ffd410fa000 	C:\Program Files\Android\Android Studio\jre\jre\bin\net.dll
0x00007ffd4c2f0000 - 0x00007ffd4c35a000 	C:\WINDOWS\system32\mswsock.dll
0x00007ffd410a0000 - 0x00007ffd410b3000 	C:\Program Files\Android\Android Studio\jre\jre\bin\nio.dll
0x00007ffd45c40000 - 0x00007ffd45c66000 	C:\Users\Admin\.gradle\native\30\windows-amd64\native-platform.dll
0x00007ffd49410000 - 0x00007ffd4941d000 	C:\Program Files\Android\Android Studio\jre\jre\bin\management.dll
0x00007ffd4c4c0000 - 0x00007ffd4c4d8000 	C:\WINDOWS\SYSTEM32\CRYPTSP.dll
0x00007ffd4bc90000 - 0x00007ffd4bcc4000 	C:\WINDOWS\system32\rsaenh.dll
0x00007ffd4cd00000 - 0x00007ffd4cd27000 	C:\WINDOWS\System32\bcrypt.dll
0x00007ffd4cad0000 - 0x00007ffd4cafe000 	C:\WINDOWS\SYSTEM32\USERENV.dll
0x00007ffd4ce90000 - 0x00007ffd4cf10000 	C:\WINDOWS\System32\bcryptprimitives.dll
0x00007ffd4c4e0000 - 0x00007ffd4c4ec000 	C:\WINDOWS\SYSTEM32\CRYPTBASE.dll
0x00007ffd4bfe0000 - 0x00007ffd4c01b000 	C:\WINDOWS\SYSTEM32\IPHLPAPI.DLL
0x00007ffd4e810000 - 0x00007ffd4e818000 	C:\WINDOWS\System32\NSI.dll
0x00007ffd45d70000 - 0x00007ffd45d87000 	C:\WINDOWS\SYSTEM32\dhcpcsvc6.DLL
0x00007ffd46400000 - 0x00007ffd4641d000 	C:\WINDOWS\SYSTEM32\dhcpcsvc.DLL
0x00007ffd4c020000 - 0x00007ffd4c0eb000 	C:\WINDOWS\SYSTEM32\DNSAPI.dll

VM Arguments:
jvm_args: -Xmx1024m -Dfile.encoding=windows-1252 -Duser.country=US -Duser.language=en -Duser.variant 
java_command: org.gradle.launcher.daemon.bootstrap.GradleDaemon 5.6.4
java_class_path (initial): C:\Users\Admin\.gradle\wrapper\dists\gradle-5.6.4-all\ankdp27end7byghfw1q2sw75f\gradle-5.6.4\lib\gradle-launcher-5.6.4.jar
Launcher Type: SUN_STANDARD

Environment Variables:
PATH=C:\Program Files (x86)\Common Files\Oracle\Java\javapath;C:\WINDOWS\system32;C:\WINDOWS;C:\WINDOWS\System32\Wbem;C:\WINDOWS\System32\WindowsPowerShell\v1.0\;C:\WINDOWS\System32\OpenSSH\;C:\Program Files\Git\cmd;C:\Users\Admin\AppData\Local\Microsoft\WindowsApps;
USERNAME=Admin
OS=Windows_NT
PROCESSOR_IDENTIFIER=Intel64 Family 6 Model 61 Stepping 4, GenuineIntel



---------------  S Y S T E M  ---------------

OS: Windows 10.0 , 64 bit Build 19041 (10.0.19041.804)

CPU:total 4 (initial active 4) (2 cores per cpu, 2 threads per core) family 6 model 61 stepping 4, cmov, cx8, fxsr, mmx, sse, sse2, sse3, ssse3, sse4.1, sse4.2, popcnt, avx, avx2, aes, clmul, erms, 3dnowpref, lzcnt, ht, tsc, tscinvbit, bmi1, bmi2, adx

Memory: 4k page, physical 8307376k(848884k free), swap 18731436k(7368k free)

vm_info: OpenJDK 64-Bit Server VM (25.242-b01) for windows-amd64 JRE (1.8.0_242-release-1644-b01), built by "builder" with MS VC++ 10.0 (VS2010)

time: Thu May 06 10:50:09 2021
timezone: India Standard Time
elapsed time: 6 seconds (0d 0h 0m 6s)

