#
# There is insufficient memory for the Java Runtime Environment to continue.
# Native memory allocation (malloc) failed to allocate 2280016 bytes for Chunk::new
# Possible reasons:
#   The system is out of physical RAM or swap space
#   The process is running with CompressedOops enabled, and the Java Heap may be blocking the growth of the native heap
# Possible solutions:
#   Reduce memory load on the system
#   Increase physical memory or swap space
#   Check if swap backing store is full
#   Decrease Java heap size (-Xmx/-Xms)
#   Decrease number of Java threads
#   Decrease Java thread stack sizes (-Xss)
#   Set larger code cache with -XX:ReservedCodeCacheSize=
#   JVM is running with Unscaled Compressed Oops mode in which the Java heap is
#     placed in the first 4GB address space. The Java Heap base address is the
#     maximum limit for the native heap growth. Please use -XX:HeapBaseMinAddress
#     to set the Java Heap base and to place the Java Heap above 4GB virtual address.
# This output file may be truncated or incomplete.
#
#  Out of Memory Error (allocation.cpp:389), pid=5320, tid=0x0000000000002ad0
#
# JRE version: OpenJDK Runtime Environment (8.0_242-b01) (build 1.8.0_242-release-1644-b01)
# Java VM: OpenJDK 64-Bit Server VM (25.242-b01 mixed mode windows-amd64 compressed oops)
# Failed to write core dump. Minidumps are not enabled by default on client versions of Windows
#

---------------  T H R E A D  ---------------

Current thread (0x0000000016213800):  JavaThread "C2 CompilerThread0" daemon [_thread_in_native, id=10960, stack(0x0000000017880000,0x0000000017980000)]

Stack: [0x0000000017880000,0x0000000017980000]
[error occurred during error reporting (printing stack bounds), id 0xc0000005]

Native frames: (J=compiled Java code, j=interpreted, Vv=VM code, C=native code)


Current CompileTask:
C2:   4793 1544   !   4       java.net.URLClassLoader$1::run (63 bytes)


---------------  P R O C E S S  ---------------

Java Threads: ( => current thread )
  0x0000000018916000 JavaThread "Cache worker for file hash cache (E:\BinplusProjects\NSGames\.gradle\5.6.4\fileHashes)" [_thread_blocked, id=14072, stack(0x000000001e630000,0x000000001e730000)]
  0x0000000018914000 JavaThread "Cache worker for journal cache (C:\Users\Admin\.gradle\caches\journal-1)" [_thread_blocked, id=6196, stack(0x000000001bfa0000,0x000000001c0a0000)]
  0x0000000018911800 JavaThread "File lock request listener" [_thread_in_native, id=16420, stack(0x000000001bea0000,0x000000001bfa0000)]
  0x0000000018911000 JavaThread "Cache worker for file hash cache (C:\Users\Admin\.gradle\caches\5.6.4\fileHashes)" [_thread_blocked, id=5860, stack(0x000000001bda0000,0x000000001bea0000)]
  0x0000000019c30000 JavaThread "Thread-9" [_thread_blocked, id=16412, stack(0x000000001baa0000,0x000000001bba0000)]
  0x0000000019c27000 JavaThread "Stdin handler" [_thread_blocked, id=13336, stack(0x000000001b9a0000,0x000000001baa0000)]
  0x0000000019c26800 JavaThread "Asynchronous log dispatcher for DefaultDaemonConnection: socket connection from /127.0.0.1:60855 to /127.0.0.1:60856" [_thread_blocked, id=8744, stack(0x000000001b8a0000,0x000000001b9a0000)]
  0x0000000019c23800 JavaThread "Daemon worker" [_thread_in_vm, id=492, stack(0x000000001b7a0000,0x000000001b8a0000)]
  0x0000000019cb9000 JavaThread "Cancel handler" [_thread_blocked, id=9444, stack(0x000000001b6a0000,0x000000001b7a0000)]
  0x0000000019c09800 JavaThread "Handler for socket connection from /127.0.0.1:60855 to /127.0.0.1:60856" [_thread_in_native, id=10412, stack(0x000000001b3a0000,0x000000001b4a0000)]
  0x0000000019bb7800 JavaThread "Daemon" [_thread_blocked, id=15972, stack(0x000000001b2a0000,0x000000001b3a0000)]
  0x0000000019bc6000 JavaThread "Daemon periodic checks" [_thread_blocked, id=12740, stack(0x000000001b1a0000,0x000000001b2a0000)]
  0x0000000019b99800 JavaThread "Incoming local TCP Connector on port 60855" [_thread_in_native, id=4536, stack(0x000000001af60000,0x000000001b060000)]
  0x000000001994d800 JavaThread "Daemon health stats" [_thread_blocked, id=7672, stack(0x000000001a920000,0x000000001aa20000)]
  0x0000000017bb0800 JavaThread "Service Thread" daemon [_thread_blocked, id=8284, stack(0x0000000017f80000,0x0000000018080000)]
  0x000000001622a800 JavaThread "C1 CompilerThread2" daemon [_thread_blocked, id=16284, stack(0x0000000017a80000,0x0000000017b80000)]
  0x0000000016216800 JavaThread "C2 CompilerThread1" daemon [_thread_in_native, id=11064, stack(0x0000000017980000,0x0000000017a80000)]
=>0x0000000016213800 JavaThread "C2 CompilerThread0" daemon [_thread_in_native, id=10960, stack(0x0000000017880000,0x0000000017980000)]
  0x0000000016219000 JavaThread "Attach Listener" daemon [_thread_blocked, id=7568, stack(0x0000000017780000,0x0000000017880000)]
  0x0000000016218000 JavaThread "Signal Dispatcher" daemon [_thread_blocked, id=8260, stack(0x0000000017680000,0x0000000017780000)]
  0x00000000031ec800 JavaThread "Finalizer" daemon [_thread_blocked, id=9032, stack(0x0000000017480000,0x0000000017580000)]
  0x00000000031e2800 JavaThread "Reference Handler" daemon [_thread_blocked, id=5564, stack(0x0000000017380000,0x0000000017480000)]
  0x00000000032dd800 JavaThread "main" [_thread_blocked, id=12944, stack(0x0000000002f20000,0x0000000003020000)]

Other Threads:
  0x00000000161d6000 VMThread [stack: 0x0000000017280000,0x0000000017380000] [id=4988]
  0x000000001626d000 WatcherThread [stack: 0x0000000018080000,0x0000000018180000] [id=2800]

VM state:not at safepoint (normal execution)

VM Mutex/Monitor currently owned by a thread: None

heap address: 0x00000000b1c00000, size: 1252 MB, Compressed Oops mode: 32-bit
Narrow klass base: 0x0000000000000000, Narrow klass shift: 3
Compressed class space size: 1073741824 Address: 0x0000000100000000

Heap:
 PSYoungGen      total 38400K, used 13964K [0x00000000e5f00000, 0x00000000eaa00000, 0x0000000100000000)
  eden space 33280K, 26% used [0x00000000e5f00000,0x00000000e67a7068,0x00000000e7f80000)
  from space 5120K, 99% used [0x00000000e7f80000,0x00000000e847c030,0x00000000e8480000)
  to   space 5120K, 0% used [0x00000000e8480000,0x00000000e8480000,0x00000000e8980000)
 ParOldGen       total 87552K, used 7104K [0x00000000b1c00000, 0x00000000b7180000, 0x00000000e5f00000)
  object space 87552K, 8% used [0x00000000b1c00000,0x00000000b22f0218,0x00000000b7180000)
 Metaspace       used 18349K, capacity 18750K, committed 19072K, reserved 1064960K
  class space    used 2643K, capacity 2823K, committed 2944K, reserved 1048576K

Card table byte_map: [0x00000000126a0000,0x0000000012920000] byte_map_base: 0x0000000012112000

Marking Bits: (ParMarkBitMap*) 0x000000005388f030
 Begin Bits: [0x0000000012ed0000, 0x0000000014260000)
 End Bits:   [0x0000000014260000, 0x00000000155f0000)

Polling page: 0x00000000011f0000

CodeCache: size=245760Kb used=5751Kb max_used=5751Kb free=240009Kb
 bounds [0x00000000032e0000, 0x0000000003890000, 0x00000000122e0000]
 total_blobs=2106 nmethods=1696 adapters=323
 compilation: enabled

Compilation events (10 events):
Event: 4.521 Thread 0x000000001622a800 1643  s    3       java.io.ExpiringCache::get (39 bytes)
Event: 4.522 Thread 0x000000001622a800 nmethod 1643 0x0000000003856210 code [0x00000000038563a0, 0x00000000038567d8]
Event: 4.544 Thread 0x000000001622a800 1644       3       org.gradle.internal.service.DefaultServiceRegistry$ParentServices::getService (11 bytes)
Event: 4.544 Thread 0x000000001622a800 nmethod 1644 0x0000000003856910 code [0x0000000003856a80, 0x0000000003856ca8]
Event: 4.551 Thread 0x000000001622a800 1645       3       java.io.File::<init> (20 bytes)
Event: 4.551 Thread 0x000000001622a800 nmethod 1645 0x0000000003856d90 code [0x0000000003856ee0, 0x00000000038570d0]
Event: 4.570 Thread 0x000000001622a800 1646       3       sun.reflect.NativeMethodAccessorImpl::invoke (104 bytes)
Event: 4.573 Thread 0x000000001622a800 nmethod 1646 0x0000000003857590 code [0x0000000003857800, 0x0000000003858c98]
Event: 4.649 Thread 0x000000001622a800 1648       3       java.lang.Enum::<init> (15 bytes)
Event: 4.649 Thread 0x000000001622a800 nmethod 1648 0x0000000003859750 code [0x00000000038598a0, 0x0000000003859a70]

GC Heap History (10 events):
Event: 1.295 GC heap before
{Heap before GC invocations=1 (full 0):
 PSYoungGen      total 38400K, used 33280K [0x00000000e5f00000, 0x00000000e8980000, 0x0000000100000000)
  eden space 33280K, 100% used [0x00000000e5f00000,0x00000000e7f80000,0x00000000e7f80000)
  from space 5120K, 0% used [0x00000000e8480000,0x00000000e8480000,0x00000000e8980000)
  to   space 5120K, 0% used [0x00000000e7f80000,0x00000000e7f80000,0x00000000e8480000)
 ParOldGen       total 87552K, used 0K [0x00000000b1c00000, 0x00000000b7180000, 0x00000000e5f00000)
  object space 87552K, 0% used [0x00000000b1c00000,0x00000000b1c00000,0x00000000b7180000)
 Metaspace       used 6825K, capacity 7056K, committed 7424K, reserved 1056768K
  class space    used 828K, capacity 908K, committed 1024K, reserved 1048576K
Event: 1.303 GC heap after
Heap after GC invocations=1 (full 0):
 PSYoungGen      total 38400K, used 4209K [0x00000000e5f00000, 0x00000000e8980000, 0x0000000100000000)
  eden space 33280K, 0% used [0x00000000e5f00000,0x00000000e5f00000,0x00000000e7f80000)
  from space 5120K, 82% used [0x00000000e7f80000,0x00000000e839c660,0x00000000e8480000)
  to   space 5120K, 0% used [0x00000000e8480000,0x00000000e8480000,0x00000000e8980000)
 ParOldGen       total 87552K, used 8K [0x00000000b1c00000, 0x00000000b7180000, 0x00000000e5f00000)
  object space 87552K, 0% used [0x00000000b1c00000,0x00000000b1c02000,0x00000000b7180000)
 Metaspace       used 6825K, capacity 7056K, committed 7424K, reserved 1056768K
  class space    used 828K, capacity 908K, committed 1024K, reserved 1048576K
}
Event: 1.735 GC heap before
{Heap before GC invocations=2 (full 0):
 PSYoungGen      total 38400K, used 37489K [0x00000000e5f00000, 0x00000000e8980000, 0x0000000100000000)
  eden space 33280K, 100% used [0x00000000e5f00000,0x00000000e7f80000,0x00000000e7f80000)
  from space 5120K, 82% used [0x00000000e7f80000,0x00000000e839c660,0x00000000e8480000)
  to   space 5120K, 0% used [0x00000000e8480000,0x00000000e8480000,0x00000000e8980000)
 ParOldGen       total 87552K, used 8K [0x00000000b1c00000, 0x00000000b7180000, 0x00000000e5f00000)
  object space 87552K, 0% used [0x00000000b1c00000,0x00000000b1c02000,0x00000000b7180000)
 Metaspace       used 7073K, capacity 7368K, committed 7680K, reserved 1056768K
  class space    used 861K, capacity 948K, committed 1024K, reserved 1048576K
Event: 1.740 GC heap after
Heap after GC invocations=2 (full 0):
 PSYoungGen      total 38400K, used 3105K [0x00000000e5f00000, 0x00000000e8980000, 0x0000000100000000)
  eden space 33280K, 0% used [0x00000000e5f00000,0x00000000e5f00000,0x00000000e7f80000)
  from space 5120K, 60% used [0x00000000e8480000,0x00000000e8788510,0x00000000e8980000)
  to   space 5120K, 0% used [0x00000000e7f80000,0x00000000e7f80000,0x00000000e8480000)
 ParOldGen       total 87552K, used 16K [0x00000000b1c00000, 0x00000000b7180000, 0x00000000e5f00000)
  object space 87552K, 0% used [0x00000000b1c00000,0x00000000b1c04000,0x00000000b7180000)
 Metaspace       used 7073K, capacity 7368K, committed 7680K, reserved 1056768K
  class space    used 861K, capacity 948K, committed 1024K, reserved 1048576K
}
Event: 3.587 GC heap before
{Heap before GC invocations=3 (full 0):
 PSYoungGen      total 38400K, used 36385K [0x00000000e5f00000, 0x00000000e8980000, 0x0000000100000000)
  eden space 33280K, 100% used [0x00000000e5f00000,0x00000000e7f80000,0x00000000e7f80000)
  from space 5120K, 60% used [0x00000000e8480000,0x00000000e8788510,0x00000000e8980000)
  to   space 5120K, 0% used [0x00000000e7f80000,0x00000000e7f80000,0x00000000e8480000)
 ParOldGen       total 87552K, used 16K [0x00000000b1c00000, 0x00000000b7180000, 0x00000000e5f00000)
  object space 87552K, 0% used [0x00000000b1c00000,0x00000000b1c04000,0x00000000b7180000)
 Metaspace       used 12335K, capacity 12744K, committed 12800K, reserved 1060864K
  class space    used 1643K, capacity 1774K, committed 1792K, reserved 1048576K
Event: 3.597 GC heap after
Heap after GC invocations=3 (full 0):
 PSYoungGen      total 38400K, used 5088K [0x00000000e5f00000, 0x00000000e8980000, 0x0000000100000000)
  eden space 33280K, 0% used [0x00000000e5f00000,0x00000000e5f00000,0x00000000e7f80000)
  from space 5120K, 99% used [0x00000000e7f80000,0x00000000e8478020,0x00000000e8480000)
  to   space 5120K, 0% used [0x00000000e8480000,0x00000000e8480000,0x00000000e8980000)
 ParOldGen       total 87552K, used 1308K [0x00000000b1c00000, 0x00000000b7180000, 0x00000000e5f00000)
  object space 87552K, 1% used [0x00000000b1c00000,0x00000000b1d47170,0x00000000b7180000)
 Metaspace       used 12335K, capacity 12744K, committed 12800K, reserved 1060864K
  class space    used 1643K, capacity 1774K, committed 1792K, reserved 1048576K
}
Event: 4.019 GC heap before
{Heap before GC invocations=4 (full 0):
 PSYoungGen      total 38400K, used 38368K [0x00000000e5f00000, 0x00000000e8980000, 0x0000000100000000)
  eden space 33280K, 100% used [0x00000000e5f00000,0x00000000e7f80000,0x00000000e7f80000)
  from space 5120K, 99% used [0x00000000e7f80000,0x00000000e8478020,0x00000000e8480000)
  to   space 5120K, 0% used [0x00000000e8480000,0x00000000e8480000,0x00000000e8980000)
 ParOldGen       total 87552K, used 1308K [0x00000000b1c00000, 0x00000000b7180000, 0x00000000e5f00000)
  object space 87552K, 1% used [0x00000000b1c00000,0x00000000b1d47170,0x00000000b7180000)
 Metaspace       used 14682K, capacity 15120K, committed 15232K, reserved 1062912K
  class space    used 2044K, capacity 2162K, committed 2176K, reserved 1048576K
Event: 4.030 GC heap after
Heap after GC invocations=4 (full 0):
 PSYoungGen      total 38400K, used 5088K [0x00000000e5f00000, 0x00000000eaa00000, 0x0000000100000000)
  eden space 33280K, 0% used [0x00000000e5f00000,0x00000000e5f00000,0x00000000e7f80000)
  from space 5120K, 99% used [0x00000000e8480000,0x00000000e8978020,0x00000000e8980000)
  to   space 5120K, 0% used [0x00000000e7f80000,0x00000000e7f80000,0x00000000e8480000)
 ParOldGen       total 87552K, used 3805K [0x00000000b1c00000, 0x00000000b7180000, 0x00000000e5f00000)
  object space 87552K, 4% used [0x00000000b1c00000,0x00000000b1fb7778,0x00000000b7180000)
 Metaspace       used 14682K, capacity 15120K, committed 15232K, reserved 1062912K
  class space    used 2044K, capacity 2162K, committed 2176K, reserved 1048576K
}
Event: 4.625 GC heap before
{Heap before GC invocations=5 (full 0):
 PSYoungGen      total 38400K, used 38368K [0x00000000e5f00000, 0x00000000eaa00000, 0x0000000100000000)
  eden space 33280K, 100% used [0x00000000e5f00000,0x00000000e7f80000,0x00000000e7f80000)
  from space 5120K, 99% used [0x00000000e8480000,0x00000000e8978020,0x00000000e8980000)
  to   space 5120K, 0% used [0x00000000e7f80000,0x00000000e7f80000,0x00000000e8480000)
 ParOldGen       total 87552K, used 3805K [0x00000000b1c00000, 0x00000000b7180000, 0x00000000e5f00000)
  object space 87552K, 4% used [0x00000000b1c00000,0x00000000b1fb7778,0x00000000b7180000)
 Metaspace       used 17494K, capacity 17948K, committed 18048K, reserved 1064960K
  class space    used 2507K, capacity 2662K, committed 2688K, reserved 1048576K
Event: 4.644 GC heap after
Heap after GC invocations=5 (full 0):
 PSYoungGen      total 38400K, used 5104K [0x00000000e5f00000, 0x00000000eaa00000, 0x0000000100000000)
  eden space 33280K, 0% used [0x00000000e5f00000,0x00000000e5f00000,0x00000000e7f80000)
  from space 5120K, 99% used [0x00000000e7f80000,0x00000000e847c030,0x00000000e8480000)
  to   space 5120K, 0% used [0x00000000e8480000,0x00000000e8480000,0x00000000e8980000)
 ParOldGen       total 87552K, used 7104K [0x00000000b1c00000, 0x00000000b7180000, 0x00000000e5f00000)
  object space 87552K, 8% used [0x00000000b1c00000,0x00000000b22f0218,0x00000000b7180000)
 Metaspace       used 17494K, capacity 17948K, committed 18048K, reserved 1064960K
  class space    used 2507K, capacity 2662K, committed 2688K, reserved 1048576K
}

Deoptimization events (10 events):
Event: 3.406 Thread 0x0000000019c09800 Uncommon trap: reason=unstable_if action=reinterpret pc=0x00000000036d3330 method=java.util.concurrent.ConcurrentHashMap.putVal(Ljava/lang/Object;Ljava/lang/Object;Z)Ljava/lang/Object; @ 206
Event: 3.507 Thread 0x0000000019c23800 Uncommon trap: reason=bimorphic action=maybe_recompile pc=0x000000000356a220 method=java.util.HashMap.putVal(ILjava/lang/Object;Ljava/lang/Object;ZZ)Ljava/lang/Object; @ 253
Event: 3.507 Thread 0x0000000019c23800 Uncommon trap: reason=bimorphic action=maybe_recompile pc=0x000000000356a220 method=java.util.HashMap.putVal(ILjava/lang/Object;Ljava/lang/Object;ZZ)Ljava/lang/Object; @ 253
Event: 3.507 Thread 0x0000000019c23800 Uncommon trap: reason=bimorphic action=maybe_recompile pc=0x000000000356a220 method=java.util.HashMap.putVal(ILjava/lang/Object;Ljava/lang/Object;ZZ)Ljava/lang/Object; @ 253
Event: 3.814 Thread 0x0000000019c23800 Uncommon trap: reason=class_check action=maybe_recompile pc=0x00000000035c19d8 method=java.util.regex.Matcher.match(II)Z @ 86
Event: 3.831 Thread 0x0000000019c23800 Uncommon trap: reason=class_check action=maybe_recompile pc=0x00000000035c19d8 method=java.util.regex.Matcher.match(II)Z @ 86
Event: 3.831 Thread 0x0000000019c23800 Uncommon trap: reason=class_check action=maybe_recompile pc=0x00000000035c19d8 method=java.util.regex.Matcher.match(II)Z @ 86
Event: 3.832 Thread 0x0000000019c23800 Uncommon trap: reason=class_check action=maybe_recompile pc=0x000000000344f51c method=java.util.regex.Matcher.match(II)Z @ 86
Event: 4.229 Thread 0x0000000019c23800 Uncommon trap: reason=unstable_if action=reinterpret pc=0x0000000003794c74 method=java.lang.String.lastIndexOf([CII[CIII)I @ 66
Event: 4.382 Thread 0x0000000019c23800 Uncommon trap: reason=unstable_if action=reinterpret pc=0x00000000037902a0 method=java.util.HashMap.putVal(ILjava/lang/Object;Ljava/lang/Object;ZZ)Ljava/lang/Object; @ 236

Classes redefined (0 events):
No events

Internal exceptions (10 events):
Event: 3.424 Thread 0x0000000019c09800 Exception <a 'java/lang/NoSuchMethodError': <clinit>> (0x00000000e7a0b0c0) thrown at [C:\src\AOSP-openjdk-git\hotspot\src\share\vm\prims\jni.cpp, line 1615]
Event: 3.425 Thread 0x0000000019c09800 Exception <a 'java/lang/NoSuchMethodError': <clinit>> (0x00000000e7a13c60) thrown at [C:\src\AOSP-openjdk-git\hotspot\src\share\vm\prims\jni.cpp, line 1615]
Event: 3.428 Thread 0x0000000019c09800 Exception <a 'java/lang/NoSuchMethodError': <clinit>> (0x00000000e7a29e70) thrown at [C:\src\AOSP-openjdk-git\hotspot\src\share\vm\prims\jni.cpp, line 1615]
Event: 3.445 Thread 0x0000000019c09800 Exception <a 'java/lang/NoSuchMethodError': <clinit>> (0x00000000e7a90800) thrown at [C:\src\AOSP-openjdk-git\hotspot\src\share\vm\prims\jni.cpp, line 1615]
Event: 3.452 Thread 0x0000000019c09800 Exception <a 'java/lang/NoSuchMethodError': <clinit>> (0x00000000e7abc918) thrown at [C:\src\AOSP-openjdk-git\hotspot\src\share\vm\prims\jni.cpp, line 1615]
Event: 3.460 Thread 0x0000000019c09800 Exception <a 'java/lang/NoSuchMethodError': <clinit>> (0x00000000e7aeada0) thrown at [C:\src\AOSP-openjdk-git\hotspot\src\share\vm\prims\jni.cpp, line 1615]
Event: 3.462 Thread 0x0000000019c09800 Exception <a 'java/lang/NoSuchMethodError': <clinit>> (0x00000000e7af5d70) thrown at [C:\src\AOSP-openjdk-git\hotspot\src\share\vm\prims\jni.cpp, line 1615]
Event: 4.180 Thread 0x0000000019c23800 Exception <a 'java/lang/NoSuchMethodError': java.lang.Object.lambda$and$0(Ljava/util/function/Predicate;Ljava/lang/Object;)Z> (0x00000000e6835958) thrown at [C:\src\AOSP-openjdk-git\hotspot\src\share\vm\interpreter\linkResolver.cpp, line 620]
Event: 4.189 Thread 0x0000000019c23800 Exception <a 'java/lang/IncompatibleClassChangeError': Found class java.lang.Object, but interface was expected> (0x00000000e684bc40) thrown at [C:\src\AOSP-openjdk-git\hotspot\src\share\vm\interpreter\linkResolver.cpp, line 653]
Event: 4.193 Thread 0x0000000019c23800 Exception <a 'java/lang/NoSuchMethodError': java.lang.Object.lambda$or$2(Ljava/util/function/Predicate;Ljava/lang/Object;)Z> (0x00000000e6850b60) thrown at [C:\src\AOSP-openjdk-git\hotspot\src\share\vm\interpreter\linkResolver.cpp, line 620]

Events (10 events):
Event: 4.654 loading class org/gradle/initialization/BuildOperatingFiringSettingsPreparer$1
Event: 4.654 loading class org/gradle/initialization/BuildOperatingFiringSettingsPreparer$1 done
Event: 4.655 loading class org/gradle/initialization/DefaultSettingsPreparer
Event: 4.655 loading class org/gradle/initialization/DefaultSettingsPreparer done
Event: 4.655 loading class org/gradle/invocation/DefaultGradle
Event: 4.655 loading class org/gradle/invocation/DefaultGradle done
Event: 4.656 loading class org/gradle/api/internal/GradleInternal
Event: 4.656 loading class org/gradle/api/internal/GradleInternal done
Event: 4.656 loading class org/gradle/api/invocation/Gradle
Event: 4.656 loading class org/gradle/api/invocation/Gradle done


Dynamic libraries:
0x00007ff6580b0000 - 0x00007ff6580e1000 	C:\Program Files\Android\Android Studio\jre\bin\java.exe
0x00007ffd4f490000 - 0x00007ffd4f685000 	C:\WINDOWS\SYSTEM32\ntdll.dll
0x00007ffd4d4f0000 - 0x00007ffd4d5ad000 	C:\WINDOWS\System32\KERNEL32.DLL
0x00007ffd4cf10000 - 0x00007ffd4d1d9000 	C:\WINDOWS\System32\KERNELBASE.dll
0x00007ffd4e760000 - 0x00007ffd4e80c000 	C:\WINDOWS\System32\ADVAPI32.dll
0x00007ffd4d750000 - 0x00007ffd4d7ee000 	C:\WINDOWS\System32\msvcrt.dll
0x00007ffd4ed80000 - 0x00007ffd4ee1c000 	C:\WINDOWS\System32\sechost.dll
0x00007ffd4d9d0000 - 0x00007ffd4dafb000 	C:\WINDOWS\System32\RPCRT4.dll
0x00007ffd4db00000 - 0x00007ffd4dca0000 	C:\WINDOWS\System32\USER32.dll
0x00007ffd4ccd0000 - 0x00007ffd4ccf2000 	C:\WINDOWS\System32\win32u.dll
0x00007ffd4eca0000 - 0x00007ffd4ecca000 	C:\WINDOWS\System32\GDI32.dll
0x00007ffd4cd80000 - 0x00007ffd4ce8b000 	C:\WINDOWS\System32\gdi32full.dll
0x00007ffd4d3a0000 - 0x00007ffd4d43d000 	C:\WINDOWS\System32\msvcp_win.dll
0x00007ffd4cbd0000 - 0x00007ffd4ccd0000 	C:\WINDOWS\System32\ucrtbase.dll
0x00007ffd40cf0000 - 0x00007ffd40f8a000 	C:\WINDOWS\WinSxS\amd64_microsoft.windows.common-controls_6595b64144ccf1df_6.0.19041.844_none_ca00b6081b84eb1d\COMCTL32.dll
0x00007ffd4eb40000 - 0x00007ffd4eb70000 	C:\WINDOWS\System32\IMM32.DLL
0x0000000053fb0000 - 0x0000000054082000 	C:\Program Files\Android\Android Studio\jre\jre\bin\msvcr100.dll
0x00000000530c0000 - 0x000000005390b000 	C:\Program Files\Android\Android Studio\jre\jre\bin\server\jvm.dll
0x00007ffd4f440000 - 0x00007ffd4f448000 	C:\WINDOWS\System32\PSAPI.DLL
0x00007ffd43430000 - 0x00007ffd4343a000 	C:\WINDOWS\SYSTEM32\VERSION.dll
0x00007ffd45070000 - 0x00007ffd45097000 	C:\WINDOWS\SYSTEM32\WINMM.dll
0x00007ffd49a80000 - 0x00007ffd49a89000 	C:\WINDOWS\SYSTEM32\WSOCK32.dll
0x00007ffd4ee20000 - 0x00007ffd4ee8b000 	C:\WINDOWS\System32\WS2_32.dll
0x00007ffd49420000 - 0x00007ffd4942f000 	C:\Program Files\Android\Android Studio\jre\jre\bin\verify.dll
0x00007ffd46ec0000 - 0x00007ffd46ee9000 	C:\Program Files\Android\Android Studio\jre\jre\bin\java.dll
0x00007ffd446f0000 - 0x00007ffd44706000 	C:\Program Files\Android\Android Studio\jre\jre\bin\zip.dll
0x00007ffd4e010000 - 0x00007ffd4e752000 	C:\WINDOWS\System32\SHELL32.dll
0x00007ffd4aae0000 - 0x00007ffd4b270000 	C:\WINDOWS\SYSTEM32\windows.storage.dll
0x00007ffd4dca0000 - 0x00007ffd4dff5000 	C:\WINDOWS\System32\combase.dll
0x00007ffd4c570000 - 0x00007ffd4c59c000 	C:\WINDOWS\SYSTEM32\Wldp.dll
0x00007ffd4e9d0000 - 0x00007ffd4ea7e000 	C:\WINDOWS\System32\SHCORE.dll
0x00007ffd4ef70000 - 0x00007ffd4efc5000 	C:\WINDOWS\System32\shlwapi.dll
0x00007ffd4cb10000 - 0x00007ffd4cb2f000 	C:\WINDOWS\SYSTEM32\profapi.dll
0x00007ffd410e0000 - 0x00007ffd410fa000 	C:\Program Files\Android\Android Studio\jre\jre\bin\net.dll
0x00007ffd4c2f0000 - 0x00007ffd4c35a000 	C:\WINDOWS\system32\mswsock.dll
0x00007ffd410a0000 - 0x00007ffd410b3000 	C:\Program Files\Android\Android Studio\jre\jre\bin\nio.dll
0x00007ffd45c40000 - 0x00007ffd45c66000 	C:\Users\Admin\.gradle\native\30\windows-amd64\native-platform.dll
0x00007ffd49410000 - 0x00007ffd4941d000 	C:\Program Files\Android\Android Studio\jre\jre\bin\management.dll
0x00007ffd4c4c0000 - 0x00007ffd4c4d8000 	C:\WINDOWS\SYSTEM32\CRYPTSP.dll
0x00007ffd4bc90000 - 0x00007ffd4bcc4000 	C:\WINDOWS\system32\rsaenh.dll
0x00007ffd4cd00000 - 0x00007ffd4cd27000 	C:\WINDOWS\System32\bcrypt.dll
0x00007ffd4cad0000 - 0x00007ffd4cafe000 	C:\WINDOWS\SYSTEM32\USERENV.dll
0x00007ffd4ce90000 - 0x00007ffd4cf10000 	C:\WINDOWS\System32\bcryptprimitives.dll
0x00007ffd4c4e0000 - 0x00007ffd4c4ec000 	C:\WINDOWS\SYSTEM32\CRYPTBASE.dll
0x00007ffd4bfe0000 - 0x00007ffd4c01b000 	C:\WINDOWS\SYSTEM32\IPHLPAPI.DLL
0x00007ffd4e810000 - 0x00007ffd4e818000 	C:\WINDOWS\System32\NSI.dll
0x00007ffd45d70000 - 0x00007ffd45d87000 	C:\WINDOWS\SYSTEM32\dhcpcsvc6.DLL
0x00007ffd46400000 - 0x00007ffd4641d000 	C:\WINDOWS\SYSTEM32\dhcpcsvc.DLL
0x00007ffd4c020000 - 0x00007ffd4c0eb000 	C:\WINDOWS\SYSTEM32\DNSAPI.dll

VM Arguments:
jvm_args: -Xmx1252m -Dfile.encoding=windows-1252 -Duser.country=US -Duser.language=en -Duser.variant 
java_command: org.gradle.launcher.daemon.bootstrap.GradleDaemon 5.6.4
java_class_path (initial): C:\Users\Admin\.gradle\wrapper\dists\gradle-5.6.4-all\ankdp27end7byghfw1q2sw75f\gradle-5.6.4\lib\gradle-launcher-5.6.4.jar
Launcher Type: SUN_STANDARD

Environment Variables:
PATH=C:\Program Files (x86)\Common Files\Oracle\Java\javapath;C:\WINDOWS\system32;C:\WINDOWS;C:\WINDOWS\System32\Wbem;C:\WINDOWS\System32\WindowsPowerShell\v1.0\;C:\WINDOWS\System32\OpenSSH\;C:\Program Files\Git\cmd;C:\Users\Admin\AppData\Local\Microsoft\WindowsApps;
USERNAME=Admin
OS=Windows_NT
PROCESSOR_IDENTIFIER=Intel64 Family 6 Model 61 Stepping 4, GenuineIntel



---------------  S Y S T E M  ---------------

OS: Windows 10.0 , 64 bit Build 19041 (10.0.19041.804)

CPU:total 4 (initial active 4) (2 cores per cpu, 2 threads per core) family 6 model 61 stepping 4, cmov, cx8, fxsr, mmx, sse, sse2, sse3, ssse3, sse4.1, sse4.2, popcnt, avx, avx2, aes, clmul, erms, 3dnowpref, lzcnt, ht, tsc, tscinvbit, bmi1, bmi2, adx

Memory: 4k page, physical 8307376k(1220548k free), swap 18731436k(5620k free)

vm_info: OpenJDK 64-Bit Server VM (25.242-b01) for windows-amd64 JRE (1.8.0_242-release-1644-b01), built by "builder" with MS VC++ 10.0 (VS2010)

time: Thu May 06 11:23:03 2021
timezone: India Standard Time
elapsed time: 4 seconds (0d 0h 0m 4s)

