#
# There is insufficient memory for the Java Runtime Environment to continue.
# Native memory allocation (malloc) failed to allocate 32744 bytes for ChunkPool::allocate
# Possible reasons:
#   The system is out of physical RAM or swap space
#   The process is running with CompressedOops enabled, and the Java Heap may be blocking the growth of the native heap
# Possible solutions:
#   Reduce memory load on the system
#   Increase physical memory or swap space
#   Check if swap backing store is full
#   Decrease Java heap size (-Xmx/-Xms)
#   Decrease number of Java threads
#   Decrease Java thread stack sizes (-Xss)
#   Set larger code cache with -XX:ReservedCodeCacheSize=
#   JVM is running with Unscaled Compressed Oops mode in which the Java heap is
#     placed in the first 4GB address space. The Java Heap base address is the
#     maximum limit for the native heap growth. Please use -XX:HeapBaseMinAddress
#     to set the Java Heap base and to place the Java Heap above 4GB virtual address.
# This output file may be truncated or incomplete.
#
#  Out of Memory Error (allocation.cpp:272), pid=11160, tid=0x000000000000184c
#
# JRE version: OpenJDK Runtime Environment (8.0_242-b01) (build 1.8.0_242-release-1644-b01)
# Java VM: OpenJDK 64-Bit Server VM (25.242-b01 mixed mode windows-amd64 compressed oops)
# Failed to write core dump. Minidumps are not enabled by default on client versions of Windows
#

---------------  T H R E A D  ---------------

Current thread (0x0000000018ed3800):  JavaThread "Daemon worker" [_thread_in_vm, id=6220, stack(0x000000001a9f0000,0x000000001aaf0000)]

Stack: [0x000000001a9f0000,0x000000001aaf0000]
[error occurred during error reporting (printing stack bounds), id 0xc0000005]

Native frames: (J=compiled Java code, j=interpreted, Vv=VM code, C=native code)

Java frames: (J=compiled Java code, j=interpreted, Vv=VM code)
J 705  java.lang.ClassLoader.defineClass1(Ljava/lang/String;[BIILjava/security/ProtectionDomain;Ljava/lang/String;)Ljava/lang/Class; (0 bytes) @ 0x000000000281fd1f [0x000000000281fc80+0x9f]
J 509 C1 java.lang.ClassLoader.defineClass(Ljava/lang/String;[BIILjava/security/ProtectionDomain;)Ljava/lang/Class; (43 bytes) @ 0x0000000002793b24 [0x0000000002793540+0x5e4]
J 457 C1 java.net.URLClassLoader.defineClass(Ljava/lang/String;Lsun/misc/Resource;)Ljava/lang/Class; (142 bytes) @ 0x00000000027676a4 [0x0000000002765b40+0x1b64]
J 356 C1 java.net.URLClassLoader$1.run()Ljava/lang/Class; (63 bytes) @ 0x000000000271a914 [0x000000000271a660+0x2b4]
J 311 C1 java.net.URLClassLoader$1.run()Ljava/lang/Object; (5 bytes) @ 0x000000000270620c [0x0000000002706180+0x8c]
v  ~StubRoutines::call_stub
J 268  java.security.AccessController.doPrivileged(Ljava/security/PrivilegedExceptionAction;Ljava/security/AccessControlContext;)Ljava/lang/Object; (0 bytes) @ 0x00000000026ebf26 [0x00000000026ebec0+0x66]
J 1481 C2 java.net.URLClassLoader.findClass(Ljava/lang/String;)Ljava/lang/Class; (47 bytes) @ 0x0000000002a566f0 [0x0000000002a56660+0x90]
J 1430 C2 java.lang.ClassLoader.loadClass(Ljava/lang/String;Z)Ljava/lang/Class; (122 bytes) @ 0x0000000002a3bdf4 [0x0000000002a3ae00+0xff4]
J 347 C1 java.lang.ClassLoader.loadClass(Ljava/lang/String;)Ljava/lang/Class; (7 bytes) @ 0x0000000002716d4c [0x0000000002716c40+0x10c]
v  ~StubRoutines::call_stub
j  org.gradle.internal.instantiation.AbstractClassGenerator.inspectType(Ljava/lang/Class;Ljava/util/List;Ljava/util/List;Lorg/gradle/internal/instantiation/AbstractClassGenerator$UnclaimedPropertyHandler;)V+6
j  org.gradle.internal.instantiation.AbstractClassGenerator.generateUnderLock(Ljava/lang/Class;)Lorg/gradle/internal/instantiation/AbstractClassGenerator$GeneratedClassImpl;+325
j  org.gradle.internal.instantiation.AbstractClassGenerator.access$000(Lorg/gradle/internal/instantiation/AbstractClassGenerator;Ljava/lang/Class;)Lorg/gradle/internal/instantiation/AbstractClassGenerator$GeneratedClassImpl;+2
j  org.gradle.internal.instantiation.AbstractClassGenerator$1.transform(Ljava/lang/Class;)Lorg/gradle/internal/instantiation/AbstractClassGenerator$GeneratedClassImpl;+5
j  org.gradle.internal.instantiation.AbstractClassGenerator$1.transform(Ljava/lang/Object;)Ljava/lang/Object;+5
j  org.gradle.cache.internal.DefaultCrossBuildInMemoryCacheFactory$AbstractCrossBuildInMemoryCache.get(Ljava/lang/Object;Lorg/gradle/api/Transformer;)Ljava/lang/Object;+26
j  org.gradle.internal.instantiation.AbstractClassGenerator.generate(Ljava/lang/Class;)Lorg/gradle/internal/instantiation/ClassGenerator$GeneratedClass;+27
j  org.gradle.internal.instantiation.AsmBackedClassGenerator.generate(Ljava/lang/Class;)Lorg/gradle/internal/instantiation/ClassGenerator$GeneratedClass;+2
j  org.gradle.internal.instantiation.ParamsMatchingConstructorSelector$1.transform(Ljava/lang/Class;)Lorg/gradle/internal/instantiation/ClassGenerator$GeneratedClass;+11
j  org.gradle.internal.instantiation.ParamsMatchingConstructorSelector$1.transform(Ljava/lang/Object;)Ljava/lang/Object;+5
j  org.gradle.cache.internal.DefaultCrossBuildInMemoryCacheFactory$AbstractCrossBuildInMemoryCache.get(Ljava/lang/Object;Lorg/gradle/api/Transformer;)Ljava/lang/Object;+26
j  org.gradle.internal.instantiation.ParamsMatchingConstructorSelector.forParams(Ljava/lang/Class;[Ljava/lang/Object;)Lorg/gradle/internal/instantiation/ClassGenerator$GeneratedConstructor;+14
j  org.gradle.internal.instantiation.DependencyInjectingInstantiator.newInstance(Ljava/lang/Class;[Ljava/lang/Object;)Ljava/lang/Object;+6
j  org.gradle.plugin.internal.PluginUsePluginServiceRegistry$BuildScopeServices.createPluginResolutionStrategy(Lorg/gradle/internal/reflect/Instantiator;Lorg/gradle/internal/event/ListenerManager;)Lorg/gradle/plugin/management/internal/PluginResolutionStrategyInternal;+11
v  ~StubRoutines::call_stub
j  sun.reflect.NativeMethodAccessorImpl.invoke0(Ljava/lang/reflect/Method;Ljava/lang/Object;[Ljava/lang/Object;)Ljava/lang/Object;+0
j  sun.reflect.NativeMethodAccessorImpl.invoke(Ljava/lang/Object;[Ljava/lang/Object;)Ljava/lang/Object;+100
J 1194 C1 sun.reflect.DelegatingMethodAccessorImpl.invoke(Ljava/lang/Object;[Ljava/lang/Object;)Ljava/lang/Object; (10 bytes) @ 0x00000000029a4544 [0x00000000029a4440+0x104]
J 1193 C1 java.lang.reflect.Method.invoke(Ljava/lang/Object;[Ljava/lang/Object;)Ljava/lang/Object; (62 bytes) @ 0x00000000029a3f6c [0x00000000029a3b80+0x3ec]
j  org.gradle.internal.reflect.JavaMethod.invoke(Ljava/lang/Object;[Ljava/lang/Object;)Ljava/lang/Object;+6
j  org.gradle.internal.service.ReflectionBasedServiceMethod.invoke(Ljava/lang/Object;[Ljava/lang/Object;)Ljava/lang/Object;+6
j  org.gradle.internal.service.DefaultServiceRegistry$FactoryMethodService.invokeMethod([Ljava/lang/Object;)Ljava/lang/Object;+9
j  org.gradle.internal.service.DefaultServiceRegistry$FactoryService.create()Ljava/lang/Object;+7
j  org.gradle.internal.service.DefaultServiceRegistry$ManagedObjectServiceProvider.getInstance()Ljava/lang/Object;+24
J 1569 C1 org.gradle.internal.service.DefaultServiceRegistry$SingletonService.get()Ljava/lang/Object; (5 bytes) @ 0x0000000002a995b4 [0x0000000002a994c0+0xf4]
j  org.gradle.internal.service.DefaultServiceRegistry$FactoryService.assembleParameters()[Ljava/lang/Object;+44
j  org.gradle.internal.service.DefaultServiceRegistry$FactoryService.create()Ljava/lang/Object;+1
j  org.gradle.internal.service.DefaultServiceRegistry$ManagedObjectServiceProvider.getInstance()Ljava/lang/Object;+24
J 1569 C1 org.gradle.internal.service.DefaultServiceRegistry$SingletonService.get()Ljava/lang/Object; (5 bytes) @ 0x0000000002a995b4 [0x0000000002a994c0+0xf4]
j  org.gradle.internal.service.DefaultServiceRegistry.find(Ljava/lang/reflect/Type;)Ljava/lang/Object;+22
j  org.gradle.internal.service.DefaultServiceRegistry.get(Ljava/lang/reflect/Type;)Ljava/lang/Object;+2
j  org.gradle.internal.service.DefaultServiceRegistry.get(Ljava/lang/Class;)Ljava/lang/Object;+3
j  org.gradle.internal.service.scopes.BuildScopeServices.defaultScriptPluginFactory()Lorg/gradle/configuration/DefaultScriptPluginFactory;+40
j  org.gradle.internal.service.scopes.BuildScopeServices.createScriptPluginFactory(Lorg/gradle/internal/instantiation/InstantiatorFactory;Lorg/gradle/internal/operations/BuildOperationExecutor;Lorg/gradle/configuration/internal/UserCodeApplicationContext;)Lorg/gradle/configuration/ScriptPluginFactory;+1
v  ~StubRoutines::call_stub
j  sun.reflect.NativeMethodAccessorImpl.invoke0(Ljava/lang/reflect/Method;Ljava/lang/Object;[Ljava/lang/Object;)Ljava/lang/Object;+0
j  sun.reflect.NativeMethodAccessorImpl.invoke(Ljava/lang/Object;[Ljava/lang/Object;)Ljava/lang/Object;+100
J 1194 C1 sun.reflect.DelegatingMethodAccessorImpl.invoke(Ljava/lang/Object;[Ljava/lang/Object;)Ljava/lang/Object; (10 bytes) @ 0x00000000029a4544 [0x00000000029a4440+0x104]
J 1193 C1 java.lang.reflect.Method.invoke(Ljava/lang/Object;[Ljava/lang/Object;)Ljava/lang/Object; (62 bytes) @ 0x00000000029a3f6c [0x00000000029a3b80+0x3ec]
j  org.gradle.internal.reflect.JavaMethod.invoke(Ljava/lang/Object;[Ljava/lang/Object;)Ljava/lang/Object;+6
j  org.gradle.internal.service.ReflectionBasedServiceMethod.invoke(Ljava/lang/Object;[Ljava/lang/Object;)Ljava/lang/Object;+6
j  org.gradle.internal.service.DefaultServiceRegistry$FactoryMethodService.invokeMethod([Ljava/lang/Object;)Ljava/lang/Object;+9
j  org.gradle.internal.service.DefaultServiceRegistry$FactoryService.create()Ljava/lang/Object;+7
j  org.gradle.internal.service.DefaultServiceRegistry$ManagedObjectServiceProvider.getInstance()Ljava/lang/Object;+24
j  org.gradle.internal.service.DefaultServiceRegistry$SingletonService.get()Ljava/lang/Object;+1
j  org.gradle.internal.service.DefaultServiceRegistry$FactoryService.assembleParameters()[Ljava/lang/Object;+44
j  org.gradle.internal.service.DefaultServiceRegistry$FactoryService.create()Ljava/lang/Object;+1
j  org.gradle.internal.service.DefaultServiceRegistry$ManagedObjectServiceProvider.getInstance()Ljava/lang/Object;+24
j  org.gradle.internal.service.DefaultServiceRegistry$SingletonService.get()Ljava/lang/Object;+1
j  org.gradle.internal.service.DefaultServiceRegistry$FactoryService.assembleParameters()[Ljava/lang/Object;+44
j  org.gradle.internal.service.DefaultServiceRegistry$FactoryService.create()Ljava/lang/Object;+1
j  org.gradle.internal.service.DefaultServiceRegistry$ManagedObjectServiceProvider.getInstance()Ljava/lang/Object;+24
j  org.gradle.internal.service.DefaultServiceRegistry$SingletonService.get()Ljava/lang/Object;+1
j  org.gradle.internal.service.DefaultServiceRegistry.find(Ljava/lang/reflect/Type;)Ljava/lang/Object;+22
j  org.gradle.internal.service.DefaultServiceRegistry.get(Ljava/lang/reflect/Type;)Ljava/lang/Object;+2
j  org.gradle.internal.service.DefaultServiceRegistry.get(Ljava/lang/Class;)Ljava/lang/Object;+3
j  org.gradle.initialization.DefaultGradleLauncherFactory.doNewInstance(Lorg/gradle/api/internal/BuildDefinition;Lorg/gradle/internal/build/BuildState;Lorg/gradle/initialization/GradleLauncher;Lorg/gradle/internal/service/scopes/BuildTreeScopeServices;Ljava/util/List;)Lorg/gradle/initialization/DefaultGradleLauncher;+231
j  org.gradle.initialization.DefaultGradleLauncherFactory.newInstance(Lorg/gradle/api/internal/BuildDefinition;Lorg/gradle/internal/build/RootBuildState;Lorg/gradle/internal/service/scopes/BuildTreeScopeServices;)Lorg/gradle/initialization/GradleLauncher;+33
j  org.gradle.composite.internal.DefaultRootBuildState.<init>(Lorg/gradle/api/internal/BuildDefinition;Lorg/gradle/initialization/GradleLauncherFactory;Lorg/gradle/internal/event/ListenerManager;Lorg/gradle/internal/service/scopes/BuildTreeScopeServices;)V+15
j  org.gradle.composite.internal.DefaultIncludedBuildRegistry.createRootBuild(Lorg/gradle/api/internal/BuildDefinition;)Lorg/gradle/internal/build/RootBuildState;+35
j  org.gradle.launcher.exec.InProcessBuildActionExecuter.execute(Lorg/gradle/internal/invocation/BuildAction;Lorg/gradle/initialization/BuildRequestContext;Lorg/gradle/launcher/exec/BuildActionParameters;Lorg/gradle/internal/service/ServiceRegistry;)Lorg/gradle/launcher/exec/BuildActionResult;+61
j  org.gradle.launcher.exec.InProcessBuildActionExecuter.execute(Lorg/gradle/internal/invocation/BuildAction;Lorg/gradle/initialization/BuildRequestContext;Ljava/lang/Object;Lorg/gradle/internal/service/ServiceRegistry;)Lorg/gradle/launcher/exec/BuildActionResult;+9
j  org.gradle.launcher.exec.BuildTreeScopeBuildActionExecuter.execute(Lorg/gradle/internal/invocation/BuildAction;Lorg/gradle/initialization/BuildRequestContext;Lorg/gradle/launcher/exec/BuildActionParameters;Lorg/gradle/internal/service/ServiceRegistry;)Lorg/gradle/launcher/exec/BuildActionResult;+38
j  org.gradle.launcher.exec.BuildTreeScopeBuildActionExecuter.execute(Lorg/gradle/internal/invocation/BuildAction;Lorg/gradle/initialization/BuildRequestContext;Ljava/lang/Object;Lorg/gradle/internal/service/ServiceRegistry;)Lorg/gradle/launcher/exec/BuildActionResult;+9
j  org.gradle.tooling.internal.provider.ContinuousBuildActionExecuter.execute(Lorg/gradle/internal/invocation/BuildAction;Lorg/gradle/initialization/BuildRequestContext;Lorg/gradle/launcher/exec/BuildActionParameters;Lorg/gradle/internal/service/ServiceRegistry;)Lorg/gradle/launcher/exec/BuildActionResult;+58
j  org.gradle.tooling.internal.provider.ContinuousBuildActionExecuter.execute(Lorg/gradle/internal/invocation/BuildAction;Lorg/gradle/initialization/BuildRequestContext;Ljava/lang/Object;Lorg/gradle/internal/service/ServiceRegistry;)Lorg/gradle/launcher/exec/BuildActionResult;+9
j  org.gradle.tooling.internal.provider.SubscribableBuildActionExecuter.execute(Lorg/gradle/internal/invocation/BuildAction;Lorg/gradle/initialization/BuildRequestContext;Lorg/gradle/launcher/exec/BuildActionParameters;Lorg/gradle/internal/service/ServiceRegistry;)Lorg/gradle/launcher/exec/BuildActionResult;+45
j  org.gradle.tooling.internal.provider.SubscribableBuildActionExecuter.execute(Lorg/gradle/internal/invocation/BuildAction;Lorg/gradle/initialization/BuildRequestContext;Ljava/lang/Object;Lorg/gradle/internal/service/ServiceRegistry;)Lorg/gradle/launcher/exec/BuildActionResult;+9
j  org.gradle.tooling.internal.provider.SessionScopeBuildActionExecuter.execute(Lorg/gradle/internal/invocation/BuildAction;Lorg/gradle/initialization/BuildRequestContext;Lorg/gradle/launcher/exec/BuildActionParameters;Lorg/gradle/internal/service/ServiceRegistry;)Lorg/gradle/launcher/exec/BuildActionResult;+117
j  org.gradle.tooling.internal.provider.SessionScopeBuildActionExecuter.execute(Lorg/gradle/internal/invocation/BuildAction;Lorg/gradle/initialization/BuildRequestContext;Ljava/lang/Object;Lorg/gradle/internal/service/ServiceRegistry;)Lorg/gradle/launcher/exec/BuildActionResult;+9
j  org.gradle.tooling.internal.provider.GradleThreadBuildActionExecuter.execute(Lorg/gradle/internal/invocation/BuildAction;Lorg/gradle/initialization/BuildRequestContext;Lorg/gradle/launcher/exec/BuildActionParameters;Lorg/gradle/internal/service/ServiceRegistry;)Lorg/gradle/launcher/exec/BuildActionResult;+12
j  org.gradle.tooling.internal.provider.GradleThreadBuildActionExecuter.execute(Lorg/gradle/internal/invocation/BuildAction;Lorg/gradle/initialization/BuildRequestContext;Ljava/lang/Object;Lorg/gradle/internal/service/ServiceRegistry;)Lorg/gradle/launcher/exec/BuildActionResult;+9
j  org.gradle.tooling.internal.provider.ParallelismConfigurationBuildActionExecuter.execute(Lorg/gradle/internal/invocation/BuildAction;Lorg/gradle/initialization/BuildRequestContext;Lorg/gradle/launcher/exec/BuildActionParameters;Lorg/gradle/internal/service/ServiceRegistry;)Lorg/gradle/launcher/exec/BuildActionResult;+43
j  org.gradle.tooling.internal.provider.ParallelismConfigurationBuildActionExecuter.execute(Lorg/gradle/internal/invocation/BuildAction;Lorg/gradle/initialization/BuildRequestContext;Ljava/lang/Object;Lorg/gradle/internal/service/ServiceRegistry;)Lorg/gradle/launcher/exec/BuildActionResult;+9
j  org.gradle.tooling.internal.provider.StartParamsValidatingActionExecuter.execute(Lorg/gradle/internal/invocation/BuildAction;Lorg/gradle/initialization/BuildRequestContext;Lorg/gradle/launcher/exec/BuildActionParameters;Lorg/gradle/internal/service/ServiceRegistry;)Lorg/gradle/launcher/exec/BuildActionResult;+177
j  org.gradle.tooling.internal.provider.StartParamsValidatingActionExecuter.execute(Lorg/gradle/internal/invocation/BuildAction;Lorg/gradle/initialization/BuildRequestContext;Ljava/lang/Object;Lorg/gradle/internal/service/ServiceRegistry;)Lorg/gradle/launcher/exec/BuildActionResult;+9
j  org.gradle.tooling.internal.provider.SessionFailureReportingActionExecuter.execute(Lorg/gradle/internal/invocation/BuildAction;Lorg/gradle/initialization/BuildRequestContext;Lorg/gradle/launcher/exec/BuildActionParameters;Lorg/gradle/internal/service/ServiceRegistry;)Lorg/gradle/launcher/exec/BuildActionResult;+9
j  org.gradle.tooling.internal.provider.SessionFailureReportingActionExecuter.execute(Lorg/gradle/internal/invocation/BuildAction;Lorg/gradle/initialization/BuildRequestContext;Ljava/lang/Object;Lorg/gradle/internal/service/ServiceRegistry;)Lorg/gradle/launcher/exec/BuildActionResult;+9
j  org.gradle.tooling.internal.provider.SetupLoggingActionExecuter.execute(Lorg/gradle/internal/invocation/BuildAction;Lorg/gradle/initialization/BuildRequestContext;Lorg/gradle/launcher/exec/BuildActionParameters;Lorg/gradle/internal/service/ServiceRegistry;)Lorg/gradle/launcher/exec/BuildActionResult;+52
j  org.gradle.tooling.internal.provider.SetupLoggingActionExecuter.execute(Lorg/gradle/internal/invocation/BuildAction;Lorg/gradle/initialization/BuildRequestContext;Ljava/lang/Object;Lorg/gradle/internal/service/ServiceRegistry;)Lorg/gradle/launcher/exec/BuildActionResult;+9
j  org.gradle.launcher.daemon.server.exec.ExecuteBuild.doBuild(Lorg/gradle/launcher/daemon/server/api/DaemonCommandExecution;Lorg/gradle/launcher/daemon/protocol/Build;)V+118
j  org.gradle.launcher.daemon.server.exec.BuildCommandOnly.execute(Lorg/gradle/launcher/daemon/server/api/DaemonCommandExecution;)V+49
j  org.gradle.launcher.daemon.server.api.DaemonCommandExecution.proceed()Z+23
j  org.gradle.launcher.daemon.server.exec.WatchForDisconnection.execute(Lorg/gradle/launcher/daemon/server/api/DaemonCommandExecution;)V+19
j  org.gradle.launcher.daemon.server.api.DaemonCommandExecution.proceed()Z+23
j  org.gradle.launcher.daemon.server.exec.ResetDeprecationLogger.execute(Lorg/gradle/launcher/daemon/server/api/DaemonCommandExecution;)V+4
j  org.gradle.launcher.daemon.server.api.DaemonCommandExecution.proceed()Z+23
j  org.gradle.launcher.daemon.server.exec.RequestStopIfSingleUsedDaemon.execute(Lorg/gradle/launcher/daemon/server/api/DaemonCommandExecution;)V+33
j  org.gradle.launcher.daemon.server.api.DaemonCommandExecution.proceed()Z+23
j  org.gradle.launcher.daemon.server.exec.ForwardClientInput$2.create()Ljava/lang/Void;+4
j  org.gradle.launcher.daemon.server.exec.ForwardClientInput$2.create()Ljava/lang/Object;+1
j  org.gradle.util.Swapper.swap(Ljava/lang/Object;Lorg/gradle/internal/Factory;)Ljava/lang/Object;+21
j  org.gradle.launcher.daemon.server.exec.ForwardClientInput.execute(Lorg/gradle/launcher/daemon/server/api/DaemonCommandExecution;)V+63
j  org.gradle.launcher.daemon.server.api.DaemonCommandExecution.proceed()Z+23
j  org.gradle.launcher.daemon.server.exec.LogAndCheckHealth.execute(Lorg/gradle/launcher/daemon/server/api/DaemonCommandExecution;)V+28
j  org.gradle.launcher.daemon.server.api.DaemonCommandExecution.proceed()Z+23
j  org.gradle.launcher.daemon.server.exec.LogToClient.doBuild(Lorg/gradle/launcher/daemon/server/api/DaemonCommandExecution;Lorg/gradle/launcher/daemon/protocol/Build;)V+87
j  org.gradle.launcher.daemon.server.exec.BuildCommandOnly.execute(Lorg/gradle/launcher/daemon/server/api/DaemonCommandExecution;)V+49
j  org.gradle.launcher.daemon.server.api.DaemonCommandExecution.proceed()Z+23
j  org.gradle.launcher.daemon.server.exec.EstablishBuildEnvironment.doBuild(Lorg/gradle/launcher/daemon/server/api/DaemonCommandExecution;Lorg/gradle/launcher/daemon/protocol/Build;)V+351
j  org.gradle.launcher.daemon.server.exec.BuildCommandOnly.execute(Lorg/gradle/launcher/daemon/server/api/DaemonCommandExecution;)V+49
j  org.gradle.launcher.daemon.server.api.DaemonCommandExecution.proceed()Z+23
j  org.gradle.launcher.daemon.server.exec.StartBuildOrRespondWithBusy$1.run()V+44
j  org.gradle.launcher.daemon.server.DaemonStateCoordinator$1.run()V+4
j  org.gradle.internal.concurrent.ExecutorPolicy$CatchAndRecordFailures.onExecute(Ljava/lang/Runnable;)V+1
j  org.gradle.internal.concurrent.ManagedExecutorImpl$1.run()V+25
j  java.util.concurrent.ThreadPoolExecutor.runWorker(Ljava/util/concurrent/ThreadPoolExecutor$Worker;)V+95
j  java.util.concurrent.ThreadPoolExecutor$Worker.run()V+5
j  org.gradle.internal.concurrent.ThreadFactoryImpl$ManagedThreadRunnable.run()V+7
j  java.lang.Thread.run()V+11
v  ~StubRoutines::call_stub

---------------  P R O C E S S  ---------------

Java Threads: ( => current thread )
  0x00000000178b2800 JavaThread "Cache worker for journal cache (C:\Users\Admin\.gradle\caches\journal-1)" [_thread_blocked, id=3984, stack(0x000000001b1f0000,0x000000001b2f0000)]
  0x00000000178b1800 JavaThread "File lock request listener" [_thread_in_native, id=11980, stack(0x000000001b0f0000,0x000000001b1f0000)]
  0x0000000018add800 JavaThread "Cache worker for file hash cache (C:\Users\Admin\.gradle\caches\5.6.4\fileHashes)" [_thread_blocked, id=14756, stack(0x000000001aff0000,0x000000001b0f0000)]
  0x0000000018efd800 JavaThread "Thread-9" [_thread_blocked, id=14264, stack(0x000000001acf0000,0x000000001adf0000)]
  0x0000000018efa800 JavaThread "Stdin handler" [_thread_blocked, id=4848, stack(0x000000001abf0000,0x000000001acf0000)]
  0x0000000018ed8000 JavaThread "Asynchronous log dispatcher for DefaultDaemonConnection: socket connection from /127.0.0.1:60919 to /127.0.0.1:60920" [_thread_blocked, id=16884, stack(0x000000001aaf0000,0x000000001abf0000)]
=>0x0000000018ed3800 JavaThread "Daemon worker" [_thread_in_vm, id=6220, stack(0x000000001a9f0000,0x000000001aaf0000)]
  0x0000000018ed1800 JavaThread "Cancel handler" [_thread_blocked, id=5780, stack(0x000000001a8f0000,0x000000001a9f0000)]
  0x0000000018f86800 JavaThread "Handler for socket connection from /127.0.0.1:60919 to /127.0.0.1:60920" [_thread_in_native, id=14636, stack(0x000000001a5f0000,0x000000001a6f0000)]
  0x0000000018f83800 JavaThread "Daemon" [_thread_blocked, id=6816, stack(0x000000001a4f0000,0x000000001a5f0000)]
  0x0000000018f7c000 JavaThread "Daemon periodic checks" [_thread_blocked, id=9260, stack(0x000000001a3f0000,0x000000001a4f0000)]
  0x0000000018ea6800 JavaThread "Incoming local TCP Connector on port 60919" [_thread_in_native, id=10728, stack(0x000000001a1b0000,0x000000001a2b0000)]
  0x0000000017f70000 JavaThread "Daemon health stats" [_thread_blocked, id=14632, stack(0x0000000019b70000,0x0000000019c70000)]
  0x0000000016e03800 JavaThread "Service Thread" daemon [_thread_blocked, id=11284, stack(0x00000000171d0000,0x00000000172d0000)]
  0x000000001549d800 JavaThread "C1 CompilerThread2" daemon [_thread_blocked, id=7344, stack(0x0000000016cd0000,0x0000000016dd0000)]
  0x0000000015493000 JavaThread "C2 CompilerThread1" daemon [_thread_in_native, id=764, stack(0x0000000016bd0000,0x0000000016cd0000)]
  0x0000000015481800 JavaThread "C2 CompilerThread0" daemon [_thread_in_native, id=17052, stack(0x0000000016ad0000,0x0000000016bd0000)]
  0x0000000015487000 JavaThread "Attach Listener" daemon [_thread_blocked, id=9572, stack(0x00000000169d0000,0x0000000016ad0000)]
  0x0000000015485800 JavaThread "Signal Dispatcher" daemon [_thread_blocked, id=9672, stack(0x00000000168d0000,0x00000000169d0000)]
  0x000000000254b000 JavaThread "Finalizer" daemon [_thread_blocked, id=11788, stack(0x00000000166d0000,0x00000000167d0000)]
  0x0000000015469000 JavaThread "Reference Handler" daemon [_thread_blocked, id=2328, stack(0x00000000165d0000,0x00000000166d0000)]
  0x00000000022dd800 JavaThread "main" [_thread_blocked, id=5772, stack(0x00000000022e0000,0x00000000023e0000)]

Other Threads:
  0x0000000015446000 VMThread [stack: 0x00000000164d0000,0x00000000165d0000] [id=15456]
  0x00000000154de800 WatcherThread [stack: 0x00000000172d0000,0x00000000173d0000] [id=15020]

VM state:not at safepoint (normal execution)

VM Mutex/Monitor currently owned by a thread: None

heap address: 0x00000000b1c00000, size: 1252 MB, Compressed Oops mode: 32-bit
Narrow klass base: 0x0000000000000000, Narrow klass shift: 3
Compressed class space size: 1073741824 Address: 0x0000000100000000

Heap:
 PSYoungGen      total 38400K, used 23625K [0x00000000e5f00000, 0x00000000e8980000, 0x0000000100000000)
  eden space 33280K, 55% used [0x00000000e5f00000,0x00000000e71165d0,0x00000000e7f80000)
  from space 5120K, 99% used [0x00000000e8480000,0x00000000e897c030,0x00000000e8980000)
  to   space 5120K, 0% used [0x00000000e7f80000,0x00000000e7f80000,0x00000000e8480000)
 ParOldGen       total 87552K, used 3768K [0x00000000b1c00000, 0x00000000b7180000, 0x00000000e5f00000)
  object space 87552K, 4% used [0x00000000b1c00000,0x00000000b1fae248,0x00000000b7180000)
 Metaspace       used 16244K, capacity 16688K, committed 16896K, reserved 1062912K
  class space    used 2301K, capacity 2436K, committed 2560K, reserved 1048576K

Card table byte_map: [0x0000000011910000,0x0000000011b90000] byte_map_base: 0x0000000011382000

Marking Bits: (ParMarkBitMap*) 0x000000005388f030
 Begin Bits: [0x0000000012140000, 0x00000000134d0000)
 End Bits:   [0x00000000134d0000, 0x0000000014860000)

Polling page: 0x00000000022b0000

CodeCache: size=245760Kb used=5495Kb max_used=5495Kb free=240264Kb
 bounds [0x0000000002550000, 0x0000000002ab0000, 0x0000000011550000]
 total_blobs=2002 nmethods=1610 adapters=305
 compilation: enabled

Compilation events (10 events):
Event: 5.343 Thread 0x000000001549d800 1615       3       org.gradle.internal.service.DefaultServiceRegistry$ManagedObjectServiceProvider::requiredBy (20 bytes)
Event: 5.343 Thread 0x000000001549d800 nmethod 1615 0x0000000002aadd50 code [0x0000000002aadee0, 0x0000000002aae408]
Event: 5.343 Thread 0x000000001549d800 1616       3       org.gradle.internal.service.DefaultServiceRegistry$ManagedObjectServiceProvider::fromSameRegistry (27 bytes)
Event: 5.344 Thread 0x000000001549d800 nmethod 1616 0x0000000002aae550 code [0x0000000002aae6c0, 0x0000000002aaea90]
Event: 5.344 Thread 0x000000001549d800 1617       3       org.gradle.internal.service.DefaultServiceRegistry::access$1500 (6 bytes)
Event: 5.344 Thread 0x000000001549d800 nmethod 1617 0x0000000002aaeb50 code [0x0000000002aaecc0, 0x0000000002aaee28]
Event: 5.373 Thread 0x000000001549d800 1618       3       java.lang.String::lastIndexOf (151 bytes)
Event: 5.374 Thread 0x000000001549d800 nmethod 1618 0x0000000002aaeed0 code [0x0000000002aaf080, 0x0000000002aaf5d0]
Event: 5.379 Thread 0x000000001549d800 1619       1       com.google.common.collect.RegularImmutableList::size (5 bytes)
Event: 5.379 Thread 0x000000001549d800 nmethod 1619 0x0000000002aafa50 code [0x0000000002aafba0, 0x0000000002aafcb0]

GC Heap History (8 events):
Event: 1.476 GC heap before
{Heap before GC invocations=1 (full 0):
 PSYoungGen      total 38400K, used 33280K [0x00000000e5f00000, 0x00000000e8980000, 0x0000000100000000)
  eden space 33280K, 100% used [0x00000000e5f00000,0x00000000e7f80000,0x00000000e7f80000)
  from space 5120K, 0% used [0x00000000e8480000,0x00000000e8480000,0x00000000e8980000)
  to   space 5120K, 0% used [0x00000000e7f80000,0x00000000e7f80000,0x00000000e8480000)
 ParOldGen       total 87552K, used 0K [0x00000000b1c00000, 0x00000000b7180000, 0x00000000e5f00000)
  object space 87552K, 0% used [0x00000000b1c00000,0x00000000b1c00000,0x00000000b7180000)
 Metaspace       used 6817K, capacity 7056K, committed 7424K, reserved 1056768K
  class space    used 828K, capacity 908K, committed 1024K, reserved 1048576K
Event: 1.487 GC heap after
Heap after GC invocations=1 (full 0):
 PSYoungGen      total 38400K, used 4198K [0x00000000e5f00000, 0x00000000e8980000, 0x0000000100000000)
  eden space 33280K, 0% used [0x00000000e5f00000,0x00000000e5f00000,0x00000000e7f80000)
  from space 5120K, 82% used [0x00000000e7f80000,0x00000000e83999e0,0x00000000e8480000)
  to   space 5120K, 0% used [0x00000000e8480000,0x00000000e8480000,0x00000000e8980000)
 ParOldGen       total 87552K, used 8K [0x00000000b1c00000, 0x00000000b7180000, 0x00000000e5f00000)
  object space 87552K, 0% used [0x00000000b1c00000,0x00000000b1c02000,0x00000000b7180000)
 Metaspace       used 6817K, capacity 7056K, committed 7424K, reserved 1056768K
  class space    used 828K, capacity 908K, committed 1024K, reserved 1048576K
}
Event: 2.065 GC heap before
{Heap before GC invocations=2 (full 0):
 PSYoungGen      total 38400K, used 37478K [0x00000000e5f00000, 0x00000000e8980000, 0x0000000100000000)
  eden space 33280K, 100% used [0x00000000e5f00000,0x00000000e7f80000,0x00000000e7f80000)
  from space 5120K, 82% used [0x00000000e7f80000,0x00000000e83999e0,0x00000000e8480000)
  to   space 5120K, 0% used [0x00000000e8480000,0x00000000e8480000,0x00000000e8980000)
 ParOldGen       total 87552K, used 8K [0x00000000b1c00000, 0x00000000b7180000, 0x00000000e5f00000)
  object space 87552K, 0% used [0x00000000b1c00000,0x00000000b1c02000,0x00000000b7180000)
 Metaspace       used 7061K, capacity 7368K, committed 7680K, reserved 1056768K
  class space    used 861K, capacity 948K, committed 1024K, reserved 1048576K
Event: 2.072 GC heap after
Heap after GC invocations=2 (full 0):
 PSYoungGen      total 38400K, used 3137K [0x00000000e5f00000, 0x00000000e8980000, 0x0000000100000000)
  eden space 33280K, 0% used [0x00000000e5f00000,0x00000000e5f00000,0x00000000e7f80000)
  from space 5120K, 61% used [0x00000000e8480000,0x00000000e8790510,0x00000000e8980000)
  to   space 5120K, 0% used [0x00000000e7f80000,0x00000000e7f80000,0x00000000e8480000)
 ParOldGen       total 87552K, used 16K [0x00000000b1c00000, 0x00000000b7180000, 0x00000000e5f00000)
  object space 87552K, 0% used [0x00000000b1c00000,0x00000000b1c04000,0x00000000b7180000)
 Metaspace       used 7061K, capacity 7368K, committed 7680K, reserved 1056768K
  class space    used 861K, capacity 948K, committed 1024K, reserved 1048576K
}
Event: 4.407 GC heap before
{Heap before GC invocations=3 (full 0):
 PSYoungGen      total 38400K, used 36417K [0x00000000e5f00000, 0x00000000e8980000, 0x0000000100000000)
  eden space 33280K, 100% used [0x00000000e5f00000,0x00000000e7f80000,0x00000000e7f80000)
  from space 5120K, 61% used [0x00000000e8480000,0x00000000e8790510,0x00000000e8980000)
  to   space 5120K, 0% used [0x00000000e7f80000,0x00000000e7f80000,0x00000000e8480000)
 ParOldGen       total 87552K, used 16K [0x00000000b1c00000, 0x00000000b7180000, 0x00000000e5f00000)
  object space 87552K, 0% used [0x00000000b1c00000,0x00000000b1c04000,0x00000000b7180000)
 Metaspace       used 12335K, capacity 12732K, committed 12800K, reserved 1060864K
  class space    used 1642K, capacity 1772K, committed 1792K, reserved 1048576K
Event: 4.419 GC heap after
Heap after GC invocations=3 (full 0):
 PSYoungGen      total 38400K, used 5120K [0x00000000e5f00000, 0x00000000e8980000, 0x0000000100000000)
  eden space 33280K, 0% used [0x00000000e5f00000,0x00000000e5f00000,0x00000000e7f80000)
  from space 5120K, 100% used [0x00000000e7f80000,0x00000000e8480000,0x00000000e8480000)
  to   space 5120K, 0% used [0x00000000e8480000,0x00000000e8480000,0x00000000e8980000)
 ParOldGen       total 87552K, used 1318K [0x00000000b1c00000, 0x00000000b7180000, 0x00000000e5f00000)
  object space 87552K, 1% used [0x00000000b1c00000,0x00000000b1d499a0,0x00000000b7180000)
 Metaspace       used 12335K, capacity 12732K, committed 12800K, reserved 1060864K
  class space    used 1642K, capacity 1772K, committed 1792K, reserved 1048576K
}
Event: 4.980 GC heap before
{Heap before GC invocations=4 (full 0):
 PSYoungGen      total 38400K, used 38400K [0x00000000e5f00000, 0x00000000e8980000, 0x0000000100000000)
  eden space 33280K, 100% used [0x00000000e5f00000,0x00000000e7f80000,0x00000000e7f80000)
  from space 5120K, 100% used [0x00000000e7f80000,0x00000000e8480000,0x00000000e8480000)
  to   space 5120K, 0% used [0x00000000e8480000,0x00000000e8480000,0x00000000e8980000)
 ParOldGen       total 87552K, used 1318K [0x00000000b1c00000, 0x00000000b7180000, 0x00000000e5f00000)
  object space 87552K, 1% used [0x00000000b1c00000,0x00000000b1d499a0,0x00000000b7180000)
 Metaspace       used 14688K, capacity 15108K, committed 15232K, reserved 1062912K
  class space    used 2044K, capacity 2160K, committed 2176K, reserved 1048576K
Event: 4.998 GC heap after
Heap after GC invocations=4 (full 0):
 PSYoungGen      total 38400K, used 5104K [0x00000000e5f00000, 0x00000000e8980000, 0x0000000100000000)
  eden space 33280K, 0% used [0x00000000e5f00000,0x00000000e5f00000,0x00000000e7f80000)
  from space 5120K, 99% used [0x00000000e8480000,0x00000000e897c030,0x00000000e8980000)
  to   space 5120K, 0% used [0x00000000e7f80000,0x00000000e7f80000,0x00000000e8480000)
 ParOldGen       total 87552K, used 3768K [0x00000000b1c00000, 0x00000000b7180000, 0x00000000e5f00000)
  object space 87552K, 4% used [0x00000000b1c00000,0x00000000b1fae248,0x00000000b7180000)
 Metaspace       used 14688K, capacity 15108K, committed 15232K, reserved 1062912K
  class space    used 2044K, capacity 2160K, committed 2176K, reserved 1048576K
}

Deoptimization events (10 events):
Event: 4.212 Thread 0x0000000018f86800 Uncommon trap: reason=unstable_if action=reinterpret pc=0x000000000293d1a8 method=java.util.concurrent.ConcurrentHashMap.putVal(Ljava/lang/Object;Ljava/lang/Object;Z)Ljava/lang/Object; @ 206
Event: 4.319 Thread 0x0000000018ed3800 Uncommon trap: reason=bimorphic action=maybe_recompile pc=0x00000000027efc90 method=java.util.HashMap.putVal(ILjava/lang/Object;Ljava/lang/Object;ZZ)Ljava/lang/Object; @ 253
Event: 4.319 Thread 0x0000000018ed3800 Uncommon trap: reason=bimorphic action=maybe_recompile pc=0x00000000027efc90 method=java.util.HashMap.putVal(ILjava/lang/Object;Ljava/lang/Object;ZZ)Ljava/lang/Object; @ 253
Event: 4.320 Thread 0x0000000018ed3800 Uncommon trap: reason=bimorphic action=maybe_recompile pc=0x00000000027efc90 method=java.util.HashMap.putVal(ILjava/lang/Object;Ljava/lang/Object;ZZ)Ljava/lang/Object; @ 253
Event: 4.696 Thread 0x0000000018ed3800 Uncommon trap: reason=class_check action=maybe_recompile pc=0x000000000281f258 method=java.util.regex.Matcher.match(II)Z @ 86
Event: 4.723 Thread 0x0000000018ed3800 Uncommon trap: reason=class_check action=maybe_recompile pc=0x000000000281f258 method=java.util.regex.Matcher.match(II)Z @ 86
Event: 4.724 Thread 0x0000000018ed3800 Uncommon trap: reason=class_check action=maybe_recompile pc=0x000000000281f258 method=java.util.regex.Matcher.match(II)Z @ 86
Event: 4.724 Thread 0x0000000018ed3800 Uncommon trap: reason=class_check action=maybe_recompile pc=0x00000000027d4ea0 method=java.util.regex.Matcher.match(II)Z @ 86
Event: 5.229 Thread 0x0000000018ed3800 Uncommon trap: reason=unstable_if action=reinterpret pc=0x00000000029feef4 method=java.lang.String.lastIndexOf([CII[CIII)I @ 66
Event: 5.396 Thread 0x0000000018ed3800 Uncommon trap: reason=unstable_if action=reinterpret pc=0x00000000029fdf5c method=java.util.HashMap.putVal(ILjava/lang/Object;Ljava/lang/Object;ZZ)Ljava/lang/Object; @ 236

Classes redefined (0 events):
No events

Internal exceptions (10 events):
Event: 4.237 Thread 0x0000000018f86800 Exception <a 'java/lang/NoSuchMethodError': <clinit>> (0x00000000e7a0a0b8) thrown at [C:\src\AOSP-openjdk-git\hotspot\src\share\vm\prims\jni.cpp, line 1615]
Event: 4.239 Thread 0x0000000018f86800 Exception <a 'java/lang/NoSuchMethodError': <clinit>> (0x00000000e7a12c58) thrown at [C:\src\AOSP-openjdk-git\hotspot\src\share\vm\prims\jni.cpp, line 1615]
Event: 4.243 Thread 0x0000000018f86800 Exception <a 'java/lang/NoSuchMethodError': <clinit>> (0x00000000e7a28e68) thrown at [C:\src\AOSP-openjdk-git\hotspot\src\share\vm\prims\jni.cpp, line 1615]
Event: 4.260 Thread 0x0000000018f86800 Exception <a 'java/lang/NoSuchMethodError': <clinit>> (0x00000000e7a831e0) thrown at [C:\src\AOSP-openjdk-git\hotspot\src\share\vm\prims\jni.cpp, line 1615]
Event: 4.267 Thread 0x0000000018f86800 Exception <a 'java/lang/NoSuchMethodError': <clinit>> (0x00000000e7aaf590) thrown at [C:\src\AOSP-openjdk-git\hotspot\src\share\vm\prims\jni.cpp, line 1615]
Event: 4.275 Thread 0x0000000018f86800 Exception <a 'java/lang/NoSuchMethodError': <clinit>> (0x00000000e7adc730) thrown at [C:\src\AOSP-openjdk-git\hotspot\src\share\vm\prims\jni.cpp, line 1615]
Event: 4.276 Thread 0x0000000018f86800 Exception <a 'java/lang/NoSuchMethodError': <clinit>> (0x00000000e7ae77b8) thrown at [C:\src\AOSP-openjdk-git\hotspot\src\share\vm\prims\jni.cpp, line 1615]
Event: 5.168 Thread 0x0000000018ed3800 Exception <a 'java/lang/NoSuchMethodError': java.lang.Object.lambda$and$0(Ljava/util/function/Predicate;Ljava/lang/Object;)Z> (0x00000000e68099c0) thrown at [C:\src\AOSP-openjdk-git\hotspot\src\share\vm\interpreter\linkResolver.cpp, line 620]
Event: 5.184 Thread 0x0000000018ed3800 Exception <a 'java/lang/IncompatibleClassChangeError': Found class java.lang.Object, but interface was expected> (0x00000000e681fca8) thrown at [C:\src\AOSP-openjdk-git\hotspot\src\share\vm\interpreter\linkResolver.cpp, line 653]
Event: 5.188 Thread 0x0000000018ed3800 Exception <a 'java/lang/NoSuchMethodError': java.lang.Object.lambda$or$2(Ljava/util/function/Predicate;Ljava/lang/Object;)Z> (0x00000000e6824bc8) thrown at [C:\src\AOSP-openjdk-git\hotspot\src\share\vm\interpreter\linkResolver.cpp, line 620]

Events (10 events):
Event: 5.395 loading class java/beans/FeatureDescriptor
Event: 5.395 loading class java/beans/FeatureDescriptor done
Event: 5.395 loading class java/beans/EventSetDescriptor done
Event: 5.395 loading class org/gradle/internal/reflect/MutablePropertyDetails
Event: 5.395 loading class org/gradle/internal/reflect/MutablePropertyDetails done
Event: 5.396 Thread 0x0000000018ed3800 Uncommon trap: trap_request=0xffffff65 fr.pc=0x00000000029fdf5c
Event: 5.397 Thread 0x0000000018ed3800 DEOPT PACKING pc=0x00000000029fdf5c sp=0x000000001aaeb380
Event: 5.397 Thread 0x0000000018ed3800 DEOPT UNPACKING pc=0x000000000259557b sp=0x000000001aaeb320 mode 2
Event: 5.397 loading class org/gradle/internal/instantiation/AbstractClassGenerator$ClassMetadata
Event: 5.397 loading class org/gradle/internal/instantiation/AbstractClassGenerator$ClassMetadata done


Dynamic libraries:
0x00007ff6580b0000 - 0x00007ff6580e1000 	C:\Program Files\Android\Android Studio\jre\bin\java.exe
0x00007ffd4f490000 - 0x00007ffd4f685000 	C:\WINDOWS\SYSTEM32\ntdll.dll
0x00007ffd4d4f0000 - 0x00007ffd4d5ad000 	C:\WINDOWS\System32\KERNEL32.DLL
0x00007ffd4cf10000 - 0x00007ffd4d1d9000 	C:\WINDOWS\System32\KERNELBASE.dll
0x00007ffd4e760000 - 0x00007ffd4e80c000 	C:\WINDOWS\System32\ADVAPI32.dll
0x00007ffd4d750000 - 0x00007ffd4d7ee000 	C:\WINDOWS\System32\msvcrt.dll
0x00007ffd4ed80000 - 0x00007ffd4ee1c000 	C:\WINDOWS\System32\sechost.dll
0x00007ffd4d9d0000 - 0x00007ffd4dafb000 	C:\WINDOWS\System32\RPCRT4.dll
0x00007ffd4db00000 - 0x00007ffd4dca0000 	C:\WINDOWS\System32\USER32.dll
0x00007ffd4ccd0000 - 0x00007ffd4ccf2000 	C:\WINDOWS\System32\win32u.dll
0x00007ffd4eca0000 - 0x00007ffd4ecca000 	C:\WINDOWS\System32\GDI32.dll
0x00007ffd4cd80000 - 0x00007ffd4ce8b000 	C:\WINDOWS\System32\gdi32full.dll
0x00007ffd4d3a0000 - 0x00007ffd4d43d000 	C:\WINDOWS\System32\msvcp_win.dll
0x00007ffd4cbd0000 - 0x00007ffd4ccd0000 	C:\WINDOWS\System32\ucrtbase.dll
0x00007ffd40cf0000 - 0x00007ffd40f8a000 	C:\WINDOWS\WinSxS\amd64_microsoft.windows.common-controls_6595b64144ccf1df_6.0.19041.844_none_ca00b6081b84eb1d\COMCTL32.dll
0x00007ffd4eb40000 - 0x00007ffd4eb70000 	C:\WINDOWS\System32\IMM32.DLL
0x0000000053fb0000 - 0x0000000054082000 	C:\Program Files\Android\Android Studio\jre\jre\bin\msvcr100.dll
0x00000000530c0000 - 0x000000005390b000 	C:\Program Files\Android\Android Studio\jre\jre\bin\server\jvm.dll
0x00007ffd4f440000 - 0x00007ffd4f448000 	C:\WINDOWS\System32\PSAPI.DLL
0x00007ffd43430000 - 0x00007ffd4343a000 	C:\WINDOWS\SYSTEM32\VERSION.dll
0x00007ffd45070000 - 0x00007ffd45097000 	C:\WINDOWS\SYSTEM32\WINMM.dll
0x00007ffd49a80000 - 0x00007ffd49a89000 	C:\WINDOWS\SYSTEM32\WSOCK32.dll
0x00007ffd4ee20000 - 0x00007ffd4ee8b000 	C:\WINDOWS\System32\WS2_32.dll
0x00007ffd49420000 - 0x00007ffd4942f000 	C:\Program Files\Android\Android Studio\jre\jre\bin\verify.dll
0x00007ffd46ec0000 - 0x00007ffd46ee9000 	C:\Program Files\Android\Android Studio\jre\jre\bin\java.dll
0x00007ffd446f0000 - 0x00007ffd44706000 	C:\Program Files\Android\Android Studio\jre\jre\bin\zip.dll
0x00007ffd4e010000 - 0x00007ffd4e752000 	C:\WINDOWS\System32\SHELL32.dll
0x00007ffd4aae0000 - 0x00007ffd4b270000 	C:\WINDOWS\SYSTEM32\windows.storage.dll
0x00007ffd4dca0000 - 0x00007ffd4dff5000 	C:\WINDOWS\System32\combase.dll
0x00007ffd4c570000 - 0x00007ffd4c59c000 	C:\WINDOWS\SYSTEM32\Wldp.dll
0x00007ffd4e9d0000 - 0x00007ffd4ea7e000 	C:\WINDOWS\System32\SHCORE.dll
0x00007ffd4ef70000 - 0x00007ffd4efc5000 	C:\WINDOWS\System32\shlwapi.dll
0x00007ffd4cb10000 - 0x00007ffd4cb2f000 	C:\WINDOWS\SYSTEM32\profapi.dll
0x00007ffd410e0000 - 0x00007ffd410fa000 	C:\Program Files\Android\Android Studio\jre\jre\bin\net.dll
0x00007ffd4c2f0000 - 0x00007ffd4c35a000 	C:\WINDOWS\system32\mswsock.dll
0x00007ffd410a0000 - 0x00007ffd410b3000 	C:\Program Files\Android\Android Studio\jre\jre\bin\nio.dll
0x00007ffd45c40000 - 0x00007ffd45c66000 	C:\Users\Admin\.gradle\native\30\windows-amd64\native-platform.dll
0x00007ffd49410000 - 0x00007ffd4941d000 	C:\Program Files\Android\Android Studio\jre\jre\bin\management.dll
0x00007ffd4c4c0000 - 0x00007ffd4c4d8000 	C:\WINDOWS\SYSTEM32\CRYPTSP.dll
0x00007ffd4bc90000 - 0x00007ffd4bcc4000 	C:\WINDOWS\system32\rsaenh.dll
0x00007ffd4cd00000 - 0x00007ffd4cd27000 	C:\WINDOWS\System32\bcrypt.dll
0x00007ffd4cad0000 - 0x00007ffd4cafe000 	C:\WINDOWS\SYSTEM32\USERENV.dll
0x00007ffd4ce90000 - 0x00007ffd4cf10000 	C:\WINDOWS\System32\bcryptprimitives.dll
0x00007ffd4c4e0000 - 0x00007ffd4c4ec000 	C:\WINDOWS\SYSTEM32\CRYPTBASE.dll
0x00007ffd4bfe0000 - 0x00007ffd4c01b000 	C:\WINDOWS\SYSTEM32\IPHLPAPI.DLL
0x00007ffd4e810000 - 0x00007ffd4e818000 	C:\WINDOWS\System32\NSI.dll
0x00007ffd45d70000 - 0x00007ffd45d87000 	C:\WINDOWS\SYSTEM32\dhcpcsvc6.DLL
0x00007ffd46400000 - 0x00007ffd4641d000 	C:\WINDOWS\SYSTEM32\dhcpcsvc.DLL
0x00007ffd4c020000 - 0x00007ffd4c0eb000 	C:\WINDOWS\SYSTEM32\DNSAPI.dll

VM Arguments:
jvm_args: -Xmx1252m -Dfile.encoding=windows-1252 -Duser.country=US -Duser.language=en -Duser.variant 
java_command: org.gradle.launcher.daemon.bootstrap.GradleDaemon 5.6.4
java_class_path (initial): C:\Users\Admin\.gradle\wrapper\dists\gradle-5.6.4-all\ankdp27end7byghfw1q2sw75f\gradle-5.6.4\lib\gradle-launcher-5.6.4.jar
Launcher Type: SUN_STANDARD

Environment Variables:
PATH=C:\Program Files (x86)\Common Files\Oracle\Java\javapath;C:\WINDOWS\system32;C:\WINDOWS;C:\WINDOWS\System32\Wbem;C:\WINDOWS\System32\WindowsPowerShell\v1.0\;C:\WINDOWS\System32\OpenSSH\;C:\Program Files\Git\cmd;C:\Users\Admin\AppData\Local\Microsoft\WindowsApps;
USERNAME=Admin
OS=Windows_NT
PROCESSOR_IDENTIFIER=Intel64 Family 6 Model 61 Stepping 4, GenuineIntel



---------------  S Y S T E M  ---------------

OS: Windows 10.0 , 64 bit Build 19041 (10.0.19041.804)

CPU:total 4 (initial active 4) (2 cores per cpu, 2 threads per core) family 6 model 61 stepping 4, cmov, cx8, fxsr, mmx, sse, sse2, sse3, ssse3, sse4.1, sse4.2, popcnt, avx, avx2, aes, clmul, erms, 3dnowpref, lzcnt, ht, tsc, tscinvbit, bmi1, bmi2, adx

Memory: 4k page, physical 8307376k(1216232k free), swap 18731436k(5140k free)

vm_info: OpenJDK 64-Bit Server VM (25.242-b01) for windows-amd64 JRE (1.8.0_242-release-1644-b01), built by "builder" with MS VC++ 10.0 (VS2010)

time: Thu May 06 11:23:41 2021
timezone: India Standard Time
elapsed time: 5 seconds (0d 0h 0m 5s)

